[0.032s] Invoking command in '/home/ubuntu/ros2_ws/build/examples_rclcpp_minimal_timer': CMAKE_PREFIX_PATH=${CMAKE_PREFIX_PATH}:/opt/ros/foxy /usr/bin/cmake /home/ubuntu/ros2_ws/src/examples/rclcpp/timers/minimal_timer -DAMENT_CMAKE_SYMLINK_INSTALL=1 -DCMAKE_INSTALL_PREFIX=/home/ubuntu/ros2_ws/install/examples_rclcpp_minimal_timer
[0.228s] -- The C compiler identification is GNU 9.4.0
[0.384s] -- The CXX compiler identification is GNU 9.4.0
[0.398s] -- Check for working C compiler: /usr/bin/cc
[0.650s] -- Check for working C compiler: /usr/bin/cc -- works
[0.651s] -- Detecting C compiler ABI info
[0.890s] -- Detecting C compiler ABI info - done
[0.919s] -- Detecting C compile features
[0.920s] -- Detecting C compile features - done
[0.923s] -- Check for working CXX compiler: /usr/bin/c++
[1.206s] -- Check for working CXX compiler: /usr/bin/c++ -- works
[1.206s] -- Detecting CXX compiler ABI info
[1.508s] -- Detecting CXX compiler ABI info - done
[1.536s] -- Detecting CXX compile features
[1.537s] -- Detecting CXX compile features - done
[1.548s] -- Found ament_cmake: 0.9.9 (/opt/ros/foxy/share/ament_cmake/cmake)
[1.608s] -- Found PythonInterp: /usr/bin/python3 (found suitable version "3.8.10", minimum required is "3") 
[1.610s] -- Using PYTHON_EXECUTABLE: /usr/bin/python3
[2.022s] -- Override CMake install command with custom implementation using symlinks instead of copying resources
[2.072s] -- Found rclcpp: 2.4.1 (/opt/ros/foxy/share/rclcpp/cmake)
[2.198s] -- Using all available rosidl_typesupport_c: rosidl_typesupport_fastrtps_c;rosidl_typesupport_introspection_c
[2.215s] -- Found rosidl_adapter: 1.2.1 (/opt/ros/foxy/share/rosidl_adapter/cmake)
[2.479s] -- Found OpenSSL: /usr/lib/x86_64-linux-gnu/libcrypto.so (found version "1.1.1f")  
[2.550s] -- Found FastRTPS: /opt/ros/foxy/include  
[2.665s] -- Using all available rosidl_typesupport_cpp: rosidl_typesupport_fastrtps_cpp;rosidl_typesupport_introspection_cpp
[2.778s] -- Found rmw_implementation_cmake: 1.0.3 (/opt/ros/foxy/share/rmw_implementation_cmake/cmake)
[2.781s] -- Using RMW implementation 'rmw_fastrtps_cpp' as default
[2.782s] -- Looking for pthread.h
[3.031s] -- Looking for pthread.h - found
[3.032s] -- Performing Test CMAKE_HAVE_LIBC_PTHREAD
[3.191s] -- Performing Test CMAKE_HAVE_LIBC_PTHREAD - Failed
[3.192s] -- Looking for pthread_create in pthreads
[3.410s] -- Looking for pthread_create in pthreads - not found
[3.410s] -- Looking for pthread_create in pthread
[3.652s] -- Looking for pthread_create in pthread - found
[3.654s] -- Found Threads: TRUE  
[3.981s] -- Found ament_lint_auto: 0.9.6 (/opt/ros/foxy/share/ament_lint_auto/cmake)
[4.137s] -- Added test 'copyright' to check source files copyright and LICENSE
[4.138s] -- Added test 'cppcheck' to perform static code analysis on C / C++ code
[4.138s] -- Configured cppcheck include dirs: 
[4.139s] -- Configured cppcheck exclude dirs and/or files: 
[4.139s] -- Added test 'cpplint' to check C / C++ code against the Google style
[4.139s] -- Configured cpplint exclude dirs and/or files: 
[4.140s] -- Added test 'lint_cmake' to check CMake code style
[4.141s] -- Added test 'uncrustify' to check C / C++ code style
[4.141s] -- Configured uncrustify additional arguments: 
[4.142s] -- Added test 'xmllint' to check XML markup files
[4.154s] -- Configuring done
[4.178s] -- Generating done
[4.180s] -- Build files have been written to: /home/ubuntu/ros2_ws/build/examples_rclcpp_minimal_timer
[4.193s] Invoked command in '/home/ubuntu/ros2_ws/build/examples_rclcpp_minimal_timer' returned '0': CMAKE_PREFIX_PATH=${CMAKE_PREFIX_PATH}:/opt/ros/foxy /usr/bin/cmake /home/ubuntu/ros2_ws/src/examples/rclcpp/timers/minimal_timer -DAMENT_CMAKE_SYMLINK_INSTALL=1 -DCMAKE_INSTALL_PREFIX=/home/ubuntu/ros2_ws/install/examples_rclcpp_minimal_timer
[4.195s] Invoking command in '/home/ubuntu/ros2_ws/build/examples_rclcpp_minimal_timer': CMAKE_PREFIX_PATH=${CMAKE_PREFIX_PATH}:/opt/ros/foxy /usr/bin/cmake --build /home/ubuntu/ros2_ws/build/examples_rclcpp_minimal_timer -- -j2 -l2
[4.337s] [35m[1mScanning dependencies of target timer_member_function[0m
[4.340s] [35m[1mScanning dependencies of target timer_lambda[0m
[4.440s] [ 25%] [32mBuilding CXX object CMakeFiles/timer_member_function.dir/member_function.cpp.o[0m
[4.452s] [ 50%] [32mBuilding CXX object CMakeFiles/timer_lambda.dir/lambda.cpp.o[0m
[9.249s] [ 75%] [32m[1mLinking CXX executable timer_lambda[0m
[9.283s] [100%] [32m[1mLinking CXX executable timer_member_function[0m
[9.509s] [100%] Built target timer_lambda
[9.557s] [100%] Built target timer_member_function
[9.573s] Invoked command in '/home/ubuntu/ros2_ws/build/examples_rclcpp_minimal_timer' returned '0': CMAKE_PREFIX_PATH=${CMAKE_PREFIX_PATH}:/opt/ros/foxy /usr/bin/cmake --build /home/ubuntu/ros2_ws/build/examples_rclcpp_minimal_timer -- -j2 -l2
[9.608s] Invoking command in '/home/ubuntu/ros2_ws/build/examples_rclcpp_minimal_timer': CMAKE_PREFIX_PATH=${CMAKE_PREFIX_PATH}:/opt/ros/foxy /usr/bin/cmake --install /home/ubuntu/ros2_ws/build/examples_rclcpp_minimal_timer
[9.621s] -- Install configuration: ""
[9.622s] -- Execute custom install script
[9.623s] -- Symlinking: /home/ubuntu/ros2_ws/install/examples_rclcpp_minimal_timer/lib/examples_rclcpp_minimal_timer/timer_lambda
[9.635s] -- Symlinking: /home/ubuntu/ros2_ws/install/examples_rclcpp_minimal_timer/lib/examples_rclcpp_minimal_timer/timer_member_function
[9.646s] -- Symlinking: /home/ubuntu/ros2_ws/install/examples_rclcpp_minimal_timer/share/ament_index/resource_index/package_run_dependencies/examples_rclcpp_minimal_timer
[9.657s] -- Symlinking: /home/ubuntu/ros2_ws/install/examples_rclcpp_minimal_timer/share/ament_index/resource_index/parent_prefix_path/examples_rclcpp_minimal_timer
[9.668s] -- Symlinking: /home/ubuntu/ros2_ws/install/examples_rclcpp_minimal_timer/share/examples_rclcpp_minimal_timer/environment/ament_prefix_path.sh
[9.679s] -- Symlinking: /home/ubuntu/ros2_ws/install/examples_rclcpp_minimal_timer/share/examples_rclcpp_minimal_timer/environment/ament_prefix_path.dsv
[9.691s] -- Symlinking: /home/ubuntu/ros2_ws/install/examples_rclcpp_minimal_timer/share/examples_rclcpp_minimal_timer/environment/path.sh
[9.702s] -- Symlinking: /home/ubuntu/ros2_ws/install/examples_rclcpp_minimal_timer/share/examples_rclcpp_minimal_timer/environment/path.dsv
[9.715s] -- Symlinking: /home/ubuntu/ros2_ws/install/examples_rclcpp_minimal_timer/share/examples_rclcpp_minimal_timer/local_setup.bash
[9.726s] -- Symlinking: /home/ubuntu/ros2_ws/install/examples_rclcpp_minimal_timer/share/examples_rclcpp_minimal_timer/local_setup.sh
[9.738s] -- Symlinking: /home/ubuntu/ros2_ws/install/examples_rclcpp_minimal_timer/share/examples_rclcpp_minimal_timer/local_setup.zsh
[9.749s] -- Symlinking: /home/ubuntu/ros2_ws/install/examples_rclcpp_minimal_timer/share/examples_rclcpp_minimal_timer/local_setup.dsv
[9.760s] -- Symlinking: /home/ubuntu/ros2_ws/install/examples_rclcpp_minimal_timer/share/examples_rclcpp_minimal_timer/package.dsv
[9.772s] -- Symlinking: /home/ubuntu/ros2_ws/install/examples_rclcpp_minimal_timer/share/ament_index/resource_index/packages/examples_rclcpp_minimal_timer
[9.782s] -- Symlinking: /home/ubuntu/ros2_ws/install/examples_rclcpp_minimal_timer/share/examples_rclcpp_minimal_timer/cmake/examples_rclcpp_minimal_timerConfig.cmake
[9.793s] -- Symlinking: /home/ubuntu/ros2_ws/install/examples_rclcpp_minimal_timer/share/examples_rclcpp_minimal_timer/cmake/examples_rclcpp_minimal_timerConfig-version.cmake
[9.804s] -- Symlinking: /home/ubuntu/ros2_ws/install/examples_rclcpp_minimal_timer/share/examples_rclcpp_minimal_timer/package.xml
[9.821s] Invoked command in '/home/ubuntu/ros2_ws/build/examples_rclcpp_minimal_timer' returned '0': CMAKE_PREFIX_PATH=${CMAKE_PREFIX_PATH}:/opt/ros/foxy /usr/bin/cmake --install /home/ubuntu/ros2_ws/build/examples_rclcpp_minimal_timer
