[0.040s] Invoking command in '/home/ubuntu/ros2_ws/src/build/examples_rclcpp_minimal_client': CMAKE_PREFIX_PATH=${CMAKE_PREFIX_PATH}:/home/ubuntu/ros2_ws/install/examples_rclpy_minimal_subscriber:/home/ubuntu/ros2_ws/install/examples_rclpy_minimal_service:/home/ubuntu/ros2_ws/install/examples_rclpy_minimal_publisher:/home/ubuntu/ros2_ws/install/examples_rclpy_minimal_client:/home/ubuntu/ros2_ws/install/examples_rclpy_minimal_action_server:/home/ubuntu/ros2_ws/install/examples_rclpy_minimal_action_client:/home/ubuntu/ros2_ws/install/examples_rclpy_executors:/opt/ros/foxy /usr/bin/cmake /home/ubuntu/ros2_ws/src/examples/rclcpp/services/minimal_client -DCMAKE_INSTALL_PREFIX=/home/ubuntu/ros2_ws/src/install/examples_rclcpp_minimal_client
[0.064s] -- Found ament_cmake: 0.9.9 (/opt/ros/foxy/share/ament_cmake/cmake)
[0.113s] -- Using PYTHON_EXECUTABLE: /usr/bin/python3
[0.377s] -- Override CMake install command with custom implementation using symlinks instead of copying resources
[0.387s] -- Found example_interfaces: 0.9.1 (/opt/ros/foxy/share/example_interfaces/cmake)
[0.416s] -- Using all available rosidl_typesupport_c: rosidl_typesupport_fastrtps_c;rosidl_typesupport_introspection_c
[0.420s] -- Found rosidl_adapter: 1.2.1 (/opt/ros/foxy/share/rosidl_adapter/cmake)
[0.581s] -- Using all available rosidl_typesupport_cpp: rosidl_typesupport_fastrtps_cpp;rosidl_typesupport_introspection_cpp
[0.749s] -- Found rclcpp: 2.4.1 (/opt/ros/foxy/share/rclcpp/cmake)
[0.796s] -- Found rmw_implementation_cmake: 1.0.3 (/opt/ros/foxy/share/rmw_implementation_cmake/cmake)
[0.799s] -- Using RMW implementation 'rmw_fastrtps_cpp' as default
[0.993s] -- Found ament_lint_auto: 0.9.6 (/opt/ros/foxy/share/ament_lint_auto/cmake)
[1.093s] -- Added test 'copyright' to check source files copyright and LICENSE
[1.093s] -- Added test 'cppcheck' to perform static code analysis on C / C++ code
[1.094s] -- Configured cppcheck include dirs: 
[1.094s] -- Configured cppcheck exclude dirs and/or files: 
[1.094s] -- Added test 'cpplint' to check C / C++ code against the Google style
[1.094s] -- Configured cpplint exclude dirs and/or files: 
[1.095s] -- Added test 'lint_cmake' to check CMake code style
[1.096s] -- Added test 'uncrustify' to check C / C++ code style
[1.096s] -- Configured uncrustify additional arguments: 
[1.096s] -- Added test 'xmllint' to check XML markup files
[1.100s] -- Configuring done
[1.111s] -- Generating done
[1.114s] -- Build files have been written to: /home/ubuntu/ros2_ws/src/build/examples_rclcpp_minimal_client
[1.126s] Invoked command in '/home/ubuntu/ros2_ws/src/build/examples_rclcpp_minimal_client' returned '0': CMAKE_PREFIX_PATH=${CMAKE_PREFIX_PATH}:/home/ubuntu/ros2_ws/install/examples_rclpy_minimal_subscriber:/home/ubuntu/ros2_ws/install/examples_rclpy_minimal_service:/home/ubuntu/ros2_ws/install/examples_rclpy_minimal_publisher:/home/ubuntu/ros2_ws/install/examples_rclpy_minimal_client:/home/ubuntu/ros2_ws/install/examples_rclpy_minimal_action_server:/home/ubuntu/ros2_ws/install/examples_rclpy_minimal_action_client:/home/ubuntu/ros2_ws/install/examples_rclpy_executors:/opt/ros/foxy /usr/bin/cmake /home/ubuntu/ros2_ws/src/examples/rclcpp/services/minimal_client -DCMAKE_INSTALL_PREFIX=/home/ubuntu/ros2_ws/src/install/examples_rclcpp_minimal_client
[1.127s] Invoking command in '/home/ubuntu/ros2_ws/src/build/examples_rclcpp_minimal_client': CMAKE_PREFIX_PATH=${CMAKE_PREFIX_PATH}:/home/ubuntu/ros2_ws/install/examples_rclpy_minimal_subscriber:/home/ubuntu/ros2_ws/install/examples_rclpy_minimal_service:/home/ubuntu/ros2_ws/install/examples_rclpy_minimal_publisher:/home/ubuntu/ros2_ws/install/examples_rclpy_minimal_client:/home/ubuntu/ros2_ws/install/examples_rclpy_minimal_action_server:/home/ubuntu/ros2_ws/install/examples_rclpy_minimal_action_client:/home/ubuntu/ros2_ws/install/examples_rclpy_executors:/opt/ros/foxy /usr/bin/cmake --build /home/ubuntu/ros2_ws/src/build/examples_rclcpp_minimal_client -- -j2 -l2
[1.217s] [100%] Built target client_main
[1.240s] Invoked command in '/home/ubuntu/ros2_ws/src/build/examples_rclcpp_minimal_client' returned '0': CMAKE_PREFIX_PATH=${CMAKE_PREFIX_PATH}:/home/ubuntu/ros2_ws/install/examples_rclpy_minimal_subscriber:/home/ubuntu/ros2_ws/install/examples_rclpy_minimal_service:/home/ubuntu/ros2_ws/install/examples_rclpy_minimal_publisher:/home/ubuntu/ros2_ws/install/examples_rclpy_minimal_client:/home/ubuntu/ros2_ws/install/examples_rclpy_minimal_action_server:/home/ubuntu/ros2_ws/install/examples_rclpy_minimal_action_client:/home/ubuntu/ros2_ws/install/examples_rclpy_executors:/opt/ros/foxy /usr/bin/cmake --build /home/ubuntu/ros2_ws/src/build/examples_rclcpp_minimal_client -- -j2 -l2
[1.274s] Invoking command in '/home/ubuntu/ros2_ws/src/build/examples_rclcpp_minimal_client': CMAKE_PREFIX_PATH=${CMAKE_PREFIX_PATH}:/home/ubuntu/ros2_ws/install/examples_rclpy_minimal_subscriber:/home/ubuntu/ros2_ws/install/examples_rclpy_minimal_service:/home/ubuntu/ros2_ws/install/examples_rclpy_minimal_publisher:/home/ubuntu/ros2_ws/install/examples_rclpy_minimal_client:/home/ubuntu/ros2_ws/install/examples_rclpy_minimal_action_server:/home/ubuntu/ros2_ws/install/examples_rclpy_minimal_action_client:/home/ubuntu/ros2_ws/install/examples_rclpy_executors:/opt/ros/foxy /usr/bin/cmake --install /home/ubuntu/ros2_ws/src/build/examples_rclcpp_minimal_client
[1.287s] -- Install configuration: ""
[1.288s] -- Execute custom install script
[1.289s] -- Up-to-date symlink: /home/ubuntu/ros2_ws/src/install/examples_rclcpp_minimal_client/lib/examples_rclcpp_minimal_client/client_main
[1.290s] -- Up-to-date symlink: /home/ubuntu/ros2_ws/src/install/examples_rclcpp_minimal_client/share/ament_index/resource_index/package_run_dependencies/examples_rclcpp_minimal_client
[1.290s] -- Up-to-date symlink: /home/ubuntu/ros2_ws/src/install/examples_rclcpp_minimal_client/share/ament_index/resource_index/parent_prefix_path/examples_rclcpp_minimal_client
[1.291s] -- Up-to-date symlink: /home/ubuntu/ros2_ws/src/install/examples_rclcpp_minimal_client/share/examples_rclcpp_minimal_client/environment/ament_prefix_path.sh
[1.292s] -- Up-to-date symlink: /home/ubuntu/ros2_ws/src/install/examples_rclcpp_minimal_client/share/examples_rclcpp_minimal_client/environment/ament_prefix_path.dsv
[1.293s] -- Up-to-date symlink: /home/ubuntu/ros2_ws/src/install/examples_rclcpp_minimal_client/share/examples_rclcpp_minimal_client/environment/path.sh
[1.294s] -- Up-to-date symlink: /home/ubuntu/ros2_ws/src/install/examples_rclcpp_minimal_client/share/examples_rclcpp_minimal_client/environment/path.dsv
[1.294s] -- Up-to-date symlink: /home/ubuntu/ros2_ws/src/install/examples_rclcpp_minimal_client/share/examples_rclcpp_minimal_client/local_setup.bash
[1.295s] -- Up-to-date symlink: /home/ubuntu/ros2_ws/src/install/examples_rclcpp_minimal_client/share/examples_rclcpp_minimal_client/local_setup.sh
[1.296s] -- Up-to-date symlink: /home/ubuntu/ros2_ws/src/install/examples_rclcpp_minimal_client/share/examples_rclcpp_minimal_client/local_setup.zsh
[1.297s] -- Up-to-date symlink: /home/ubuntu/ros2_ws/src/install/examples_rclcpp_minimal_client/share/examples_rclcpp_minimal_client/local_setup.dsv
[1.298s] -- Symlinking: /home/ubuntu/ros2_ws/src/install/examples_rclcpp_minimal_client/share/examples_rclcpp_minimal_client/package.dsv
[1.310s] -- Up-to-date symlink: /home/ubuntu/ros2_ws/src/install/examples_rclcpp_minimal_client/share/ament_index/resource_index/packages/examples_rclcpp_minimal_client
[1.310s] -- Up-to-date symlink: /home/ubuntu/ros2_ws/src/install/examples_rclcpp_minimal_client/share/examples_rclcpp_minimal_client/cmake/examples_rclcpp_minimal_clientConfig.cmake
[1.311s] -- Up-to-date symlink: /home/ubuntu/ros2_ws/src/install/examples_rclcpp_minimal_client/share/examples_rclcpp_minimal_client/cmake/examples_rclcpp_minimal_clientConfig-version.cmake
[1.312s] -- Up-to-date symlink: /home/ubuntu/ros2_ws/src/install/examples_rclcpp_minimal_client/share/examples_rclcpp_minimal_client/package.xml
[1.320s] Invoked command in '/home/ubuntu/ros2_ws/src/build/examples_rclcpp_minimal_client' returned '0': CMAKE_PREFIX_PATH=${CMAKE_PREFIX_PATH}:/home/ubuntu/ros2_ws/install/examples_rclpy_minimal_subscriber:/home/ubuntu/ros2_ws/install/examples_rclpy_minimal_service:/home/ubuntu/ros2_ws/install/examples_rclpy_minimal_publisher:/home/ubuntu/ros2_ws/install/examples_rclpy_minimal_client:/home/ubuntu/ros2_ws/install/examples_rclpy_minimal_action_server:/home/ubuntu/ros2_ws/install/examples_rclpy_minimal_action_client:/home/ubuntu/ros2_ws/install/examples_rclpy_executors:/opt/ros/foxy /usr/bin/cmake --install /home/ubuntu/ros2_ws/src/build/examples_rclcpp_minimal_client
