[0.037s] Invoking command in '/home/ubuntu/ros2_ws/build/examples_rclcpp_minimal_action_client': CMAKE_PREFIX_PATH=${CMAKE_PREFIX_PATH}:/opt/ros/foxy /usr/bin/cmake /home/ubuntu/ros2_ws/src/examples/rclcpp/actions/minimal_action_client -DAMENT_CMAKE_SYMLINK_INSTALL=1 -DCMAKE_INSTALL_PREFIX=/home/ubuntu/ros2_ws/install/examples_rclcpp_minimal_action_client
[0.365s] -- The C compiler identification is GNU 9.4.0
[0.443s] -- The CXX compiler identification is GNU 9.4.0
[0.457s] -- Check for working C compiler: /usr/bin/cc
[0.547s] -- Check for working C compiler: /usr/bin/cc -- works
[0.552s] -- Detecting C compiler ABI info
[0.642s] -- Detecting C compiler ABI info - done
[0.655s] -- Detecting C compile features
[0.656s] -- Detecting C compile features - done
[0.667s] -- Check for working CXX compiler: /usr/bin/c++
[0.770s] -- Check for working CXX compiler: /usr/bin/c++ -- works
[0.770s] -- Detecting CXX compiler ABI info
[0.866s] -- Detecting CXX compiler ABI info - done
[0.881s] -- Detecting CXX compile features
[0.882s] -- Detecting CXX compile features - done
[0.896s] -- Found ament_cmake: 0.9.9 (/opt/ros/foxy/share/ament_cmake/cmake)
[0.961s] -- Found PythonInterp: /usr/bin/python3 (found suitable version "3.8.10", minimum required is "3") 
[0.962s] -- Using PYTHON_EXECUTABLE: /usr/bin/python3
[1.230s] -- Override CMake install command with custom implementation using symlinks instead of copying resources
[1.281s] -- Found example_interfaces: 0.9.1 (/opt/ros/foxy/share/example_interfaces/cmake)
[1.343s] -- Using all available rosidl_typesupport_c: rosidl_typesupport_fastrtps_c;rosidl_typesupport_introspection_c
[1.358s] -- Found rosidl_adapter: 1.2.1 (/opt/ros/foxy/share/rosidl_adapter/cmake)
[1.498s] -- Found OpenSSL: /usr/lib/x86_64-linux-gnu/libcrypto.so (found version "1.1.1f")  
[1.536s] -- Found FastRTPS: /opt/ros/foxy/include  
[1.665s] -- Using all available rosidl_typesupport_cpp: rosidl_typesupport_fastrtps_cpp;rosidl_typesupport_introspection_cpp
[1.901s] -- Found rclcpp: 2.4.1 (/opt/ros/foxy/share/rclcpp/cmake)
[2.006s] -- Found rmw_implementation_cmake: 1.0.3 (/opt/ros/foxy/share/rmw_implementation_cmake/cmake)
[2.011s] -- Using RMW implementation 'rmw_fastrtps_cpp' as default
[2.015s] -- Looking for pthread.h
[2.110s] -- Looking for pthread.h - found
[2.111s] -- Performing Test CMAKE_HAVE_LIBC_PTHREAD
[2.203s] -- Performing Test CMAKE_HAVE_LIBC_PTHREAD - Failed
[2.203s] -- Looking for pthread_create in pthreads
[2.279s] -- Looking for pthread_create in pthreads - not found
[2.280s] -- Looking for pthread_create in pthread
[2.364s] -- Looking for pthread_create in pthread - found
[2.365s] -- Found Threads: TRUE  
[2.610s] -- Found rclcpp_action: 2.4.1 (/opt/ros/foxy/share/rclcpp_action/cmake)
[2.665s] -- Found ament_lint_auto: 0.9.6 (/opt/ros/foxy/share/ament_lint_auto/cmake)
[2.783s] -- Added test 'copyright' to check source files copyright and LICENSE
[2.785s] -- Added test 'cppcheck' to perform static code analysis on C / C++ code
[2.785s] -- Configured cppcheck include dirs: 
[2.786s] -- Configured cppcheck exclude dirs and/or files: 
[2.788s] -- Added test 'cpplint' to check C / C++ code against the Google style
[2.788s] -- Configured cpplint exclude dirs and/or files: 
[2.790s] -- Added test 'lint_cmake' to check CMake code style
[2.793s] -- Added test 'uncrustify' to check C / C++ code style
[2.793s] -- Configured uncrustify additional arguments: 
[2.794s] -- Added test 'xmllint' to check XML markup files
[2.800s] -- Configuring done
[2.828s] -- Generating done
[2.835s] -- Build files have been written to: /home/ubuntu/ros2_ws/build/examples_rclcpp_minimal_action_client
[2.843s] Invoked command in '/home/ubuntu/ros2_ws/build/examples_rclcpp_minimal_action_client' returned '0': CMAKE_PREFIX_PATH=${CMAKE_PREFIX_PATH}:/opt/ros/foxy /usr/bin/cmake /home/ubuntu/ros2_ws/src/examples/rclcpp/actions/minimal_action_client -DAMENT_CMAKE_SYMLINK_INSTALL=1 -DCMAKE_INSTALL_PREFIX=/home/ubuntu/ros2_ws/install/examples_rclcpp_minimal_action_client
[2.846s] Invoking command in '/home/ubuntu/ros2_ws/build/examples_rclcpp_minimal_action_client': CMAKE_PREFIX_PATH=${CMAKE_PREFIX_PATH}:/opt/ros/foxy /usr/bin/cmake --build /home/ubuntu/ros2_ws/build/examples_rclcpp_minimal_action_client -- -j2 -l2
[2.909s] [35m[1mScanning dependencies of target action_client_not_composable_with_cancel[0m
[2.910s] [35m[1mScanning dependencies of target action_client_not_composable[0m
[2.993s] [ 12%] [32mBuilding CXX object CMakeFiles/action_client_not_composable_with_cancel.dir/not_composable_with_cancel.cpp.o[0m
[3.066s] [ 25%] [32mBuilding CXX object CMakeFiles/action_client_not_composable.dir/not_composable.cpp.o[0m
[11.220s] [ 37%] [32m[1mLinking CXX executable action_client_not_composable[0m
[11.430s] [ 37%] Built target action_client_not_composable
[11.438s] [ 50%] [32m[1mLinking CXX executable action_client_not_composable_with_cancel[0m
[11.459s] [35m[1mScanning dependencies of target action_client_not_composable_with_feedback[0m
[11.518s] [ 62%] [32mBuilding CXX object CMakeFiles/action_client_not_composable_with_feedback.dir/not_composable_with_feedback.cpp.o[0m
[11.830s] [ 62%] Built target action_client_not_composable_with_cancel
[11.838s] [35m[1mScanning dependencies of target action_client_member_functions[0m
[11.912s] [ 75%] [32mBuilding CXX object CMakeFiles/action_client_member_functions.dir/member_functions.cpp.o[0m
[17.708s] [ 87%] [32m[1mLinking CXX executable action_client_not_composable_with_feedback[0m
[17.973s] [ 87%] Built target action_client_not_composable_with_feedback
[18.354s] [100%] [32m[1mLinking CXX executable action_client_member_functions[0m
[18.580s] [100%] Built target action_client_member_functions
[18.597s] Invoked command in '/home/ubuntu/ros2_ws/build/examples_rclcpp_minimal_action_client' returned '0': CMAKE_PREFIX_PATH=${CMAKE_PREFIX_PATH}:/opt/ros/foxy /usr/bin/cmake --build /home/ubuntu/ros2_ws/build/examples_rclcpp_minimal_action_client -- -j2 -l2
[18.639s] Invoking command in '/home/ubuntu/ros2_ws/build/examples_rclcpp_minimal_action_client': CMAKE_PREFIX_PATH=${CMAKE_PREFIX_PATH}:/opt/ros/foxy /usr/bin/cmake --install /home/ubuntu/ros2_ws/build/examples_rclcpp_minimal_action_client
[18.652s] -- Install configuration: ""
[18.653s] -- Execute custom install script
[18.655s] -- Symlinking: /home/ubuntu/ros2_ws/install/examples_rclcpp_minimal_action_client/lib/examples_rclcpp_minimal_action_client/action_client_member_functions
[18.667s] -- Symlinking: /home/ubuntu/ros2_ws/install/examples_rclcpp_minimal_action_client/lib/examples_rclcpp_minimal_action_client/action_client_not_composable
[18.679s] -- Symlinking: /home/ubuntu/ros2_ws/install/examples_rclcpp_minimal_action_client/lib/examples_rclcpp_minimal_action_client/action_client_not_composable_with_cancel
[18.690s] -- Symlinking: /home/ubuntu/ros2_ws/install/examples_rclcpp_minimal_action_client/lib/examples_rclcpp_minimal_action_client/action_client_not_composable_with_feedback
[18.701s] -- Symlinking: /home/ubuntu/ros2_ws/install/examples_rclcpp_minimal_action_client/share/ament_index/resource_index/package_run_dependencies/examples_rclcpp_minimal_action_client
[18.713s] -- Symlinking: /home/ubuntu/ros2_ws/install/examples_rclcpp_minimal_action_client/share/ament_index/resource_index/parent_prefix_path/examples_rclcpp_minimal_action_client
[18.725s] -- Symlinking: /home/ubuntu/ros2_ws/install/examples_rclcpp_minimal_action_client/share/examples_rclcpp_minimal_action_client/environment/ament_prefix_path.sh
[18.736s] -- Symlinking: /home/ubuntu/ros2_ws/install/examples_rclcpp_minimal_action_client/share/examples_rclcpp_minimal_action_client/environment/ament_prefix_path.dsv
[18.747s] -- Symlinking: /home/ubuntu/ros2_ws/install/examples_rclcpp_minimal_action_client/share/examples_rclcpp_minimal_action_client/environment/path.sh
[18.758s] -- Symlinking: /home/ubuntu/ros2_ws/install/examples_rclcpp_minimal_action_client/share/examples_rclcpp_minimal_action_client/environment/path.dsv
[18.770s] -- Symlinking: /home/ubuntu/ros2_ws/install/examples_rclcpp_minimal_action_client/share/examples_rclcpp_minimal_action_client/local_setup.bash
[18.782s] -- Symlinking: /home/ubuntu/ros2_ws/install/examples_rclcpp_minimal_action_client/share/examples_rclcpp_minimal_action_client/local_setup.sh
[18.793s] -- Symlinking: /home/ubuntu/ros2_ws/install/examples_rclcpp_minimal_action_client/share/examples_rclcpp_minimal_action_client/local_setup.zsh
[18.805s] -- Symlinking: /home/ubuntu/ros2_ws/install/examples_rclcpp_minimal_action_client/share/examples_rclcpp_minimal_action_client/local_setup.dsv
[18.816s] -- Symlinking: /home/ubuntu/ros2_ws/install/examples_rclcpp_minimal_action_client/share/examples_rclcpp_minimal_action_client/package.dsv
[18.828s] -- Symlinking: /home/ubuntu/ros2_ws/install/examples_rclcpp_minimal_action_client/share/ament_index/resource_index/packages/examples_rclcpp_minimal_action_client
[18.839s] -- Symlinking: /home/ubuntu/ros2_ws/install/examples_rclcpp_minimal_action_client/share/examples_rclcpp_minimal_action_client/cmake/examples_rclcpp_minimal_action_clientConfig.cmake
[18.850s] -- Symlinking: /home/ubuntu/ros2_ws/install/examples_rclcpp_minimal_action_client/share/examples_rclcpp_minimal_action_client/cmake/examples_rclcpp_minimal_action_clientConfig-version.cmake
[18.862s] -- Symlinking: /home/ubuntu/ros2_ws/install/examples_rclcpp_minimal_action_client/share/examples_rclcpp_minimal_action_client/package.xml
[18.880s] Invoked command in '/home/ubuntu/ros2_ws/build/examples_rclcpp_minimal_action_client' returned '0': CMAKE_PREFIX_PATH=${CMAKE_PREFIX_PATH}:/opt/ros/foxy /usr/bin/cmake --install /home/ubuntu/ros2_ws/build/examples_rclcpp_minimal_action_client
