-- Found ament_cmake: 0.9.9 (/opt/ros/foxy/share/ament_cmake/cmake)
-- Using PYTHON_EXECUTABLE: /usr/bin/python3
-- Override CMake install command with custom implementation using symlinks instead of copying resources
-- Found std_msgs: 2.0.5 (/opt/ros/foxy/share/std_msgs/cmake)
-- Using all available rosidl_typesupport_c: rosidl_typesupport_fastrtps_c;rosidl_typesupport_introspection_c
-- Found rosidl_adapter: 1.2.1 (/opt/ros/foxy/share/rosidl_adapter/cmake)
-- Using all available rosidl_typesupport_cpp: rosidl_typesupport_fastrtps_cpp;rosidl_typesupport_introspection_cpp
-- Found rclcpp: 2.4.1 (/opt/ros/foxy/share/rclcpp/cmake)
-- Found rmw_implementation_cmake: 1.0.3 (/opt/ros/foxy/share/rmw_implementation_cmake/cmake)
-- Using RMW implementation 'rmw_fastrtps_cpp' as default
-- Found geometry_msgs: 2.0.5 (/opt/ros/foxy/share/geometry_msgs/cmake)
-- Found ament_lint_auto: 0.9.6 (/opt/ros/foxy/share/ament_lint_auto/cmake)
-- Added test 'copyright' to check source files copyright and LICENSE
-- Added test 'cppcheck' to perform static code analysis on C / C++ code
-- Configured cppcheck include dirs: 
-- Configured cppcheck exclude dirs and/or files: 
-- Added test 'cpplint' to check C / C++ code against the Google style
-- Configured cpplint exclude dirs and/or files: 
-- Added test 'lint_cmake' to check CMake code style
-- Added test 'uncrustify' to check C / C++ code style
-- Configured uncrustify additional arguments: 
-- Added test 'xmllint' to check XML markup files
-- Configuring done
-- Generating done
-- Build files have been written to: /home/ubuntu/ros2_ws/build/ros2_course_cpp
[35m[1mScanning dependencies of target talker_node_cpp[0m
[ 50%] [32mBuilding CXX object CMakeFiles/talker_node_cpp.dir/src/talker.cpp.o[0m
[100%] [32m[1mLinking CXX executable talker_node_cpp[0m
[100%] Built target talker_node_cpp
-- Install configuration: ""
-- Execute custom install script
-- Symlinking: /home/ubuntu/ros2_ws/install/ros2_course_cpp/lib/ros2_course_cpp/talker_node_cpp
-- Up-to-date symlink: /home/ubuntu/ros2_ws/install/ros2_course_cpp/share/ament_index/resource_index/package_run_dependencies/ros2_course_cpp
-- Up-to-date symlink: /home/ubuntu/ros2_ws/install/ros2_course_cpp/share/ament_index/resource_index/parent_prefix_path/ros2_course_cpp
-- Up-to-date symlink: /home/ubuntu/ros2_ws/install/ros2_course_cpp/share/ros2_course_cpp/environment/ament_prefix_path.sh
-- Up-to-date symlink: /home/ubuntu/ros2_ws/install/ros2_course_cpp/share/ros2_course_cpp/environment/ament_prefix_path.dsv
-- Up-to-date symlink: /home/ubuntu/ros2_ws/install/ros2_course_cpp/share/ros2_course_cpp/environment/path.sh
-- Up-to-date symlink: /home/ubuntu/ros2_ws/install/ros2_course_cpp/share/ros2_course_cpp/environment/path.dsv
-- Up-to-date symlink: /home/ubuntu/ros2_ws/install/ros2_course_cpp/share/ros2_course_cpp/local_setup.bash
-- Up-to-date symlink: /home/ubuntu/ros2_ws/install/ros2_course_cpp/share/ros2_course_cpp/local_setup.sh
-- Up-to-date symlink: /home/ubuntu/ros2_ws/install/ros2_course_cpp/share/ros2_course_cpp/local_setup.zsh
-- Up-to-date symlink: /home/ubuntu/ros2_ws/install/ros2_course_cpp/share/ros2_course_cpp/local_setup.dsv
-- Symlinking: /home/ubuntu/ros2_ws/install/ros2_course_cpp/share/ros2_course_cpp/package.dsv
-- Up-to-date symlink: /home/ubuntu/ros2_ws/install/ros2_course_cpp/share/ament_index/resource_index/packages/ros2_course_cpp
-- Up-to-date symlink: /home/ubuntu/ros2_ws/install/ros2_course_cpp/share/ros2_course_cpp/cmake/ros2_course_cppConfig.cmake
-- Up-to-date symlink: /home/ubuntu/ros2_ws/install/ros2_course_cpp/share/ros2_course_cpp/cmake/ros2_course_cppConfig-version.cmake
-- Up-to-date symlink: /home/ubuntu/ros2_ws/install/ros2_course_cpp/share/ros2_course_cpp/package.xml
