[0.027s] Invoking command in '/home/ubuntu/ros2_ws/build/ros2_course_cpp': CMAKE_PREFIX_PATH=${CMAKE_PREFIX_PATH}:/home/ubuntu/ros2_ws/install/examples_rclpy_minimal_subscriber:/home/ubuntu/ros2_ws/install/examples_rclpy_minimal_service:/home/ubuntu/ros2_ws/install/examples_rclpy_minimal_publisher:/home/ubuntu/ros2_ws/install/examples_rclpy_minimal_client:/home/ubuntu/ros2_ws/install/examples_rclpy_minimal_action_server:/home/ubuntu/ros2_ws/install/examples_rclpy_minimal_action_client:/home/ubuntu/ros2_ws/install/examples_rclpy_executors:/opt/ros/foxy /usr/bin/cmake /home/ubuntu/ros2_ws/src/ros2_course_cpp -DCMAKE_INSTALL_PREFIX=/home/ubuntu/ros2_ws/install/ros2_course_cpp
[0.047s] -- Found ament_cmake: 0.9.9 (/opt/ros/foxy/share/ament_cmake/cmake)
[0.090s] -- Using PYTHON_EXECUTABLE: /usr/bin/python3
[0.361s] -- Override CMake install command with custom implementation using symlinks instead of copying resources
[0.371s] -- Found std_msgs: 2.0.5 (/opt/ros/foxy/share/std_msgs/cmake)
[0.400s] -- Using all available rosidl_typesupport_c: rosidl_typesupport_fastrtps_c;rosidl_typesupport_introspection_c
[0.405s] -- Found rosidl_adapter: 1.2.1 (/opt/ros/foxy/share/rosidl_adapter/cmake)
[0.572s] -- Using all available rosidl_typesupport_cpp: rosidl_typesupport_fastrtps_cpp;rosidl_typesupport_introspection_cpp
[0.633s] -- Found rclcpp: 2.4.1 (/opt/ros/foxy/share/rclcpp/cmake)
[0.683s] -- Found rmw_implementation_cmake: 1.0.3 (/opt/ros/foxy/share/rmw_implementation_cmake/cmake)
[0.685s] -- Using RMW implementation 'rmw_fastrtps_cpp' as default
[0.855s] -- Found geometry_msgs: 2.0.5 (/opt/ros/foxy/share/geometry_msgs/cmake)
[0.901s] -- Found ament_lint_auto: 0.9.6 (/opt/ros/foxy/share/ament_lint_auto/cmake)
[1.005s] -- Added test 'copyright' to check source files copyright and LICENSE
[1.007s] -- Added test 'lint_cmake' to check CMake code style
[1.008s] -- Added test 'xmllint' to check XML markup files
[1.013s] -- Configuring done
[1.019s] -- Generating done
[1.023s] -- Build files have been written to: /home/ubuntu/ros2_ws/build/ros2_course_cpp
[1.031s] Invoked command in '/home/ubuntu/ros2_ws/build/ros2_course_cpp' returned '0': CMAKE_PREFIX_PATH=${CMAKE_PREFIX_PATH}:/home/ubuntu/ros2_ws/install/examples_rclpy_minimal_subscriber:/home/ubuntu/ros2_ws/install/examples_rclpy_minimal_service:/home/ubuntu/ros2_ws/install/examples_rclpy_minimal_publisher:/home/ubuntu/ros2_ws/install/examples_rclpy_minimal_client:/home/ubuntu/ros2_ws/install/examples_rclpy_minimal_action_server:/home/ubuntu/ros2_ws/install/examples_rclpy_minimal_action_client:/home/ubuntu/ros2_ws/install/examples_rclpy_executors:/opt/ros/foxy /usr/bin/cmake /home/ubuntu/ros2_ws/src/ros2_course_cpp -DCMAKE_INSTALL_PREFIX=/home/ubuntu/ros2_ws/install/ros2_course_cpp
[1.034s] Invoking command in '/home/ubuntu/ros2_ws/build/ros2_course_cpp': CMAKE_PREFIX_PATH=${CMAKE_PREFIX_PATH}:/home/ubuntu/ros2_ws/install/examples_rclpy_minimal_subscriber:/home/ubuntu/ros2_ws/install/examples_rclpy_minimal_service:/home/ubuntu/ros2_ws/install/examples_rclpy_minimal_publisher:/home/ubuntu/ros2_ws/install/examples_rclpy_minimal_client:/home/ubuntu/ros2_ws/install/examples_rclpy_minimal_action_server:/home/ubuntu/ros2_ws/install/examples_rclpy_minimal_action_client:/home/ubuntu/ros2_ws/install/examples_rclpy_executors:/opt/ros/foxy /usr/bin/cmake --build /home/ubuntu/ros2_ws/build/ros2_course_cpp -- -j2 -l2
[1.088s] Invoked command in '/home/ubuntu/ros2_ws/build/ros2_course_cpp' returned '0': CMAKE_PREFIX_PATH=${CMAKE_PREFIX_PATH}:/home/ubuntu/ros2_ws/install/examples_rclpy_minimal_subscriber:/home/ubuntu/ros2_ws/install/examples_rclpy_minimal_service:/home/ubuntu/ros2_ws/install/examples_rclpy_minimal_publisher:/home/ubuntu/ros2_ws/install/examples_rclpy_minimal_client:/home/ubuntu/ros2_ws/install/examples_rclpy_minimal_action_server:/home/ubuntu/ros2_ws/install/examples_rclpy_minimal_action_client:/home/ubuntu/ros2_ws/install/examples_rclpy_executors:/opt/ros/foxy /usr/bin/cmake --build /home/ubuntu/ros2_ws/build/ros2_course_cpp -- -j2 -l2
[1.121s] Invoking command in '/home/ubuntu/ros2_ws/build/ros2_course_cpp': CMAKE_PREFIX_PATH=${CMAKE_PREFIX_PATH}:/home/ubuntu/ros2_ws/install/examples_rclpy_minimal_subscriber:/home/ubuntu/ros2_ws/install/examples_rclpy_minimal_service:/home/ubuntu/ros2_ws/install/examples_rclpy_minimal_publisher:/home/ubuntu/ros2_ws/install/examples_rclpy_minimal_client:/home/ubuntu/ros2_ws/install/examples_rclpy_minimal_action_server:/home/ubuntu/ros2_ws/install/examples_rclpy_minimal_action_client:/home/ubuntu/ros2_ws/install/examples_rclpy_executors:/opt/ros/foxy /usr/bin/cmake --install /home/ubuntu/ros2_ws/build/ros2_course_cpp
[1.135s] -- Install configuration: ""
[1.136s] -- Execute custom install script
[1.136s] -- Up-to-date symlink: /home/ubuntu/ros2_ws/install/ros2_course_cpp/share/ament_index/resource_index/package_run_dependencies/ros2_course_cpp
[1.137s] -- Up-to-date symlink: /home/ubuntu/ros2_ws/install/ros2_course_cpp/share/ament_index/resource_index/parent_prefix_path/ros2_course_cpp
[1.138s] -- Up-to-date symlink: /home/ubuntu/ros2_ws/install/ros2_course_cpp/share/ros2_course_cpp/environment/ament_prefix_path.sh
[1.138s] -- Up-to-date symlink: /home/ubuntu/ros2_ws/install/ros2_course_cpp/share/ros2_course_cpp/environment/ament_prefix_path.dsv
[1.139s] -- Up-to-date symlink: /home/ubuntu/ros2_ws/install/ros2_course_cpp/share/ros2_course_cpp/environment/path.sh
[1.140s] -- Up-to-date symlink: /home/ubuntu/ros2_ws/install/ros2_course_cpp/share/ros2_course_cpp/environment/path.dsv
[1.140s] -- Up-to-date symlink: /home/ubuntu/ros2_ws/install/ros2_course_cpp/share/ros2_course_cpp/local_setup.bash
[1.141s] -- Up-to-date symlink: /home/ubuntu/ros2_ws/install/ros2_course_cpp/share/ros2_course_cpp/local_setup.sh
[1.142s] -- Up-to-date symlink: /home/ubuntu/ros2_ws/install/ros2_course_cpp/share/ros2_course_cpp/local_setup.zsh
[1.142s] -- Up-to-date symlink: /home/ubuntu/ros2_ws/install/ros2_course_cpp/share/ros2_course_cpp/local_setup.dsv
[1.143s] -- Symlinking: /home/ubuntu/ros2_ws/install/ros2_course_cpp/share/ros2_course_cpp/package.dsv
[1.156s] -- Up-to-date symlink: /home/ubuntu/ros2_ws/install/ros2_course_cpp/share/ament_index/resource_index/packages/ros2_course_cpp
[1.164s] -- Up-to-date symlink: /home/ubuntu/ros2_ws/install/ros2_course_cpp/share/ros2_course_cpp/cmake/ros2_course_cppConfig.cmake
[1.164s] -- Up-to-date symlink: /home/ubuntu/ros2_ws/install/ros2_course_cpp/share/ros2_course_cpp/cmake/ros2_course_cppConfig-version.cmake
[1.165s] -- Up-to-date symlink: /home/ubuntu/ros2_ws/install/ros2_course_cpp/share/ros2_course_cpp/package.xml
[1.165s] Invoked command in '/home/ubuntu/ros2_ws/build/ros2_course_cpp' returned '0': CMAKE_PREFIX_PATH=${CMAKE_PREFIX_PATH}:/home/ubuntu/ros2_ws/install/examples_rclpy_minimal_subscriber:/home/ubuntu/ros2_ws/install/examples_rclpy_minimal_service:/home/ubuntu/ros2_ws/install/examples_rclpy_minimal_publisher:/home/ubuntu/ros2_ws/install/examples_rclpy_minimal_client:/home/ubuntu/ros2_ws/install/examples_rclpy_minimal_action_server:/home/ubuntu/ros2_ws/install/examples_rclpy_minimal_action_client:/home/ubuntu/ros2_ws/install/examples_rclpy_executors:/opt/ros/foxy /usr/bin/cmake --install /home/ubuntu/ros2_ws/build/ros2_course_cpp
