[0.039s] Invoking command in '/home/ubuntu/ros2_ws/src/build/examples_rclcpp_minimal_action_client': CMAKE_PREFIX_PATH=${CMAKE_PREFIX_PATH}:/home/ubuntu/ros2_ws/install/examples_rclpy_minimal_subscriber:/home/ubuntu/ros2_ws/install/examples_rclpy_minimal_service:/home/ubuntu/ros2_ws/install/examples_rclpy_minimal_publisher:/home/ubuntu/ros2_ws/install/examples_rclpy_minimal_client:/home/ubuntu/ros2_ws/install/examples_rclpy_minimal_action_server:/home/ubuntu/ros2_ws/install/examples_rclpy_minimal_action_client:/home/ubuntu/ros2_ws/install/examples_rclpy_executors:/opt/ros/foxy /usr/bin/cmake /home/ubuntu/ros2_ws/src/examples/rclcpp/actions/minimal_action_client -DCMAKE_INSTALL_PREFIX=/home/ubuntu/ros2_ws/src/install/examples_rclcpp_minimal_action_client
[0.062s] -- Found ament_cmake: 0.9.9 (/opt/ros/foxy/share/ament_cmake/cmake)
[0.111s] -- Using PYTHON_EXECUTABLE: /usr/bin/python3
[0.377s] -- Override CMake install command with custom implementation using symlinks instead of copying resources
[0.388s] -- Found example_interfaces: 0.9.1 (/opt/ros/foxy/share/example_interfaces/cmake)
[0.419s] -- Using all available rosidl_typesupport_c: rosidl_typesupport_fastrtps_c;rosidl_typesupport_introspection_c
[0.424s] -- Found rosidl_adapter: 1.2.1 (/opt/ros/foxy/share/rosidl_adapter/cmake)
[0.586s] -- Using all available rosidl_typesupport_cpp: rosidl_typesupport_fastrtps_cpp;rosidl_typesupport_introspection_cpp
[0.762s] -- Found rclcpp: 2.4.1 (/opt/ros/foxy/share/rclcpp/cmake)
[0.812s] -- Found rmw_implementation_cmake: 1.0.3 (/opt/ros/foxy/share/rmw_implementation_cmake/cmake)
[0.815s] -- Using RMW implementation 'rmw_fastrtps_cpp' as default
[1.009s] -- Found rclcpp_action: 2.4.1 (/opt/ros/foxy/share/rclcpp_action/cmake)
[1.058s] -- Found ament_lint_auto: 0.9.6 (/opt/ros/foxy/share/ament_lint_auto/cmake)
[1.162s] -- Added test 'copyright' to check source files copyright and LICENSE
[1.164s] -- Added test 'cppcheck' to perform static code analysis on C / C++ code
[1.165s] -- Configured cppcheck include dirs: 
[1.165s] -- Configured cppcheck exclude dirs and/or files: 
[1.167s] -- Added test 'cpplint' to check C / C++ code against the Google style
[1.167s] -- Configured cpplint exclude dirs and/or files: 
[1.170s] -- Added test 'lint_cmake' to check CMake code style
[1.171s] -- Added test 'uncrustify' to check C / C++ code style
[1.172s] -- Configured uncrustify additional arguments: 
[1.172s] -- Added test 'xmllint' to check XML markup files
[1.178s] -- Configuring done
[1.216s] -- Generating done
[1.221s] -- Build files have been written to: /home/ubuntu/ros2_ws/src/build/examples_rclcpp_minimal_action_client
[1.230s] Invoked command in '/home/ubuntu/ros2_ws/src/build/examples_rclcpp_minimal_action_client' returned '0': CMAKE_PREFIX_PATH=${CMAKE_PREFIX_PATH}:/home/ubuntu/ros2_ws/install/examples_rclpy_minimal_subscriber:/home/ubuntu/ros2_ws/install/examples_rclpy_minimal_service:/home/ubuntu/ros2_ws/install/examples_rclpy_minimal_publisher:/home/ubuntu/ros2_ws/install/examples_rclpy_minimal_client:/home/ubuntu/ros2_ws/install/examples_rclpy_minimal_action_server:/home/ubuntu/ros2_ws/install/examples_rclpy_minimal_action_client:/home/ubuntu/ros2_ws/install/examples_rclpy_executors:/opt/ros/foxy /usr/bin/cmake /home/ubuntu/ros2_ws/src/examples/rclcpp/actions/minimal_action_client -DCMAKE_INSTALL_PREFIX=/home/ubuntu/ros2_ws/src/install/examples_rclcpp_minimal_action_client
[1.234s] Invoking command in '/home/ubuntu/ros2_ws/src/build/examples_rclcpp_minimal_action_client': CMAKE_PREFIX_PATH=${CMAKE_PREFIX_PATH}:/home/ubuntu/ros2_ws/install/examples_rclpy_minimal_subscriber:/home/ubuntu/ros2_ws/install/examples_rclpy_minimal_service:/home/ubuntu/ros2_ws/install/examples_rclpy_minimal_publisher:/home/ubuntu/ros2_ws/install/examples_rclpy_minimal_client:/home/ubuntu/ros2_ws/install/examples_rclpy_minimal_action_server:/home/ubuntu/ros2_ws/install/examples_rclpy_minimal_action_client:/home/ubuntu/ros2_ws/install/examples_rclpy_executors:/opt/ros/foxy /usr/bin/cmake --build /home/ubuntu/ros2_ws/src/build/examples_rclcpp_minimal_action_client -- -j2 -l2
[1.331s] [ 25%] Built target action_client_not_composable_with_cancel
[1.382s] [ 50%] Built target action_client_not_composable
[1.384s] [ 75%] Built target action_client_not_composable_with_feedback
[1.429s] [100%] Built target action_client_member_functions
[1.447s] Invoked command in '/home/ubuntu/ros2_ws/src/build/examples_rclcpp_minimal_action_client' returned '0': CMAKE_PREFIX_PATH=${CMAKE_PREFIX_PATH}:/home/ubuntu/ros2_ws/install/examples_rclpy_minimal_subscriber:/home/ubuntu/ros2_ws/install/examples_rclpy_minimal_service:/home/ubuntu/ros2_ws/install/examples_rclpy_minimal_publisher:/home/ubuntu/ros2_ws/install/examples_rclpy_minimal_client:/home/ubuntu/ros2_ws/install/examples_rclpy_minimal_action_server:/home/ubuntu/ros2_ws/install/examples_rclpy_minimal_action_client:/home/ubuntu/ros2_ws/install/examples_rclpy_executors:/opt/ros/foxy /usr/bin/cmake --build /home/ubuntu/ros2_ws/src/build/examples_rclcpp_minimal_action_client -- -j2 -l2
[1.485s] Invoking command in '/home/ubuntu/ros2_ws/src/build/examples_rclcpp_minimal_action_client': CMAKE_PREFIX_PATH=${CMAKE_PREFIX_PATH}:/home/ubuntu/ros2_ws/install/examples_rclpy_minimal_subscriber:/home/ubuntu/ros2_ws/install/examples_rclpy_minimal_service:/home/ubuntu/ros2_ws/install/examples_rclpy_minimal_publisher:/home/ubuntu/ros2_ws/install/examples_rclpy_minimal_client:/home/ubuntu/ros2_ws/install/examples_rclpy_minimal_action_server:/home/ubuntu/ros2_ws/install/examples_rclpy_minimal_action_client:/home/ubuntu/ros2_ws/install/examples_rclpy_executors:/opt/ros/foxy /usr/bin/cmake --install /home/ubuntu/ros2_ws/src/build/examples_rclcpp_minimal_action_client
[1.498s] -- Install configuration: ""
[1.499s] -- Execute custom install script
[1.500s] -- Up-to-date symlink: /home/ubuntu/ros2_ws/src/install/examples_rclcpp_minimal_action_client/lib/examples_rclcpp_minimal_action_client/action_client_member_functions
[1.501s] -- Up-to-date symlink: /home/ubuntu/ros2_ws/src/install/examples_rclcpp_minimal_action_client/lib/examples_rclcpp_minimal_action_client/action_client_not_composable
[1.502s] -- Up-to-date symlink: /home/ubuntu/ros2_ws/src/install/examples_rclcpp_minimal_action_client/lib/examples_rclcpp_minimal_action_client/action_client_not_composable_with_cancel
[1.503s] -- Up-to-date symlink: /home/ubuntu/ros2_ws/src/install/examples_rclcpp_minimal_action_client/lib/examples_rclcpp_minimal_action_client/action_client_not_composable_with_feedback
[1.504s] -- Up-to-date symlink: /home/ubuntu/ros2_ws/src/install/examples_rclcpp_minimal_action_client/share/ament_index/resource_index/package_run_dependencies/examples_rclcpp_minimal_action_client
[1.504s] -- Up-to-date symlink: /home/ubuntu/ros2_ws/src/install/examples_rclcpp_minimal_action_client/share/ament_index/resource_index/parent_prefix_path/examples_rclcpp_minimal_action_client
[1.505s] -- Up-to-date symlink: /home/ubuntu/ros2_ws/src/install/examples_rclcpp_minimal_action_client/share/examples_rclcpp_minimal_action_client/environment/ament_prefix_path.sh
[1.506s] -- Up-to-date symlink: /home/ubuntu/ros2_ws/src/install/examples_rclcpp_minimal_action_client/share/examples_rclcpp_minimal_action_client/environment/ament_prefix_path.dsv
[1.507s] -- Up-to-date symlink: /home/ubuntu/ros2_ws/src/install/examples_rclcpp_minimal_action_client/share/examples_rclcpp_minimal_action_client/environment/path.sh
[1.508s] -- Up-to-date symlink: /home/ubuntu/ros2_ws/src/install/examples_rclcpp_minimal_action_client/share/examples_rclcpp_minimal_action_client/environment/path.dsv
[1.508s] -- Up-to-date symlink: /home/ubuntu/ros2_ws/src/install/examples_rclcpp_minimal_action_client/share/examples_rclcpp_minimal_action_client/local_setup.bash
[1.509s] -- Up-to-date symlink: /home/ubuntu/ros2_ws/src/install/examples_rclcpp_minimal_action_client/share/examples_rclcpp_minimal_action_client/local_setup.sh
[1.510s] -- Up-to-date symlink: /home/ubuntu/ros2_ws/src/install/examples_rclcpp_minimal_action_client/share/examples_rclcpp_minimal_action_client/local_setup.zsh
[1.511s] -- Up-to-date symlink: /home/ubuntu/ros2_ws/src/install/examples_rclcpp_minimal_action_client/share/examples_rclcpp_minimal_action_client/local_setup.dsv
[1.512s] -- Symlinking: /home/ubuntu/ros2_ws/src/install/examples_rclcpp_minimal_action_client/share/examples_rclcpp_minimal_action_client/package.dsv
[1.527s] -- Up-to-date symlink: /home/ubuntu/ros2_ws/src/install/examples_rclcpp_minimal_action_client/share/ament_index/resource_index/packages/examples_rclcpp_minimal_action_client
[1.527s] -- Up-to-date symlink: /home/ubuntu/ros2_ws/src/install/examples_rclcpp_minimal_action_client/share/examples_rclcpp_minimal_action_client/cmake/examples_rclcpp_minimal_action_clientConfig.cmake
[1.527s] -- Up-to-date symlink: /home/ubuntu/ros2_ws/src/install/examples_rclcpp_minimal_action_client/share/examples_rclcpp_minimal_action_client/cmake/examples_rclcpp_minimal_action_clientConfig-version.cmake
[1.528s] -- Up-to-date symlink: /home/ubuntu/ros2_ws/src/install/examples_rclcpp_minimal_action_client/share/examples_rclcpp_minimal_action_client/package.xml
[1.564s] Invoked command in '/home/ubuntu/ros2_ws/src/build/examples_rclcpp_minimal_action_client' returned '0': CMAKE_PREFIX_PATH=${CMAKE_PREFIX_PATH}:/home/ubuntu/ros2_ws/install/examples_rclpy_minimal_subscriber:/home/ubuntu/ros2_ws/install/examples_rclpy_minimal_service:/home/ubuntu/ros2_ws/install/examples_rclpy_minimal_publisher:/home/ubuntu/ros2_ws/install/examples_rclpy_minimal_client:/home/ubuntu/ros2_ws/install/examples_rclpy_minimal_action_server:/home/ubuntu/ros2_ws/install/examples_rclpy_minimal_action_client:/home/ubuntu/ros2_ws/install/examples_rclpy_executors:/opt/ros/foxy /usr/bin/cmake --install /home/ubuntu/ros2_ws/src/build/examples_rclcpp_minimal_action_client
