[0.958s] Invoking command in '/home/ubuntu/ros2_ws/src/build/examples_rclpy_minimal_service': PYTHONPATH=/home/ubuntu/ros2_ws/src/install/examples_rclpy_minimal_service/lib/python3.8/site-packages:${PYTHONPATH} /usr/bin/python3 setup.py develop --prefix /home/ubuntu/ros2_ws/src/install/examples_rclpy_minimal_service --uninstall --editable --build-directory /home/ubuntu/ros2_ws/src/build/examples_rclpy_minimal_service/build
[1.297s] running develop
[1.512s] Removing /home/ubuntu/ros2_ws/src/install/examples_rclpy_minimal_service/lib/python3.8/site-packages/examples-rclpy-minimal-service.egg-link (link to .)
[1.535s] Invoked command in '/home/ubuntu/ros2_ws/src/build/examples_rclpy_minimal_service' returned '0': PYTHONPATH=/home/ubuntu/ros2_ws/src/install/examples_rclpy_minimal_service/lib/python3.8/site-packages:${PYTHONPATH} /usr/bin/python3 setup.py develop --prefix /home/ubuntu/ros2_ws/src/install/examples_rclpy_minimal_service --uninstall --editable --build-directory /home/ubuntu/ros2_ws/src/build/examples_rclpy_minimal_service/build
[1.538s] Invoking command in '/home/ubuntu/ros2_ws/src/examples/rclpy/services/minimal_service': PYTHONPATH=/home/ubuntu/ros2_ws/src/install/examples_rclpy_minimal_service/lib/python3.8/site-packages:${PYTHONPATH} /usr/bin/python3 setup.py egg_info --egg-base ../../../../build/examples_rclpy_minimal_service build --build-base /home/ubuntu/ros2_ws/src/build/examples_rclpy_minimal_service/build install --prefix /home/ubuntu/ros2_ws/src/install/examples_rclpy_minimal_service --record /home/ubuntu/ros2_ws/src/build/examples_rclpy_minimal_service/install.log --single-version-externally-managed
[1.864s] running egg_info
[1.865s] writing ../../../../build/examples_rclpy_minimal_service/examples_rclpy_minimal_service.egg-info/PKG-INFO
[1.866s] writing dependency_links to ../../../../build/examples_rclpy_minimal_service/examples_rclpy_minimal_service.egg-info/dependency_links.txt
[1.866s] writing entry points to ../../../../build/examples_rclpy_minimal_service/examples_rclpy_minimal_service.egg-info/entry_points.txt
[1.867s] writing requirements to ../../../../build/examples_rclpy_minimal_service/examples_rclpy_minimal_service.egg-info/requires.txt
[1.867s] writing top-level names to ../../../../build/examples_rclpy_minimal_service/examples_rclpy_minimal_service.egg-info/top_level.txt
[1.914s] reading manifest file '../../../../build/examples_rclpy_minimal_service/examples_rclpy_minimal_service.egg-info/SOURCES.txt'
[1.915s] writing manifest file '../../../../build/examples_rclpy_minimal_service/examples_rclpy_minimal_service.egg-info/SOURCES.txt'
[1.915s] running build
[1.916s] running build_py
[1.916s] creating /home/ubuntu/ros2_ws/src/build/examples_rclpy_minimal_service/build
[1.916s] creating /home/ubuntu/ros2_ws/src/build/examples_rclpy_minimal_service/build/lib
[1.917s] creating /home/ubuntu/ros2_ws/src/build/examples_rclpy_minimal_service/build/lib/examples_rclpy_minimal_service
[1.917s] copying examples_rclpy_minimal_service/service.py -> /home/ubuntu/ros2_ws/src/build/examples_rclpy_minimal_service/build/lib/examples_rclpy_minimal_service
[1.918s] copying examples_rclpy_minimal_service/__init__.py -> /home/ubuntu/ros2_ws/src/build/examples_rclpy_minimal_service/build/lib/examples_rclpy_minimal_service
[1.918s] copying examples_rclpy_minimal_service/service_member_function.py -> /home/ubuntu/ros2_ws/src/build/examples_rclpy_minimal_service/build/lib/examples_rclpy_minimal_service
[1.918s] running install
[1.920s] running install_lib
[1.921s] creating /home/ubuntu/ros2_ws/src/install/examples_rclpy_minimal_service/lib/python3.8/site-packages/examples_rclpy_minimal_service
[1.922s] copying /home/ubuntu/ros2_ws/src/build/examples_rclpy_minimal_service/build/lib/examples_rclpy_minimal_service/service.py -> /home/ubuntu/ros2_ws/src/install/examples_rclpy_minimal_service/lib/python3.8/site-packages/examples_rclpy_minimal_service
[1.922s] copying /home/ubuntu/ros2_ws/src/build/examples_rclpy_minimal_service/build/lib/examples_rclpy_minimal_service/__init__.py -> /home/ubuntu/ros2_ws/src/install/examples_rclpy_minimal_service/lib/python3.8/site-packages/examples_rclpy_minimal_service
[1.923s] copying /home/ubuntu/ros2_ws/src/build/examples_rclpy_minimal_service/build/lib/examples_rclpy_minimal_service/service_member_function.py -> /home/ubuntu/ros2_ws/src/install/examples_rclpy_minimal_service/lib/python3.8/site-packages/examples_rclpy_minimal_service
[1.924s] byte-compiling /home/ubuntu/ros2_ws/src/install/examples_rclpy_minimal_service/lib/python3.8/site-packages/examples_rclpy_minimal_service/service.py to service.cpython-38.pyc
[1.926s] byte-compiling /home/ubuntu/ros2_ws/src/install/examples_rclpy_minimal_service/lib/python3.8/site-packages/examples_rclpy_minimal_service/__init__.py to __init__.cpython-38.pyc
[1.926s] byte-compiling /home/ubuntu/ros2_ws/src/install/examples_rclpy_minimal_service/lib/python3.8/site-packages/examples_rclpy_minimal_service/service_member_function.py to service_member_function.cpython-38.pyc
[1.927s] running install_data
[1.928s] running install_egg_info
[1.930s] Copying ../../../../build/examples_rclpy_minimal_service/examples_rclpy_minimal_service.egg-info to /home/ubuntu/ros2_ws/src/install/examples_rclpy_minimal_service/lib/python3.8/site-packages/examples_rclpy_minimal_service-0.9.4-py3.8.egg-info
[1.932s] running install_scripts
[1.956s] Installing service script to /home/ubuntu/ros2_ws/src/install/examples_rclpy_minimal_service/lib/examples_rclpy_minimal_service
[1.956s] Installing service_member_function script to /home/ubuntu/ros2_ws/src/install/examples_rclpy_minimal_service/lib/examples_rclpy_minimal_service
[1.957s] writing list of installed files to '/home/ubuntu/ros2_ws/src/build/examples_rclpy_minimal_service/install.log'
[1.988s] Invoked command in '/home/ubuntu/ros2_ws/src/examples/rclpy/services/minimal_service' returned '0': PYTHONPATH=/home/ubuntu/ros2_ws/src/install/examples_rclpy_minimal_service/lib/python3.8/site-packages:${PYTHONPATH} /usr/bin/python3 setup.py egg_info --egg-base ../../../../build/examples_rclpy_minimal_service build --build-base /home/ubuntu/ros2_ws/src/build/examples_rclpy_minimal_service/build install --prefix /home/ubuntu/ros2_ws/src/install/examples_rclpy_minimal_service --record /home/ubuntu/ros2_ws/src/build/examples_rclpy_minimal_service/install.log --single-version-externally-managed
