[0.946s] Invoking command in '/home/ubuntu/ros2_ws/src/build/examples_rclpy_executors': PYTHONPATH=/home/ubuntu/ros2_ws/src/install/examples_rclpy_executors/lib/python3.8/site-packages:${PYTHONPATH} /usr/bin/python3 setup.py develop --prefix /home/ubuntu/ros2_ws/src/install/examples_rclpy_executors --editable --build-directory /home/ubuntu/ros2_ws/src/build/examples_rclpy_executors/build --no-deps install_data --install-dir /home/ubuntu/ros2_ws/src/install/examples_rclpy_executors
[1.280s] running develop
[1.493s] running egg_info
[1.493s] writing examples_rclpy_executors.egg-info/PKG-INFO
[1.493s] writing dependency_links to examples_rclpy_executors.egg-info/dependency_links.txt
[1.493s] writing entry points to examples_rclpy_executors.egg-info/entry_points.txt
[1.494s] writing requirements to examples_rclpy_executors.egg-info/requires.txt
[1.494s] writing top-level names to examples_rclpy_executors.egg-info/top_level.txt
[1.536s] reading manifest file 'examples_rclpy_executors.egg-info/SOURCES.txt'
[1.537s] writing manifest file 'examples_rclpy_executors.egg-info/SOURCES.txt'
[1.584s] running build_ext
[1.584s] Creating /home/ubuntu/ros2_ws/src/install/examples_rclpy_executors/lib/python3.8/site-packages/examples-rclpy-executors.egg-link (link to .)
[1.585s] Installing callback_group script to /home/ubuntu/ros2_ws/src/install/examples_rclpy_executors/lib/examples_rclpy_executors
[1.586s] Installing composed script to /home/ubuntu/ros2_ws/src/install/examples_rclpy_executors/lib/examples_rclpy_executors
[1.586s] Installing custom_callback_group script to /home/ubuntu/ros2_ws/src/install/examples_rclpy_executors/lib/examples_rclpy_executors
[1.586s] Installing custom_executor script to /home/ubuntu/ros2_ws/src/install/examples_rclpy_executors/lib/examples_rclpy_executors
[1.586s] Installing listener script to /home/ubuntu/ros2_ws/src/install/examples_rclpy_executors/lib/examples_rclpy_executors
[1.587s] Installing talker script to /home/ubuntu/ros2_ws/src/install/examples_rclpy_executors/lib/examples_rclpy_executors
[1.587s] 
[1.587s] Installed /home/ubuntu/ros2_ws/src/build/examples_rclpy_executors
[1.587s] running install_data
[1.618s] Invoked command in '/home/ubuntu/ros2_ws/src/build/examples_rclpy_executors' returned '0': PYTHONPATH=/home/ubuntu/ros2_ws/src/install/examples_rclpy_executors/lib/python3.8/site-packages:${PYTHONPATH} /usr/bin/python3 setup.py develop --prefix /home/ubuntu/ros2_ws/src/install/examples_rclpy_executors --editable --build-directory /home/ubuntu/ros2_ws/src/build/examples_rclpy_executors/build --no-deps install_data --install-dir /home/ubuntu/ros2_ws/src/install/examples_rclpy_executors
