[0.948s] Invoking command in '/home/ubuntu/ros2_ws/src/build/examples_rclpy_minimal_action_client': PYTHONPATH=/home/ubuntu/ros2_ws/src/install/examples_rclpy_minimal_action_client/lib/python3.8/site-packages:${PYTHONPATH} /usr/bin/python3 setup.py develop --prefix /home/ubuntu/ros2_ws/src/install/examples_rclpy_minimal_action_client --uninstall --editable --build-directory /home/ubuntu/ros2_ws/src/build/examples_rclpy_minimal_action_client/build
[1.295s] running develop
[1.512s] Removing /home/ubuntu/ros2_ws/src/install/examples_rclpy_minimal_action_client/lib/python3.8/site-packages/examples-rclpy-minimal-action-client.egg-link (link to .)
[1.538s] Invoked command in '/home/ubuntu/ros2_ws/src/build/examples_rclpy_minimal_action_client' returned '0': PYTHONPATH=/home/ubuntu/ros2_ws/src/install/examples_rclpy_minimal_action_client/lib/python3.8/site-packages:${PYTHONPATH} /usr/bin/python3 setup.py develop --prefix /home/ubuntu/ros2_ws/src/install/examples_rclpy_minimal_action_client --uninstall --editable --build-directory /home/ubuntu/ros2_ws/src/build/examples_rclpy_minimal_action_client/build
[1.539s] Invoking command in '/home/ubuntu/ros2_ws/src/examples/rclpy/actions/minimal_action_client': PYTHONPATH=/home/ubuntu/ros2_ws/src/install/examples_rclpy_minimal_action_client/lib/python3.8/site-packages:${PYTHONPATH} /usr/bin/python3 setup.py egg_info --egg-base ../../../../build/examples_rclpy_minimal_action_client build --build-base /home/ubuntu/ros2_ws/src/build/examples_rclpy_minimal_action_client/build install --prefix /home/ubuntu/ros2_ws/src/install/examples_rclpy_minimal_action_client --record /home/ubuntu/ros2_ws/src/build/examples_rclpy_minimal_action_client/install.log --single-version-externally-managed
[1.857s] running egg_info
[1.858s] writing ../../../../build/examples_rclpy_minimal_action_client/examples_rclpy_minimal_action_client.egg-info/PKG-INFO
[1.859s] writing dependency_links to ../../../../build/examples_rclpy_minimal_action_client/examples_rclpy_minimal_action_client.egg-info/dependency_links.txt
[1.859s] writing entry points to ../../../../build/examples_rclpy_minimal_action_client/examples_rclpy_minimal_action_client.egg-info/entry_points.txt
[1.859s] writing requirements to ../../../../build/examples_rclpy_minimal_action_client/examples_rclpy_minimal_action_client.egg-info/requires.txt
[1.860s] writing top-level names to ../../../../build/examples_rclpy_minimal_action_client/examples_rclpy_minimal_action_client.egg-info/top_level.txt
[1.906s] reading manifest file '../../../../build/examples_rclpy_minimal_action_client/examples_rclpy_minimal_action_client.egg-info/SOURCES.txt'
[1.907s] writing manifest file '../../../../build/examples_rclpy_minimal_action_client/examples_rclpy_minimal_action_client.egg-info/SOURCES.txt'
[1.908s] running build
[1.908s] running build_py
[1.908s] creating /home/ubuntu/ros2_ws/src/build/examples_rclpy_minimal_action_client/build
[1.909s] creating /home/ubuntu/ros2_ws/src/build/examples_rclpy_minimal_action_client/build/lib
[1.909s] creating /home/ubuntu/ros2_ws/src/build/examples_rclpy_minimal_action_client/build/lib/examples_rclpy_minimal_action_client
[1.909s] copying examples_rclpy_minimal_action_client/client.py -> /home/ubuntu/ros2_ws/src/build/examples_rclpy_minimal_action_client/build/lib/examples_rclpy_minimal_action_client
[1.910s] copying examples_rclpy_minimal_action_client/client_not_composable.py -> /home/ubuntu/ros2_ws/src/build/examples_rclpy_minimal_action_client/build/lib/examples_rclpy_minimal_action_client
[1.910s] copying examples_rclpy_minimal_action_client/client_cancel.py -> /home/ubuntu/ros2_ws/src/build/examples_rclpy_minimal_action_client/build/lib/examples_rclpy_minimal_action_client
[1.911s] copying examples_rclpy_minimal_action_client/__init__.py -> /home/ubuntu/ros2_ws/src/build/examples_rclpy_minimal_action_client/build/lib/examples_rclpy_minimal_action_client
[1.911s] running install
[1.912s] running install_lib
[1.914s] creating /home/ubuntu/ros2_ws/src/install/examples_rclpy_minimal_action_client/lib/python3.8/site-packages/examples_rclpy_minimal_action_client
[1.914s] copying /home/ubuntu/ros2_ws/src/build/examples_rclpy_minimal_action_client/build/lib/examples_rclpy_minimal_action_client/client.py -> /home/ubuntu/ros2_ws/src/install/examples_rclpy_minimal_action_client/lib/python3.8/site-packages/examples_rclpy_minimal_action_client
[1.915s] copying /home/ubuntu/ros2_ws/src/build/examples_rclpy_minimal_action_client/build/lib/examples_rclpy_minimal_action_client/client_not_composable.py -> /home/ubuntu/ros2_ws/src/install/examples_rclpy_minimal_action_client/lib/python3.8/site-packages/examples_rclpy_minimal_action_client
[1.915s] copying /home/ubuntu/ros2_ws/src/build/examples_rclpy_minimal_action_client/build/lib/examples_rclpy_minimal_action_client/client_cancel.py -> /home/ubuntu/ros2_ws/src/install/examples_rclpy_minimal_action_client/lib/python3.8/site-packages/examples_rclpy_minimal_action_client
[1.916s] copying /home/ubuntu/ros2_ws/src/build/examples_rclpy_minimal_action_client/build/lib/examples_rclpy_minimal_action_client/__init__.py -> /home/ubuntu/ros2_ws/src/install/examples_rclpy_minimal_action_client/lib/python3.8/site-packages/examples_rclpy_minimal_action_client
[1.917s] byte-compiling /home/ubuntu/ros2_ws/src/install/examples_rclpy_minimal_action_client/lib/python3.8/site-packages/examples_rclpy_minimal_action_client/client.py to client.cpython-38.pyc
[1.919s] byte-compiling /home/ubuntu/ros2_ws/src/install/examples_rclpy_minimal_action_client/lib/python3.8/site-packages/examples_rclpy_minimal_action_client/client_not_composable.py to client_not_composable.cpython-38.pyc
[1.920s] byte-compiling /home/ubuntu/ros2_ws/src/install/examples_rclpy_minimal_action_client/lib/python3.8/site-packages/examples_rclpy_minimal_action_client/client_cancel.py to client_cancel.cpython-38.pyc
[1.921s] byte-compiling /home/ubuntu/ros2_ws/src/install/examples_rclpy_minimal_action_client/lib/python3.8/site-packages/examples_rclpy_minimal_action_client/__init__.py to __init__.cpython-38.pyc
[1.921s] running install_data
[1.922s] running install_egg_info
[1.924s] Copying ../../../../build/examples_rclpy_minimal_action_client/examples_rclpy_minimal_action_client.egg-info to /home/ubuntu/ros2_ws/src/install/examples_rclpy_minimal_action_client/lib/python3.8/site-packages/examples_rclpy_minimal_action_client-0.9.4-py3.8.egg-info
[1.926s] running install_scripts
[1.949s] Installing client script to /home/ubuntu/ros2_ws/src/install/examples_rclpy_minimal_action_client/lib/examples_rclpy_minimal_action_client
[1.950s] Installing client_cancel script to /home/ubuntu/ros2_ws/src/install/examples_rclpy_minimal_action_client/lib/examples_rclpy_minimal_action_client
[1.950s] Installing client_not_composable script to /home/ubuntu/ros2_ws/src/install/examples_rclpy_minimal_action_client/lib/examples_rclpy_minimal_action_client
[1.951s] writing list of installed files to '/home/ubuntu/ros2_ws/src/build/examples_rclpy_minimal_action_client/install.log'
[1.979s] Invoked command in '/home/ubuntu/ros2_ws/src/examples/rclpy/actions/minimal_action_client' returned '0': PYTHONPATH=/home/ubuntu/ros2_ws/src/install/examples_rclpy_minimal_action_client/lib/python3.8/site-packages:${PYTHONPATH} /usr/bin/python3 setup.py egg_info --egg-base ../../../../build/examples_rclpy_minimal_action_client build --build-base /home/ubuntu/ros2_ws/src/build/examples_rclpy_minimal_action_client/build install --prefix /home/ubuntu/ros2_ws/src/install/examples_rclpy_minimal_action_client --record /home/ubuntu/ros2_ws/src/build/examples_rclpy_minimal_action_client/install.log --single-version-externally-managed
