[0.023s] Invoking command in '/home/ubuntu/ros2_ws/src/build/ros2_course_cpp': CMAKE_PREFIX_PATH=${CMAKE_PREFIX_PATH}:/home/ubuntu/ros2_ws/install/examples_rclpy_minimal_subscriber:/home/ubuntu/ros2_ws/install/examples_rclpy_minimal_service:/home/ubuntu/ros2_ws/install/examples_rclpy_minimal_publisher:/home/ubuntu/ros2_ws/install/examples_rclpy_minimal_client:/home/ubuntu/ros2_ws/install/examples_rclpy_minimal_action_server:/home/ubuntu/ros2_ws/install/examples_rclpy_minimal_action_client:/home/ubuntu/ros2_ws/install/examples_rclpy_executors:/opt/ros/foxy /usr/bin/cmake /home/ubuntu/ros2_ws/src/ros2_course_cpp -DCMAKE_INSTALL_PREFIX=/home/ubuntu/ros2_ws/src/install/ros2_course_cpp
[0.044s] -- Found ament_cmake: 0.9.9 (/opt/ros/foxy/share/ament_cmake/cmake)
[0.091s] -- Using PYTHON_EXECUTABLE: /usr/bin/python3
[0.385s] -- Override CMake install command with custom implementation using symlinks instead of copying resources
[0.388s] -- Found std_msgs: 2.0.5 (/opt/ros/foxy/share/std_msgs/cmake)
[0.419s] -- Using all available rosidl_typesupport_c: rosidl_typesupport_fastrtps_c;rosidl_typesupport_introspection_c
[0.424s] -- Found rosidl_adapter: 1.2.1 (/opt/ros/foxy/share/rosidl_adapter/cmake)
[0.588s] -- Using all available rosidl_typesupport_cpp: rosidl_typesupport_fastrtps_cpp;rosidl_typesupport_introspection_cpp
[0.645s] -- Found rclcpp: 2.4.1 (/opt/ros/foxy/share/rclcpp/cmake)
[0.692s] -- Found rmw_implementation_cmake: 1.0.3 (/opt/ros/foxy/share/rmw_implementation_cmake/cmake)
[0.696s] -- Using RMW implementation 'rmw_fastrtps_cpp' as default
[0.867s] -- Found geometry_msgs: 2.0.5 (/opt/ros/foxy/share/geometry_msgs/cmake)
[0.910s] -- Found ament_lint_auto: 0.9.6 (/opt/ros/foxy/share/ament_lint_auto/cmake)
[1.012s] -- Added test 'copyright' to check source files copyright and LICENSE
[1.013s] -- Added test 'lint_cmake' to check CMake code style
[1.013s] -- Added test 'xmllint' to check XML markup files
[1.021s] -- Configuring done
[1.021s] -- Generating done
[1.023s] -- Build files have been written to: /home/ubuntu/ros2_ws/src/build/ros2_course_cpp
[1.034s] Invoked command in '/home/ubuntu/ros2_ws/src/build/ros2_course_cpp' returned '0': CMAKE_PREFIX_PATH=${CMAKE_PREFIX_PATH}:/home/ubuntu/ros2_ws/install/examples_rclpy_minimal_subscriber:/home/ubuntu/ros2_ws/install/examples_rclpy_minimal_service:/home/ubuntu/ros2_ws/install/examples_rclpy_minimal_publisher:/home/ubuntu/ros2_ws/install/examples_rclpy_minimal_client:/home/ubuntu/ros2_ws/install/examples_rclpy_minimal_action_server:/home/ubuntu/ros2_ws/install/examples_rclpy_minimal_action_client:/home/ubuntu/ros2_ws/install/examples_rclpy_executors:/opt/ros/foxy /usr/bin/cmake /home/ubuntu/ros2_ws/src/ros2_course_cpp -DCMAKE_INSTALL_PREFIX=/home/ubuntu/ros2_ws/src/install/ros2_course_cpp
[1.038s] Invoking command in '/home/ubuntu/ros2_ws/src/build/ros2_course_cpp': CMAKE_PREFIX_PATH=${CMAKE_PREFIX_PATH}:/home/ubuntu/ros2_ws/install/examples_rclpy_minimal_subscriber:/home/ubuntu/ros2_ws/install/examples_rclpy_minimal_service:/home/ubuntu/ros2_ws/install/examples_rclpy_minimal_publisher:/home/ubuntu/ros2_ws/install/examples_rclpy_minimal_client:/home/ubuntu/ros2_ws/install/examples_rclpy_minimal_action_server:/home/ubuntu/ros2_ws/install/examples_rclpy_minimal_action_client:/home/ubuntu/ros2_ws/install/examples_rclpy_executors:/opt/ros/foxy /usr/bin/cmake --build /home/ubuntu/ros2_ws/src/build/ros2_course_cpp -- -j2 -l2
[1.380s] Invoked command in '/home/ubuntu/ros2_ws/src/build/ros2_course_cpp' returned '0': CMAKE_PREFIX_PATH=${CMAKE_PREFIX_PATH}:/home/ubuntu/ros2_ws/install/examples_rclpy_minimal_subscriber:/home/ubuntu/ros2_ws/install/examples_rclpy_minimal_service:/home/ubuntu/ros2_ws/install/examples_rclpy_minimal_publisher:/home/ubuntu/ros2_ws/install/examples_rclpy_minimal_client:/home/ubuntu/ros2_ws/install/examples_rclpy_minimal_action_server:/home/ubuntu/ros2_ws/install/examples_rclpy_minimal_action_client:/home/ubuntu/ros2_ws/install/examples_rclpy_executors:/opt/ros/foxy /usr/bin/cmake --build /home/ubuntu/ros2_ws/src/build/ros2_course_cpp -- -j2 -l2
[1.408s] Invoking command in '/home/ubuntu/ros2_ws/src/build/ros2_course_cpp': CMAKE_PREFIX_PATH=${CMAKE_PREFIX_PATH}:/home/ubuntu/ros2_ws/install/examples_rclpy_minimal_subscriber:/home/ubuntu/ros2_ws/install/examples_rclpy_minimal_service:/home/ubuntu/ros2_ws/install/examples_rclpy_minimal_publisher:/home/ubuntu/ros2_ws/install/examples_rclpy_minimal_client:/home/ubuntu/ros2_ws/install/examples_rclpy_minimal_action_server:/home/ubuntu/ros2_ws/install/examples_rclpy_minimal_action_client:/home/ubuntu/ros2_ws/install/examples_rclpy_executors:/opt/ros/foxy /usr/bin/cmake --install /home/ubuntu/ros2_ws/src/build/ros2_course_cpp
[1.421s] -- Install configuration: ""
[1.422s] -- Execute custom install script
[1.423s] -- Up-to-date symlink: /home/ubuntu/ros2_ws/src/install/ros2_course_cpp/share/ament_index/resource_index/package_run_dependencies/ros2_course_cpp
[1.423s] -- Up-to-date symlink: /home/ubuntu/ros2_ws/src/install/ros2_course_cpp/share/ament_index/resource_index/parent_prefix_path/ros2_course_cpp
[1.424s] -- Up-to-date symlink: /home/ubuntu/ros2_ws/src/install/ros2_course_cpp/share/ros2_course_cpp/environment/ament_prefix_path.sh
[1.425s] -- Up-to-date symlink: /home/ubuntu/ros2_ws/src/install/ros2_course_cpp/share/ros2_course_cpp/environment/ament_prefix_path.dsv
[1.425s] -- Up-to-date symlink: /home/ubuntu/ros2_ws/src/install/ros2_course_cpp/share/ros2_course_cpp/environment/path.sh
[1.426s] -- Up-to-date symlink: /home/ubuntu/ros2_ws/src/install/ros2_course_cpp/share/ros2_course_cpp/environment/path.dsv
[1.427s] -- Up-to-date symlink: /home/ubuntu/ros2_ws/src/install/ros2_course_cpp/share/ros2_course_cpp/local_setup.bash
[1.427s] -- Up-to-date symlink: /home/ubuntu/ros2_ws/src/install/ros2_course_cpp/share/ros2_course_cpp/local_setup.sh
[1.428s] -- Up-to-date symlink: /home/ubuntu/ros2_ws/src/install/ros2_course_cpp/share/ros2_course_cpp/local_setup.zsh
[1.429s] -- Up-to-date symlink: /home/ubuntu/ros2_ws/src/install/ros2_course_cpp/share/ros2_course_cpp/local_setup.dsv
[1.429s] -- Symlinking: /home/ubuntu/ros2_ws/src/install/ros2_course_cpp/share/ros2_course_cpp/package.dsv
[1.444s] -- Up-to-date symlink: /home/ubuntu/ros2_ws/src/install/ros2_course_cpp/share/ament_index/resource_index/packages/ros2_course_cpp
[1.444s] -- Up-to-date symlink: /home/ubuntu/ros2_ws/src/install/ros2_course_cpp/share/ros2_course_cpp/cmake/ros2_course_cppConfig.cmake
[1.444s] -- Up-to-date symlink: /home/ubuntu/ros2_ws/src/install/ros2_course_cpp/share/ros2_course_cpp/cmake/ros2_course_cppConfig-version.cmake
[1.444s] -- Up-to-date symlink: /home/ubuntu/ros2_ws/src/install/ros2_course_cpp/share/ros2_course_cpp/package.xml
[1.450s] Invoked command in '/home/ubuntu/ros2_ws/src/build/ros2_course_cpp' returned '0': CMAKE_PREFIX_PATH=${CMAKE_PREFIX_PATH}:/home/ubuntu/ros2_ws/install/examples_rclpy_minimal_subscriber:/home/ubuntu/ros2_ws/install/examples_rclpy_minimal_service:/home/ubuntu/ros2_ws/install/examples_rclpy_minimal_publisher:/home/ubuntu/ros2_ws/install/examples_rclpy_minimal_client:/home/ubuntu/ros2_ws/install/examples_rclpy_minimal_action_server:/home/ubuntu/ros2_ws/install/examples_rclpy_minimal_action_client:/home/ubuntu/ros2_ws/install/examples_rclpy_executors:/opt/ros/foxy /usr/bin/cmake --install /home/ubuntu/ros2_ws/src/build/ros2_course_cpp
