[0.968s] Invoking command in '/home/ubuntu/ros2_ws/src/build/examples_rclpy_minimal_publisher': PYTHONPATH=/home/ubuntu/ros2_ws/src/install/examples_rclpy_minimal_publisher/lib/python3.8/site-packages:${PYTHONPATH} /usr/bin/python3 setup.py develop --prefix /home/ubuntu/ros2_ws/src/install/examples_rclpy_minimal_publisher --uninstall --editable --build-directory /home/ubuntu/ros2_ws/src/build/examples_rclpy_minimal_publisher/build
[1.319s] running develop
[1.536s] Removing /home/ubuntu/ros2_ws/src/install/examples_rclpy_minimal_publisher/lib/python3.8/site-packages/examples-rclpy-minimal-publisher.egg-link (link to .)
[1.562s] Invoked command in '/home/ubuntu/ros2_ws/src/build/examples_rclpy_minimal_publisher' returned '0': PYTHONPATH=/home/ubuntu/ros2_ws/src/install/examples_rclpy_minimal_publisher/lib/python3.8/site-packages:${PYTHONPATH} /usr/bin/python3 setup.py develop --prefix /home/ubuntu/ros2_ws/src/install/examples_rclpy_minimal_publisher --uninstall --editable --build-directory /home/ubuntu/ros2_ws/src/build/examples_rclpy_minimal_publisher/build
[1.563s] Invoking command in '/home/ubuntu/ros2_ws/src/examples/rclpy/topics/minimal_publisher': PYTHONPATH=/home/ubuntu/ros2_ws/src/install/examples_rclpy_minimal_publisher/lib/python3.8/site-packages:${PYTHONPATH} /usr/bin/python3 setup.py egg_info --egg-base ../../../../build/examples_rclpy_minimal_publisher build --build-base /home/ubuntu/ros2_ws/src/build/examples_rclpy_minimal_publisher/build install --prefix /home/ubuntu/ros2_ws/src/install/examples_rclpy_minimal_publisher --record /home/ubuntu/ros2_ws/src/build/examples_rclpy_minimal_publisher/install.log --single-version-externally-managed
[1.883s] running egg_info
[1.885s] writing ../../../../build/examples_rclpy_minimal_publisher/examples_rclpy_minimal_publisher.egg-info/PKG-INFO
[1.885s] writing dependency_links to ../../../../build/examples_rclpy_minimal_publisher/examples_rclpy_minimal_publisher.egg-info/dependency_links.txt
[1.886s] writing entry points to ../../../../build/examples_rclpy_minimal_publisher/examples_rclpy_minimal_publisher.egg-info/entry_points.txt
[1.886s] writing requirements to ../../../../build/examples_rclpy_minimal_publisher/examples_rclpy_minimal_publisher.egg-info/requires.txt
[1.887s] writing top-level names to ../../../../build/examples_rclpy_minimal_publisher/examples_rclpy_minimal_publisher.egg-info/top_level.txt
[1.933s] reading manifest file '../../../../build/examples_rclpy_minimal_publisher/examples_rclpy_minimal_publisher.egg-info/SOURCES.txt'
[1.934s] writing manifest file '../../../../build/examples_rclpy_minimal_publisher/examples_rclpy_minimal_publisher.egg-info/SOURCES.txt'
[1.935s] running build
[1.935s] running build_py
[1.936s] creating /home/ubuntu/ros2_ws/src/build/examples_rclpy_minimal_publisher/build
[1.936s] creating /home/ubuntu/ros2_ws/src/build/examples_rclpy_minimal_publisher/build/lib
[1.936s] creating /home/ubuntu/ros2_ws/src/build/examples_rclpy_minimal_publisher/build/lib/examples_rclpy_minimal_publisher
[1.937s] copying examples_rclpy_minimal_publisher/publisher_old_school.py -> /home/ubuntu/ros2_ws/src/build/examples_rclpy_minimal_publisher/build/lib/examples_rclpy_minimal_publisher
[1.937s] copying examples_rclpy_minimal_publisher/publisher_member_function.py -> /home/ubuntu/ros2_ws/src/build/examples_rclpy_minimal_publisher/build/lib/examples_rclpy_minimal_publisher
[1.938s] copying examples_rclpy_minimal_publisher/publisher_local_function.py -> /home/ubuntu/ros2_ws/src/build/examples_rclpy_minimal_publisher/build/lib/examples_rclpy_minimal_publisher
[1.938s] copying examples_rclpy_minimal_publisher/__init__.py -> /home/ubuntu/ros2_ws/src/build/examples_rclpy_minimal_publisher/build/lib/examples_rclpy_minimal_publisher
[1.939s] running install
[1.940s] running install_lib
[1.942s] creating /home/ubuntu/ros2_ws/src/install/examples_rclpy_minimal_publisher/lib/python3.8/site-packages/examples_rclpy_minimal_publisher
[1.942s] copying /home/ubuntu/ros2_ws/src/build/examples_rclpy_minimal_publisher/build/lib/examples_rclpy_minimal_publisher/publisher_old_school.py -> /home/ubuntu/ros2_ws/src/install/examples_rclpy_minimal_publisher/lib/python3.8/site-packages/examples_rclpy_minimal_publisher
[1.943s] copying /home/ubuntu/ros2_ws/src/build/examples_rclpy_minimal_publisher/build/lib/examples_rclpy_minimal_publisher/publisher_member_function.py -> /home/ubuntu/ros2_ws/src/install/examples_rclpy_minimal_publisher/lib/python3.8/site-packages/examples_rclpy_minimal_publisher
[1.943s] copying /home/ubuntu/ros2_ws/src/build/examples_rclpy_minimal_publisher/build/lib/examples_rclpy_minimal_publisher/publisher_local_function.py -> /home/ubuntu/ros2_ws/src/install/examples_rclpy_minimal_publisher/lib/python3.8/site-packages/examples_rclpy_minimal_publisher
[1.944s] copying /home/ubuntu/ros2_ws/src/build/examples_rclpy_minimal_publisher/build/lib/examples_rclpy_minimal_publisher/__init__.py -> /home/ubuntu/ros2_ws/src/install/examples_rclpy_minimal_publisher/lib/python3.8/site-packages/examples_rclpy_minimal_publisher
[1.945s] byte-compiling /home/ubuntu/ros2_ws/src/install/examples_rclpy_minimal_publisher/lib/python3.8/site-packages/examples_rclpy_minimal_publisher/publisher_old_school.py to publisher_old_school.cpython-38.pyc
[1.947s] byte-compiling /home/ubuntu/ros2_ws/src/install/examples_rclpy_minimal_publisher/lib/python3.8/site-packages/examples_rclpy_minimal_publisher/publisher_member_function.py to publisher_member_function.cpython-38.pyc
[1.948s] byte-compiling /home/ubuntu/ros2_ws/src/install/examples_rclpy_minimal_publisher/lib/python3.8/site-packages/examples_rclpy_minimal_publisher/publisher_local_function.py to publisher_local_function.cpython-38.pyc
[1.949s] byte-compiling /home/ubuntu/ros2_ws/src/install/examples_rclpy_minimal_publisher/lib/python3.8/site-packages/examples_rclpy_minimal_publisher/__init__.py to __init__.cpython-38.pyc
[1.950s] running install_data
[1.951s] running install_egg_info
[1.953s] Copying ../../../../build/examples_rclpy_minimal_publisher/examples_rclpy_minimal_publisher.egg-info to /home/ubuntu/ros2_ws/src/install/examples_rclpy_minimal_publisher/lib/python3.8/site-packages/examples_rclpy_minimal_publisher-0.9.4-py3.8.egg-info
[1.955s] running install_scripts
[1.980s] Installing publisher_local_function script to /home/ubuntu/ros2_ws/src/install/examples_rclpy_minimal_publisher/lib/examples_rclpy_minimal_publisher
[1.980s] Installing publisher_member_function script to /home/ubuntu/ros2_ws/src/install/examples_rclpy_minimal_publisher/lib/examples_rclpy_minimal_publisher
[1.981s] Installing publisher_old_school script to /home/ubuntu/ros2_ws/src/install/examples_rclpy_minimal_publisher/lib/examples_rclpy_minimal_publisher
[1.981s] writing list of installed files to '/home/ubuntu/ros2_ws/src/build/examples_rclpy_minimal_publisher/install.log'
[2.010s] Invoked command in '/home/ubuntu/ros2_ws/src/examples/rclpy/topics/minimal_publisher' returned '0': PYTHONPATH=/home/ubuntu/ros2_ws/src/install/examples_rclpy_minimal_publisher/lib/python3.8/site-packages:${PYTHONPATH} /usr/bin/python3 setup.py egg_info --egg-base ../../../../build/examples_rclpy_minimal_publisher build --build-base /home/ubuntu/ros2_ws/src/build/examples_rclpy_minimal_publisher/build install --prefix /home/ubuntu/ros2_ws/src/install/examples_rclpy_minimal_publisher --record /home/ubuntu/ros2_ws/src/build/examples_rclpy_minimal_publisher/install.log --single-version-externally-managed
