[1.339s] Invoking command in '/home/ubuntu/ros2_ws/src/build/examples_rclpy_minimal_publisher': PYTHONPATH=/home/ubuntu/ros2_ws/src/install/examples_rclpy_minimal_publisher/lib/python3.8/site-packages:${PYTHONPATH} /usr/bin/python3 setup.py develop --prefix /home/ubuntu/ros2_ws/src/install/examples_rclpy_minimal_publisher --editable --build-directory /home/ubuntu/ros2_ws/src/build/examples_rclpy_minimal_publisher/build --no-deps install_data --install-dir /home/ubuntu/ros2_ws/src/install/examples_rclpy_minimal_publisher
[1.683s] running develop
[1.903s] running egg_info
[1.903s] creating examples_rclpy_minimal_publisher.egg-info
[1.904s] writing examples_rclpy_minimal_publisher.egg-info/PKG-INFO
[1.904s] writing dependency_links to examples_rclpy_minimal_publisher.egg-info/dependency_links.txt
[1.905s] writing entry points to examples_rclpy_minimal_publisher.egg-info/entry_points.txt
[1.905s] writing requirements to examples_rclpy_minimal_publisher.egg-info/requires.txt
[1.905s] writing top-level names to examples_rclpy_minimal_publisher.egg-info/top_level.txt
[1.907s] writing manifest file 'examples_rclpy_minimal_publisher.egg-info/SOURCES.txt'
[1.949s] reading manifest file 'examples_rclpy_minimal_publisher.egg-info/SOURCES.txt'
[1.951s] writing manifest file 'examples_rclpy_minimal_publisher.egg-info/SOURCES.txt'
[2.002s] running build_ext
[2.003s] Creating /home/ubuntu/ros2_ws/src/install/examples_rclpy_minimal_publisher/lib/python3.8/site-packages/site.py
[2.006s] Creating /home/ubuntu/ros2_ws/src/install/examples_rclpy_minimal_publisher/lib/python3.8/site-packages/examples-rclpy-minimal-publisher.egg-link (link to .)
[2.007s] Installing publisher_local_function script to /home/ubuntu/ros2_ws/src/install/examples_rclpy_minimal_publisher/lib/examples_rclpy_minimal_publisher
[2.008s] Installing publisher_member_function script to /home/ubuntu/ros2_ws/src/install/examples_rclpy_minimal_publisher/lib/examples_rclpy_minimal_publisher
[2.008s] Installing publisher_old_school script to /home/ubuntu/ros2_ws/src/install/examples_rclpy_minimal_publisher/lib/examples_rclpy_minimal_publisher
[2.009s] 
[2.009s] Installed /home/ubuntu/ros2_ws/src/build/examples_rclpy_minimal_publisher
[2.009s] running install_data
[2.009s] creating /home/ubuntu/ros2_ws/src/install/examples_rclpy_minimal_publisher/share/ament_index
[2.010s] creating /home/ubuntu/ros2_ws/src/install/examples_rclpy_minimal_publisher/share/ament_index/resource_index
[2.010s] creating /home/ubuntu/ros2_ws/src/install/examples_rclpy_minimal_publisher/share/ament_index/resource_index/packages
[2.010s] copying resource/examples_rclpy_minimal_publisher -> /home/ubuntu/ros2_ws/src/install/examples_rclpy_minimal_publisher/share/ament_index/resource_index/packages
[2.011s] copying package.xml -> /home/ubuntu/ros2_ws/src/install/examples_rclpy_minimal_publisher/share/examples_rclpy_minimal_publisher
[2.080s] Invoked command in '/home/ubuntu/ros2_ws/src/build/examples_rclpy_minimal_publisher' returned '0': PYTHONPATH=/home/ubuntu/ros2_ws/src/install/examples_rclpy_minimal_publisher/lib/python3.8/site-packages:${PYTHONPATH} /usr/bin/python3 setup.py develop --prefix /home/ubuntu/ros2_ws/src/install/examples_rclpy_minimal_publisher --editable --build-directory /home/ubuntu/ros2_ws/src/build/examples_rclpy_minimal_publisher/build --no-deps install_data --install-dir /home/ubuntu/ros2_ws/src/install/examples_rclpy_minimal_publisher
