[0.955s] Invoking command in '/home/ubuntu/ros2_ws/build/examples_rclpy_minimal_action_server': PYTHONPATH=/home/ubuntu/ros2_ws/install/examples_rclpy_minimal_action_server/lib/python3.8/site-packages:${PYTHONPATH} /usr/bin/python3 setup.py develop --prefix /home/ubuntu/ros2_ws/install/examples_rclpy_minimal_action_server --editable --build-directory /home/ubuntu/ros2_ws/build/examples_rclpy_minimal_action_server/build --no-deps install_data --install-dir /home/ubuntu/ros2_ws/install/examples_rclpy_minimal_action_server
[1.298s] running develop
[1.530s] running egg_info
[1.531s] writing examples_rclpy_minimal_action_server.egg-info/PKG-INFO
[1.532s] writing dependency_links to examples_rclpy_minimal_action_server.egg-info/dependency_links.txt
[1.533s] writing entry points to examples_rclpy_minimal_action_server.egg-info/entry_points.txt
[1.533s] writing requirements to examples_rclpy_minimal_action_server.egg-info/requires.txt
[1.533s] writing top-level names to examples_rclpy_minimal_action_server.egg-info/top_level.txt
[1.576s] reading manifest file 'examples_rclpy_minimal_action_server.egg-info/SOURCES.txt'
[1.577s] writing manifest file 'examples_rclpy_minimal_action_server.egg-info/SOURCES.txt'
[1.625s] running build_ext
[1.625s] Creating /home/ubuntu/ros2_ws/install/examples_rclpy_minimal_action_server/lib/python3.8/site-packages/examples-rclpy-minimal-action-server.egg-link (link to .)
[1.627s] Installing server script to /home/ubuntu/ros2_ws/install/examples_rclpy_minimal_action_server/lib/examples_rclpy_minimal_action_server
[1.627s] Installing server_defer script to /home/ubuntu/ros2_ws/install/examples_rclpy_minimal_action_server/lib/examples_rclpy_minimal_action_server
[1.628s] Installing server_not_composable script to /home/ubuntu/ros2_ws/install/examples_rclpy_minimal_action_server/lib/examples_rclpy_minimal_action_server
[1.628s] Installing server_queue_goals script to /home/ubuntu/ros2_ws/install/examples_rclpy_minimal_action_server/lib/examples_rclpy_minimal_action_server
[1.629s] Installing server_single_goal script to /home/ubuntu/ros2_ws/install/examples_rclpy_minimal_action_server/lib/examples_rclpy_minimal_action_server
[1.629s] 
[1.630s] Installed /home/ubuntu/ros2_ws/build/examples_rclpy_minimal_action_server
[1.630s] running install_data
[1.661s] Invoked command in '/home/ubuntu/ros2_ws/build/examples_rclpy_minimal_action_server' returned '0': PYTHONPATH=/home/ubuntu/ros2_ws/install/examples_rclpy_minimal_action_server/lib/python3.8/site-packages:${PYTHONPATH} /usr/bin/python3 setup.py develop --prefix /home/ubuntu/ros2_ws/install/examples_rclpy_minimal_action_server --editable --build-directory /home/ubuntu/ros2_ws/build/examples_rclpy_minimal_action_server/build --no-deps install_data --install-dir /home/ubuntu/ros2_ws/install/examples_rclpy_minimal_action_server
