[0.027s] Invoking command in '/home/ubuntu/ros2_ws/src/build/ros2_course_cpp': CMAKE_PREFIX_PATH=${CMAKE_PREFIX_PATH}:/home/ubuntu/ros2_ws/install/examples_rclpy_minimal_subscriber:/home/ubuntu/ros2_ws/install/examples_rclpy_minimal_service:/home/ubuntu/ros2_ws/install/examples_rclpy_minimal_publisher:/home/ubuntu/ros2_ws/install/examples_rclpy_minimal_client:/home/ubuntu/ros2_ws/install/examples_rclpy_minimal_action_server:/home/ubuntu/ros2_ws/install/examples_rclpy_minimal_action_client:/home/ubuntu/ros2_ws/install/examples_rclpy_executors:/opt/ros/foxy /usr/bin/cmake --build /home/ubuntu/ros2_ws/src/build/ros2_course_cpp -- -j2 -l2
[0.082s] Invoked command in '/home/ubuntu/ros2_ws/src/build/ros2_course_cpp' returned '0': CMAKE_PREFIX_PATH=${CMAKE_PREFIX_PATH}:/home/ubuntu/ros2_ws/install/examples_rclpy_minimal_subscriber:/home/ubuntu/ros2_ws/install/examples_rclpy_minimal_service:/home/ubuntu/ros2_ws/install/examples_rclpy_minimal_publisher:/home/ubuntu/ros2_ws/install/examples_rclpy_minimal_client:/home/ubuntu/ros2_ws/install/examples_rclpy_minimal_action_server:/home/ubuntu/ros2_ws/install/examples_rclpy_minimal_action_client:/home/ubuntu/ros2_ws/install/examples_rclpy_executors:/opt/ros/foxy /usr/bin/cmake --build /home/ubuntu/ros2_ws/src/build/ros2_course_cpp -- -j2 -l2
[0.117s] Invoking command in '/home/ubuntu/ros2_ws/src/build/ros2_course_cpp': CMAKE_PREFIX_PATH=${CMAKE_PREFIX_PATH}:/home/ubuntu/ros2_ws/install/examples_rclpy_minimal_subscriber:/home/ubuntu/ros2_ws/install/examples_rclpy_minimal_service:/home/ubuntu/ros2_ws/install/examples_rclpy_minimal_publisher:/home/ubuntu/ros2_ws/install/examples_rclpy_minimal_client:/home/ubuntu/ros2_ws/install/examples_rclpy_minimal_action_server:/home/ubuntu/ros2_ws/install/examples_rclpy_minimal_action_client:/home/ubuntu/ros2_ws/install/examples_rclpy_executors:/opt/ros/foxy /usr/bin/cmake --install /home/ubuntu/ros2_ws/src/build/ros2_course_cpp
[0.131s] -- Install configuration: ""
[0.132s] -- Execute custom install script
[0.135s] -- Up-to-date symlink: /home/ubuntu/ros2_ws/src/install/ros2_course_cpp/share/ament_index/resource_index/package_run_dependencies/ros2_course_cpp
[0.135s] -- Up-to-date symlink: /home/ubuntu/ros2_ws/src/install/ros2_course_cpp/share/ament_index/resource_index/parent_prefix_path/ros2_course_cpp
[0.137s] -- Up-to-date symlink: /home/ubuntu/ros2_ws/src/install/ros2_course_cpp/share/ros2_course_cpp/environment/ament_prefix_path.sh
[0.137s] -- Up-to-date symlink: /home/ubuntu/ros2_ws/src/install/ros2_course_cpp/share/ros2_course_cpp/environment/ament_prefix_path.dsv
[0.138s] -- Up-to-date symlink: /home/ubuntu/ros2_ws/src/install/ros2_course_cpp/share/ros2_course_cpp/environment/path.sh
[0.139s] -- Up-to-date symlink: /home/ubuntu/ros2_ws/src/install/ros2_course_cpp/share/ros2_course_cpp/environment/path.dsv
[0.140s] -- Up-to-date symlink: /home/ubuntu/ros2_ws/src/install/ros2_course_cpp/share/ros2_course_cpp/local_setup.bash
[0.140s] -- Up-to-date symlink: /home/ubuntu/ros2_ws/src/install/ros2_course_cpp/share/ros2_course_cpp/local_setup.sh
[0.141s] -- Up-to-date symlink: /home/ubuntu/ros2_ws/src/install/ros2_course_cpp/share/ros2_course_cpp/local_setup.zsh
[0.142s] -- Up-to-date symlink: /home/ubuntu/ros2_ws/src/install/ros2_course_cpp/share/ros2_course_cpp/local_setup.dsv
[0.143s] -- Symlinking: /home/ubuntu/ros2_ws/src/install/ros2_course_cpp/share/ros2_course_cpp/package.dsv
[0.156s] -- Up-to-date symlink: /home/ubuntu/ros2_ws/src/install/ros2_course_cpp/share/ament_index/resource_index/packages/ros2_course_cpp
[0.159s] -- Up-to-date symlink: /home/ubuntu/ros2_ws/src/install/ros2_course_cpp/share/ros2_course_cpp/cmake/ros2_course_cppConfig.cmake
[0.159s] -- Up-to-date symlink: /home/ubuntu/ros2_ws/src/install/ros2_course_cpp/share/ros2_course_cpp/cmake/ros2_course_cppConfig-version.cmake
[0.159s] -- Up-to-date symlink: /home/ubuntu/ros2_ws/src/install/ros2_course_cpp/share/ros2_course_cpp/package.xml
[0.165s] Invoked command in '/home/ubuntu/ros2_ws/src/build/ros2_course_cpp' returned '0': CMAKE_PREFIX_PATH=${CMAKE_PREFIX_PATH}:/home/ubuntu/ros2_ws/install/examples_rclpy_minimal_subscriber:/home/ubuntu/ros2_ws/install/examples_rclpy_minimal_service:/home/ubuntu/ros2_ws/install/examples_rclpy_minimal_publisher:/home/ubuntu/ros2_ws/install/examples_rclpy_minimal_client:/home/ubuntu/ros2_ws/install/examples_rclpy_minimal_action_server:/home/ubuntu/ros2_ws/install/examples_rclpy_minimal_action_client:/home/ubuntu/ros2_ws/install/examples_rclpy_executors:/opt/ros/foxy /usr/bin/cmake --install /home/ubuntu/ros2_ws/src/build/ros2_course_cpp
