[1.291s] Invoking command in '/home/ubuntu/ros2_ws/src/build/examples_rclpy_minimal_action_server': PYTHONPATH=/home/ubuntu/ros2_ws/src/install/examples_rclpy_minimal_action_server/lib/python3.8/site-packages:${PYTHONPATH} /usr/bin/python3 setup.py develop --prefix /home/ubuntu/ros2_ws/src/install/examples_rclpy_minimal_action_server --editable --build-directory /home/ubuntu/ros2_ws/src/build/examples_rclpy_minimal_action_server/build --no-deps install_data --install-dir /home/ubuntu/ros2_ws/src/install/examples_rclpy_minimal_action_server
[1.623s] running develop
[1.833s] running egg_info
[1.833s] creating examples_rclpy_minimal_action_server.egg-info
[1.833s] writing examples_rclpy_minimal_action_server.egg-info/PKG-INFO
[1.834s] writing dependency_links to examples_rclpy_minimal_action_server.egg-info/dependency_links.txt
[1.834s] writing entry points to examples_rclpy_minimal_action_server.egg-info/entry_points.txt
[1.834s] writing requirements to examples_rclpy_minimal_action_server.egg-info/requires.txt
[1.834s] writing top-level names to examples_rclpy_minimal_action_server.egg-info/top_level.txt
[1.836s] writing manifest file 'examples_rclpy_minimal_action_server.egg-info/SOURCES.txt'
[1.879s] reading manifest file 'examples_rclpy_minimal_action_server.egg-info/SOURCES.txt'
[1.880s] writing manifest file 'examples_rclpy_minimal_action_server.egg-info/SOURCES.txt'
[1.929s] running build_ext
[1.929s] Creating /home/ubuntu/ros2_ws/src/install/examples_rclpy_minimal_action_server/lib/python3.8/site-packages/site.py
[1.932s] Creating /home/ubuntu/ros2_ws/src/install/examples_rclpy_minimal_action_server/lib/python3.8/site-packages/examples-rclpy-minimal-action-server.egg-link (link to .)
[1.933s] Installing server script to /home/ubuntu/ros2_ws/src/install/examples_rclpy_minimal_action_server/lib/examples_rclpy_minimal_action_server
[1.934s] Installing server_defer script to /home/ubuntu/ros2_ws/src/install/examples_rclpy_minimal_action_server/lib/examples_rclpy_minimal_action_server
[1.934s] Installing server_not_composable script to /home/ubuntu/ros2_ws/src/install/examples_rclpy_minimal_action_server/lib/examples_rclpy_minimal_action_server
[1.934s] Installing server_queue_goals script to /home/ubuntu/ros2_ws/src/install/examples_rclpy_minimal_action_server/lib/examples_rclpy_minimal_action_server
[1.934s] Installing server_single_goal script to /home/ubuntu/ros2_ws/src/install/examples_rclpy_minimal_action_server/lib/examples_rclpy_minimal_action_server
[1.935s] 
[1.935s] Installed /home/ubuntu/ros2_ws/src/build/examples_rclpy_minimal_action_server
[1.935s] running install_data
[1.935s] creating /home/ubuntu/ros2_ws/src/install/examples_rclpy_minimal_action_server/share/ament_index
[1.935s] creating /home/ubuntu/ros2_ws/src/install/examples_rclpy_minimal_action_server/share/ament_index/resource_index
[1.936s] creating /home/ubuntu/ros2_ws/src/install/examples_rclpy_minimal_action_server/share/ament_index/resource_index/packages
[1.936s] copying resource/examples_rclpy_minimal_action_server -> /home/ubuntu/ros2_ws/src/install/examples_rclpy_minimal_action_server/share/ament_index/resource_index/packages
[1.936s] copying package.xml -> /home/ubuntu/ros2_ws/src/install/examples_rclpy_minimal_action_server/share/examples_rclpy_minimal_action_server
[1.976s] Invoked command in '/home/ubuntu/ros2_ws/src/build/examples_rclpy_minimal_action_server' returned '0': PYTHONPATH=/home/ubuntu/ros2_ws/src/install/examples_rclpy_minimal_action_server/lib/python3.8/site-packages:${PYTHONPATH} /usr/bin/python3 setup.py develop --prefix /home/ubuntu/ros2_ws/src/install/examples_rclpy_minimal_action_server --editable --build-directory /home/ubuntu/ros2_ws/src/build/examples_rclpy_minimal_action_server/build --no-deps install_data --install-dir /home/ubuntu/ros2_ws/src/install/examples_rclpy_minimal_action_server
