[ 10%] [32mBuilding CXX object CMakeFiles/pong.dir/src/pong.cpp.o[0m
[ 20%] [32mBuilding CXX object CMakeFiles/ping_pong.dir/src/ping_pong.cpp.o[0m
[01m[K/home/ubuntu/ros2_ws/src/examples/rclcpp/executors/cbg_executor/src/ping_pong.cpp:[m[K In function ‘[01m[Kint main(int, char**)[m[K’:
[01m[K/home/ubuntu/ros2_ws/src/examples/rclcpp/executors/cbg_executor/src/ping_pong.cpp:64:22:[m[K [01;31m[Kerror: [m[K‘[01m[Kclass rclcpp::executors::SingleThreadedExecutor[m[K’ has no member named ‘[01m[Kadd_callback_group[m[K’
   64 |   high_prio_executor.[01;31m[Kadd_callback_group[m[K(
      |                      [01;31m[K^~~~~~~~~~~~~~~~~~[m[K
[01m[K/home/ubuntu/ros2_ws/src/examples/rclcpp/executors/cbg_executor/src/ping_pong.cpp:66:21:[m[K [01;31m[Kerror: [m[K‘[01m[Kclass rclcpp::executors::SingleThreadedExecutor[m[K’ has no member named ‘[01m[Kadd_callback_group[m[K’
   66 |   low_prio_executor.[01;31m[Kadd_callback_group[m[K(
      |                     [01;31m[K^~~~~~~~~~~~~~~~~~[m[K
[01m[K/home/ubuntu/ros2_ws/src/examples/rclcpp/executors/cbg_executor/src/pong.cpp:[m[K In function ‘[01m[Kint main(int, char**)[m[K’:
[01m[K/home/ubuntu/ros2_ws/src/examples/rclcpp/executors/cbg_executor/src/pong.cpp:58:22:[m[K [01;31m[Kerror: [m[K‘[01m[Kclass rclcpp::executors::SingleThreadedExecutor[m[K’ has no member named ‘[01m[Kadd_callback_group[m[K’
   58 |   high_prio_executor.[01;31m[Kadd_callback_group[m[K(
      |                      [01;31m[K^~~~~~~~~~~~~~~~~~[m[K
[01m[K/home/ubuntu/ros2_ws/src/examples/rclcpp/executors/cbg_executor/src/pong.cpp:60:21:[m[K [01;31m[Kerror: [m[K‘[01m[Kclass rclcpp::executors::SingleThreadedExecutor[m[K’ has no member named ‘[01m[Kadd_callback_group[m[K’
   60 |   low_prio_executor.[01;31m[Kadd_callback_group[m[K(
      |                     [01;31m[K^~~~~~~~~~~~~~~~~~[m[K
make[2]: *** [CMakeFiles/ping_pong.dir/build.make:63: CMakeFiles/ping_pong.dir/src/ping_pong.cpp.o] Error 1
make[1]: *** [CMakeFiles/Makefile2:82: CMakeFiles/ping_pong.dir/all] Error 2
make[1]: *** Waiting for unfinished jobs....
[ 30%] [32mBuilding CXX object CMakeFiles/pong.dir/src/examples_rclcpp_cbg_executor/pong_node.cpp.o[0m
make[2]: *** [CMakeFiles/pong.dir/build.make:63: CMakeFiles/pong.dir/src/pong.cpp.o] Error 1
make[2]: *** Waiting for unfinished jobs....
make[1]: *** [CMakeFiles/Makefile2:109: CMakeFiles/pong.dir/all] Error 2
make: *** [Makefile:141: all] Error 2
