[0.025s] Invoking command in '/home/ubuntu/ros2_ws/src/build/examples_rclcpp_minimal_timer': CMAKE_PREFIX_PATH=${CMAKE_PREFIX_PATH}:/home/ubuntu/ros2_ws/install/examples_rclpy_minimal_subscriber:/home/ubuntu/ros2_ws/install/examples_rclpy_minimal_service:/home/ubuntu/ros2_ws/install/examples_rclpy_minimal_publisher:/home/ubuntu/ros2_ws/install/examples_rclpy_minimal_client:/home/ubuntu/ros2_ws/install/examples_rclpy_minimal_action_server:/home/ubuntu/ros2_ws/install/examples_rclpy_minimal_action_client:/home/ubuntu/ros2_ws/install/examples_rclpy_executors:/opt/ros/foxy /usr/bin/cmake /home/ubuntu/ros2_ws/src/examples/rclcpp/timers/minimal_timer -DAMENT_CMAKE_SYMLINK_INSTALL=1 -DCMAKE_INSTALL_PREFIX=/home/ubuntu/ros2_ws/src/install/examples_rclcpp_minimal_timer
[0.097s] -- The C compiler identification is GNU 9.4.0
[0.171s] -- The CXX compiler identification is GNU 9.4.0
[0.178s] -- Check for working C compiler: /usr/bin/cc
[0.283s] -- Check for working C compiler: /usr/bin/cc -- works
[0.283s] -- Detecting C compiler ABI info
[0.499s] -- Detecting C compiler ABI info - done
[0.514s] -- Detecting C compile features
[0.515s] -- Detecting C compile features - done
[0.518s] -- Check for working CXX compiler: /usr/bin/c++
[0.619s] -- Check for working CXX compiler: /usr/bin/c++ -- works
[0.620s] -- Detecting CXX compiler ABI info
[0.727s] -- Detecting CXX compiler ABI info - done
[0.735s] -- Detecting CXX compile features
[0.736s] -- Detecting CXX compile features - done
[0.740s] -- Found ament_cmake: 0.9.9 (/opt/ros/foxy/share/ament_cmake/cmake)
[0.791s] -- Found PythonInterp: /usr/bin/python3 (found suitable version "3.8.10", minimum required is "3") 
[0.791s] -- Using PYTHON_EXECUTABLE: /usr/bin/python3
[1.119s] -- Override CMake install command with custom implementation using symlinks instead of copying resources
[1.166s] -- Found rclcpp: 2.4.1 (/opt/ros/foxy/share/rclcpp/cmake)
[1.241s] -- Using all available rosidl_typesupport_c: rosidl_typesupport_fastrtps_c;rosidl_typesupport_introspection_c
[1.254s] -- Found rosidl_adapter: 1.2.1 (/opt/ros/foxy/share/rosidl_adapter/cmake)
[1.515s] -- Found OpenSSL: /usr/lib/x86_64-linux-gnu/libcrypto.so (found version "1.1.1f")  
[1.591s] -- Found FastRTPS: /opt/ros/foxy/include  
[1.827s] -- Using all available rosidl_typesupport_cpp: rosidl_typesupport_fastrtps_cpp;rosidl_typesupport_introspection_cpp
[2.020s] -- Found rmw_implementation_cmake: 1.0.3 (/opt/ros/foxy/share/rmw_implementation_cmake/cmake)
[2.024s] -- Using RMW implementation 'rmw_fastrtps_cpp' as default
[2.026s] -- Looking for pthread.h
[2.131s] -- Looking for pthread.h - found
[2.132s] -- Performing Test CMAKE_HAVE_LIBC_PTHREAD
[2.235s] -- Performing Test CMAKE_HAVE_LIBC_PTHREAD - Failed
[2.236s] -- Looking for pthread_create in pthreads
[2.479s] -- Looking for pthread_create in pthreads - not found
[2.480s] -- Looking for pthread_create in pthread
[2.744s] -- Looking for pthread_create in pthread - found
[2.745s] -- Found Threads: TRUE  
[3.097s] -- Found ament_lint_auto: 0.9.6 (/opt/ros/foxy/share/ament_lint_auto/cmake)
[3.309s] -- Added test 'copyright' to check source files copyright and LICENSE
[3.311s] -- Added test 'cppcheck' to perform static code analysis on C / C++ code
[3.311s] -- Configured cppcheck include dirs: 
[3.311s] -- Configured cppcheck exclude dirs and/or files: 
[3.319s] -- Added test 'cpplint' to check C / C++ code against the Google style
[3.320s] -- Configured cpplint exclude dirs and/or files: 
[3.321s] -- Added test 'lint_cmake' to check CMake code style
[3.322s] -- Added test 'uncrustify' to check C / C++ code style
[3.322s] -- Configured uncrustify additional arguments: 
[3.323s] -- Added test 'xmllint' to check XML markup files
[3.330s] -- Configuring done
[3.363s] -- Generating done
[3.366s] -- Build files have been written to: /home/ubuntu/ros2_ws/src/build/examples_rclcpp_minimal_timer
[3.376s] Invoked command in '/home/ubuntu/ros2_ws/src/build/examples_rclcpp_minimal_timer' returned '0': CMAKE_PREFIX_PATH=${CMAKE_PREFIX_PATH}:/home/ubuntu/ros2_ws/install/examples_rclpy_minimal_subscriber:/home/ubuntu/ros2_ws/install/examples_rclpy_minimal_service:/home/ubuntu/ros2_ws/install/examples_rclpy_minimal_publisher:/home/ubuntu/ros2_ws/install/examples_rclpy_minimal_client:/home/ubuntu/ros2_ws/install/examples_rclpy_minimal_action_server:/home/ubuntu/ros2_ws/install/examples_rclpy_minimal_action_client:/home/ubuntu/ros2_ws/install/examples_rclpy_executors:/opt/ros/foxy /usr/bin/cmake /home/ubuntu/ros2_ws/src/examples/rclcpp/timers/minimal_timer -DAMENT_CMAKE_SYMLINK_INSTALL=1 -DCMAKE_INSTALL_PREFIX=/home/ubuntu/ros2_ws/src/install/examples_rclcpp_minimal_timer
[3.379s] Invoking command in '/home/ubuntu/ros2_ws/src/build/examples_rclcpp_minimal_timer': CMAKE_PREFIX_PATH=${CMAKE_PREFIX_PATH}:/home/ubuntu/ros2_ws/install/examples_rclpy_minimal_subscriber:/home/ubuntu/ros2_ws/install/examples_rclpy_minimal_service:/home/ubuntu/ros2_ws/install/examples_rclpy_minimal_publisher:/home/ubuntu/ros2_ws/install/examples_rclpy_minimal_client:/home/ubuntu/ros2_ws/install/examples_rclpy_minimal_action_server:/home/ubuntu/ros2_ws/install/examples_rclpy_minimal_action_client:/home/ubuntu/ros2_ws/install/examples_rclpy_executors:/opt/ros/foxy /usr/bin/cmake --build /home/ubuntu/ros2_ws/src/build/examples_rclcpp_minimal_timer -- -j2 -l2
[3.532s] [35m[1mScanning dependencies of target timer_member_function[0m
[3.540s] [35m[1mScanning dependencies of target timer_lambda[0m
[3.647s] [ 25%] [32mBuilding CXX object CMakeFiles/timer_member_function.dir/member_function.cpp.o[0m
[3.673s] [ 50%] [32mBuilding CXX object CMakeFiles/timer_lambda.dir/lambda.cpp.o[0m
[8.715s] [ 75%] [32m[1mLinking CXX executable timer_member_function[0m
[8.733s] [100%] [32m[1mLinking CXX executable timer_lambda[0m
[9.106s] [100%] Built target timer_lambda
[9.108s] [100%] Built target timer_member_function
[9.147s] Invoked command in '/home/ubuntu/ros2_ws/src/build/examples_rclcpp_minimal_timer' returned '0': CMAKE_PREFIX_PATH=${CMAKE_PREFIX_PATH}:/home/ubuntu/ros2_ws/install/examples_rclpy_minimal_subscriber:/home/ubuntu/ros2_ws/install/examples_rclpy_minimal_service:/home/ubuntu/ros2_ws/install/examples_rclpy_minimal_publisher:/home/ubuntu/ros2_ws/install/examples_rclpy_minimal_client:/home/ubuntu/ros2_ws/install/examples_rclpy_minimal_action_server:/home/ubuntu/ros2_ws/install/examples_rclpy_minimal_action_client:/home/ubuntu/ros2_ws/install/examples_rclpy_executors:/opt/ros/foxy /usr/bin/cmake --build /home/ubuntu/ros2_ws/src/build/examples_rclcpp_minimal_timer -- -j2 -l2
[9.373s] Invoking command in '/home/ubuntu/ros2_ws/src/build/examples_rclcpp_minimal_timer': CMAKE_PREFIX_PATH=${CMAKE_PREFIX_PATH}:/home/ubuntu/ros2_ws/install/examples_rclpy_minimal_subscriber:/home/ubuntu/ros2_ws/install/examples_rclpy_minimal_service:/home/ubuntu/ros2_ws/install/examples_rclpy_minimal_publisher:/home/ubuntu/ros2_ws/install/examples_rclpy_minimal_client:/home/ubuntu/ros2_ws/install/examples_rclpy_minimal_action_server:/home/ubuntu/ros2_ws/install/examples_rclpy_minimal_action_client:/home/ubuntu/ros2_ws/install/examples_rclpy_executors:/opt/ros/foxy /usr/bin/cmake --install /home/ubuntu/ros2_ws/src/build/examples_rclcpp_minimal_timer
[9.399s] -- Install configuration: ""
[9.400s] -- Execute custom install script
[9.400s] -- Symlinking: /home/ubuntu/ros2_ws/src/install/examples_rclcpp_minimal_timer/lib/examples_rclcpp_minimal_timer/timer_lambda
[9.441s] -- Symlinking: /home/ubuntu/ros2_ws/src/install/examples_rclcpp_minimal_timer/lib/examples_rclcpp_minimal_timer/timer_member_function
[9.462s] -- Symlinking: /home/ubuntu/ros2_ws/src/install/examples_rclcpp_minimal_timer/share/ament_index/resource_index/package_run_dependencies/examples_rclcpp_minimal_timer
[9.488s] -- Symlinking: /home/ubuntu/ros2_ws/src/install/examples_rclcpp_minimal_timer/share/ament_index/resource_index/parent_prefix_path/examples_rclcpp_minimal_timer
[9.503s] -- Symlinking: /home/ubuntu/ros2_ws/src/install/examples_rclcpp_minimal_timer/share/examples_rclcpp_minimal_timer/environment/ament_prefix_path.sh
[9.526s] -- Symlinking: /home/ubuntu/ros2_ws/src/install/examples_rclcpp_minimal_timer/share/examples_rclcpp_minimal_timer/environment/ament_prefix_path.dsv
[9.539s] -- Symlinking: /home/ubuntu/ros2_ws/src/install/examples_rclcpp_minimal_timer/share/examples_rclcpp_minimal_timer/environment/path.sh
[9.555s] -- Symlinking: /home/ubuntu/ros2_ws/src/install/examples_rclcpp_minimal_timer/share/examples_rclcpp_minimal_timer/environment/path.dsv
[9.567s] -- Symlinking: /home/ubuntu/ros2_ws/src/install/examples_rclcpp_minimal_timer/share/examples_rclcpp_minimal_timer/local_setup.bash
[9.581s] -- Symlinking: /home/ubuntu/ros2_ws/src/install/examples_rclcpp_minimal_timer/share/examples_rclcpp_minimal_timer/local_setup.sh
[9.594s] -- Symlinking: /home/ubuntu/ros2_ws/src/install/examples_rclcpp_minimal_timer/share/examples_rclcpp_minimal_timer/local_setup.zsh
[9.607s] -- Symlinking: /home/ubuntu/ros2_ws/src/install/examples_rclcpp_minimal_timer/share/examples_rclcpp_minimal_timer/local_setup.dsv
[9.619s] -- Symlinking: /home/ubuntu/ros2_ws/src/install/examples_rclcpp_minimal_timer/share/examples_rclcpp_minimal_timer/package.dsv
[9.632s] -- Symlinking: /home/ubuntu/ros2_ws/src/install/examples_rclcpp_minimal_timer/share/ament_index/resource_index/packages/examples_rclcpp_minimal_timer
[9.645s] -- Symlinking: /home/ubuntu/ros2_ws/src/install/examples_rclcpp_minimal_timer/share/examples_rclcpp_minimal_timer/cmake/examples_rclcpp_minimal_timerConfig.cmake
[9.657s] -- Symlinking: /home/ubuntu/ros2_ws/src/install/examples_rclcpp_minimal_timer/share/examples_rclcpp_minimal_timer/cmake/examples_rclcpp_minimal_timerConfig-version.cmake
[9.670s] -- Symlinking: /home/ubuntu/ros2_ws/src/install/examples_rclcpp_minimal_timer/share/examples_rclcpp_minimal_timer/package.xml
[9.691s] Invoked command in '/home/ubuntu/ros2_ws/src/build/examples_rclcpp_minimal_timer' returned '0': CMAKE_PREFIX_PATH=${CMAKE_PREFIX_PATH}:/home/ubuntu/ros2_ws/install/examples_rclpy_minimal_subscriber:/home/ubuntu/ros2_ws/install/examples_rclpy_minimal_service:/home/ubuntu/ros2_ws/install/examples_rclpy_minimal_publisher:/home/ubuntu/ros2_ws/install/examples_rclpy_minimal_client:/home/ubuntu/ros2_ws/install/examples_rclpy_minimal_action_server:/home/ubuntu/ros2_ws/install/examples_rclpy_minimal_action_client:/home/ubuntu/ros2_ws/install/examples_rclpy_executors:/opt/ros/foxy /usr/bin/cmake --install /home/ubuntu/ros2_ws/src/build/examples_rclcpp_minimal_timer
