[0.035s] Invoking command in '/home/ubuntu/ros2_ws/build/examples_rclcpp_minimal_action_server': CMAKE_PREFIX_PATH=${CMAKE_PREFIX_PATH}:/home/ubuntu/ros2_ws/install/ros2_course_python:/home/ubuntu/ros2_ws/install/examples_rclpy_minimal_subscriber:/home/ubuntu/ros2_ws/install/examples_rclpy_minimal_service:/home/ubuntu/ros2_ws/install/examples_rclpy_minimal_publisher:/home/ubuntu/ros2_ws/install/examples_rclpy_minimal_client:/home/ubuntu/ros2_ws/install/examples_rclpy_minimal_action_server:/home/ubuntu/ros2_ws/install/examples_rclpy_minimal_action_client:/home/ubuntu/ros2_ws/install/examples_rclpy_executors:/opt/ros/foxy /usr/bin/cmake --build /home/ubuntu/ros2_ws/build/examples_rclcpp_minimal_action_server -- -j2 -l2
[0.145s] [ 50%] Built target action_server_not_composable
[0.159s] [100%] Built target action_server_member_functions
[0.204s] Invoked command in '/home/ubuntu/ros2_ws/build/examples_rclcpp_minimal_action_server' returned '0': CMAKE_PREFIX_PATH=${CMAKE_PREFIX_PATH}:/home/ubuntu/ros2_ws/install/ros2_course_python:/home/ubuntu/ros2_ws/install/examples_rclpy_minimal_subscriber:/home/ubuntu/ros2_ws/install/examples_rclpy_minimal_service:/home/ubuntu/ros2_ws/install/examples_rclpy_minimal_publisher:/home/ubuntu/ros2_ws/install/examples_rclpy_minimal_client:/home/ubuntu/ros2_ws/install/examples_rclpy_minimal_action_server:/home/ubuntu/ros2_ws/install/examples_rclpy_minimal_action_client:/home/ubuntu/ros2_ws/install/examples_rclpy_executors:/opt/ros/foxy /usr/bin/cmake --build /home/ubuntu/ros2_ws/build/examples_rclcpp_minimal_action_server -- -j2 -l2
[0.266s] Invoking command in '/home/ubuntu/ros2_ws/build/examples_rclcpp_minimal_action_server': CMAKE_PREFIX_PATH=${CMAKE_PREFIX_PATH}:/home/ubuntu/ros2_ws/install/ros2_course_python:/home/ubuntu/ros2_ws/install/examples_rclpy_minimal_subscriber:/home/ubuntu/ros2_ws/install/examples_rclpy_minimal_service:/home/ubuntu/ros2_ws/install/examples_rclpy_minimal_publisher:/home/ubuntu/ros2_ws/install/examples_rclpy_minimal_client:/home/ubuntu/ros2_ws/install/examples_rclpy_minimal_action_server:/home/ubuntu/ros2_ws/install/examples_rclpy_minimal_action_client:/home/ubuntu/ros2_ws/install/examples_rclpy_executors:/opt/ros/foxy /usr/bin/cmake --install /home/ubuntu/ros2_ws/build/examples_rclcpp_minimal_action_server
[0.276s] -- Install configuration: ""
[0.277s] -- Execute custom install script
[0.277s] -- Up-to-date symlink: /home/ubuntu/ros2_ws/install/examples_rclcpp_minimal_action_server/lib/examples_rclcpp_minimal_action_server/action_server_not_composable
[0.278s] -- Up-to-date symlink: /home/ubuntu/ros2_ws/install/examples_rclcpp_minimal_action_server/lib/examples_rclcpp_minimal_action_server/action_server_member_functions
[0.278s] -- Up-to-date symlink: /home/ubuntu/ros2_ws/install/examples_rclcpp_minimal_action_server/share/ament_index/resource_index/package_run_dependencies/examples_rclcpp_minimal_action_server
[0.278s] -- Up-to-date symlink: /home/ubuntu/ros2_ws/install/examples_rclcpp_minimal_action_server/share/ament_index/resource_index/parent_prefix_path/examples_rclcpp_minimal_action_server
[0.279s] -- Up-to-date symlink: /home/ubuntu/ros2_ws/install/examples_rclcpp_minimal_action_server/share/examples_rclcpp_minimal_action_server/environment/ament_prefix_path.sh
[0.279s] -- Up-to-date symlink: /home/ubuntu/ros2_ws/install/examples_rclcpp_minimal_action_server/share/examples_rclcpp_minimal_action_server/environment/ament_prefix_path.dsv
[0.279s] -- Up-to-date symlink: /home/ubuntu/ros2_ws/install/examples_rclcpp_minimal_action_server/share/examples_rclcpp_minimal_action_server/environment/path.sh
[0.280s] -- Up-to-date symlink: /home/ubuntu/ros2_ws/install/examples_rclcpp_minimal_action_server/share/examples_rclcpp_minimal_action_server/environment/path.dsv
[0.280s] -- Up-to-date symlink: /home/ubuntu/ros2_ws/install/examples_rclcpp_minimal_action_server/share/examples_rclcpp_minimal_action_server/local_setup.bash
[0.281s] -- Up-to-date symlink: /home/ubuntu/ros2_ws/install/examples_rclcpp_minimal_action_server/share/examples_rclcpp_minimal_action_server/local_setup.sh
[0.281s] -- Up-to-date symlink: /home/ubuntu/ros2_ws/install/examples_rclcpp_minimal_action_server/share/examples_rclcpp_minimal_action_server/local_setup.zsh
[0.281s] -- Up-to-date symlink: /home/ubuntu/ros2_ws/install/examples_rclcpp_minimal_action_server/share/examples_rclcpp_minimal_action_server/local_setup.dsv
[0.282s] -- Symlinking: /home/ubuntu/ros2_ws/install/examples_rclcpp_minimal_action_server/share/examples_rclcpp_minimal_action_server/package.dsv
[0.294s] -- Up-to-date symlink: /home/ubuntu/ros2_ws/install/examples_rclcpp_minimal_action_server/share/ament_index/resource_index/packages/examples_rclcpp_minimal_action_server
[0.294s] -- Up-to-date symlink: /home/ubuntu/ros2_ws/install/examples_rclcpp_minimal_action_server/share/examples_rclcpp_minimal_action_server/cmake/examples_rclcpp_minimal_action_serverConfig.cmake
[0.294s] -- Up-to-date symlink: /home/ubuntu/ros2_ws/install/examples_rclcpp_minimal_action_server/share/examples_rclcpp_minimal_action_server/cmake/examples_rclcpp_minimal_action_serverConfig-version.cmake
[0.294s] -- Up-to-date symlink: /home/ubuntu/ros2_ws/install/examples_rclcpp_minimal_action_server/share/examples_rclcpp_minimal_action_server/package.xml
[0.298s] Invoked command in '/home/ubuntu/ros2_ws/build/examples_rclcpp_minimal_action_server' returned '0': CMAKE_PREFIX_PATH=${CMAKE_PREFIX_PATH}:/home/ubuntu/ros2_ws/install/ros2_course_python:/home/ubuntu/ros2_ws/install/examples_rclpy_minimal_subscriber:/home/ubuntu/ros2_ws/install/examples_rclpy_minimal_service:/home/ubuntu/ros2_ws/install/examples_rclpy_minimal_publisher:/home/ubuntu/ros2_ws/install/examples_rclpy_minimal_client:/home/ubuntu/ros2_ws/install/examples_rclpy_minimal_action_server:/home/ubuntu/ros2_ws/install/examples_rclpy_minimal_action_client:/home/ubuntu/ros2_ws/install/examples_rclpy_executors:/opt/ros/foxy /usr/bin/cmake --install /home/ubuntu/ros2_ws/build/examples_rclcpp_minimal_action_server
