[0.026s] Invoking command in '/home/ubuntu/ros2_ws/build/examples_rclcpp_minimal_action_server': CMAKE_PREFIX_PATH=${CMAKE_PREFIX_PATH}:/opt/ros/foxy /usr/bin/cmake /home/ubuntu/ros2_ws/src/examples/rclcpp/actions/minimal_action_server -DAMENT_CMAKE_SYMLINK_INSTALL=1 -DCMAKE_INSTALL_PREFIX=/home/ubuntu/ros2_ws/install/examples_rclcpp_minimal_action_server
[0.343s] -- The C compiler identification is GNU 9.4.0
[0.422s] -- The CXX compiler identification is GNU 9.4.0
[0.436s] -- Check for working C compiler: /usr/bin/cc
[0.526s] -- Check for working C compiler: /usr/bin/cc -- works
[0.531s] -- Detecting C compiler ABI info
[0.621s] -- Detecting C compiler ABI info - done
[0.634s] -- Detecting C compile features
[0.635s] -- Detecting C compile features - done
[0.646s] -- Check for working CXX compiler: /usr/bin/c++
[0.743s] -- Check for working CXX compiler: /usr/bin/c++ -- works
[0.749s] -- Detecting CXX compiler ABI info
[0.844s] -- Detecting CXX compiler ABI info - done
[0.860s] -- Detecting CXX compile features
[0.861s] -- Detecting CXX compile features - done
[0.875s] -- Found ament_cmake: 0.9.9 (/opt/ros/foxy/share/ament_cmake/cmake)
[0.940s] -- Found PythonInterp: /usr/bin/python3 (found suitable version "3.8.10", minimum required is "3") 
[0.940s] -- Using PYTHON_EXECUTABLE: /usr/bin/python3
[1.201s] -- Override CMake install command with custom implementation using symlinks instead of copying resources
[1.260s] -- Found example_interfaces: 0.9.1 (/opt/ros/foxy/share/example_interfaces/cmake)
[1.323s] -- Using all available rosidl_typesupport_c: rosidl_typesupport_fastrtps_c;rosidl_typesupport_introspection_c
[1.338s] -- Found rosidl_adapter: 1.2.1 (/opt/ros/foxy/share/rosidl_adapter/cmake)
[1.477s] -- Found OpenSSL: /usr/lib/x86_64-linux-gnu/libcrypto.so (found version "1.1.1f")  
[1.515s] -- Found FastRTPS: /opt/ros/foxy/include  
[1.644s] -- Using all available rosidl_typesupport_cpp: rosidl_typesupport_fastrtps_cpp;rosidl_typesupport_introspection_cpp
[1.880s] -- Found rclcpp: 2.4.1 (/opt/ros/foxy/share/rclcpp/cmake)
[1.986s] -- Found rmw_implementation_cmake: 1.0.3 (/opt/ros/foxy/share/rmw_implementation_cmake/cmake)
[1.991s] -- Using RMW implementation 'rmw_fastrtps_cpp' as default
[1.995s] -- Looking for pthread.h
[2.089s] -- Looking for pthread.h - found
[2.089s] -- Performing Test CMAKE_HAVE_LIBC_PTHREAD
[2.181s] -- Performing Test CMAKE_HAVE_LIBC_PTHREAD - Failed
[2.181s] -- Looking for pthread_create in pthreads
[2.257s] -- Looking for pthread_create in pthreads - not found
[2.257s] -- Looking for pthread_create in pthread
[2.344s] -- Looking for pthread_create in pthread - found
[2.345s] -- Found Threads: TRUE  
[2.590s] -- Found rclcpp_action: 2.4.1 (/opt/ros/foxy/share/rclcpp_action/cmake)
[2.641s] -- Found ament_lint_auto: 0.9.6 (/opt/ros/foxy/share/ament_lint_auto/cmake)
[2.762s] -- Added test 'copyright' to check source files copyright and LICENSE
[2.764s] -- Added test 'cppcheck' to perform static code analysis on C / C++ code
[2.765s] -- Configured cppcheck include dirs: 
[2.765s] -- Configured cppcheck exclude dirs and/or files: 
[2.766s] -- Added test 'cpplint' to check C / C++ code against the Google style
[2.767s] -- Configured cpplint exclude dirs and/or files: 
[2.769s] -- Added test 'lint_cmake' to check CMake code style
[2.771s] -- Added test 'uncrustify' to check C / C++ code style
[2.772s] -- Configured uncrustify additional arguments: 
[2.773s] -- Added test 'xmllint' to check XML markup files
[2.779s] -- Configuring done
[2.796s] -- Generating done
[2.798s] -- Build files have been written to: /home/ubuntu/ros2_ws/build/examples_rclcpp_minimal_action_server
[2.813s] Invoked command in '/home/ubuntu/ros2_ws/build/examples_rclcpp_minimal_action_server' returned '0': CMAKE_PREFIX_PATH=${CMAKE_PREFIX_PATH}:/opt/ros/foxy /usr/bin/cmake /home/ubuntu/ros2_ws/src/examples/rclcpp/actions/minimal_action_server -DAMENT_CMAKE_SYMLINK_INSTALL=1 -DCMAKE_INSTALL_PREFIX=/home/ubuntu/ros2_ws/install/examples_rclcpp_minimal_action_server
[2.814s] Invoking command in '/home/ubuntu/ros2_ws/build/examples_rclcpp_minimal_action_server': CMAKE_PREFIX_PATH=${CMAKE_PREFIX_PATH}:/opt/ros/foxy /usr/bin/cmake --build /home/ubuntu/ros2_ws/build/examples_rclcpp_minimal_action_server -- -j2 -l2
[2.871s] [35m[1mScanning dependencies of target action_server_not_composable[0m
[2.873s] [35m[1mScanning dependencies of target action_server_member_functions[0m
[3.021s] [ 25%] [32mBuilding CXX object CMakeFiles/action_server_member_functions.dir/member_functions.cpp.o[0m
[3.021s] [ 50%] [32mBuilding CXX object CMakeFiles/action_server_not_composable.dir/not_composable.cpp.o[0m
[10.659s] [ 75%] [32m[1mLinking CXX executable action_server_not_composable[0m
[10.817s] [100%] [32m[1mLinking CXX executable action_server_member_functions[0m
[11.177s] [100%] Built target action_server_not_composable
[11.184s] [100%] Built target action_server_member_functions
[11.214s] Invoked command in '/home/ubuntu/ros2_ws/build/examples_rclcpp_minimal_action_server' returned '0': CMAKE_PREFIX_PATH=${CMAKE_PREFIX_PATH}:/opt/ros/foxy /usr/bin/cmake --build /home/ubuntu/ros2_ws/build/examples_rclcpp_minimal_action_server -- -j2 -l2
[11.429s] Invoking command in '/home/ubuntu/ros2_ws/build/examples_rclcpp_minimal_action_server': CMAKE_PREFIX_PATH=${CMAKE_PREFIX_PATH}:/opt/ros/foxy /usr/bin/cmake --install /home/ubuntu/ros2_ws/build/examples_rclcpp_minimal_action_server
[11.439s] -- Install configuration: ""
[11.439s] -- Execute custom install script
[11.440s] -- Symlinking: /home/ubuntu/ros2_ws/install/examples_rclcpp_minimal_action_server/lib/examples_rclcpp_minimal_action_server/action_server_not_composable
[11.451s] -- Symlinking: /home/ubuntu/ros2_ws/install/examples_rclcpp_minimal_action_server/lib/examples_rclcpp_minimal_action_server/action_server_member_functions
[11.462s] -- Symlinking: /home/ubuntu/ros2_ws/install/examples_rclcpp_minimal_action_server/share/ament_index/resource_index/package_run_dependencies/examples_rclcpp_minimal_action_server
[11.488s] -- Symlinking: /home/ubuntu/ros2_ws/install/examples_rclcpp_minimal_action_server/share/ament_index/resource_index/parent_prefix_path/examples_rclcpp_minimal_action_server
[11.516s] -- Symlinking: /home/ubuntu/ros2_ws/install/examples_rclcpp_minimal_action_server/share/examples_rclcpp_minimal_action_server/environment/ament_prefix_path.sh
[11.545s] -- Symlinking: /home/ubuntu/ros2_ws/install/examples_rclcpp_minimal_action_server/share/examples_rclcpp_minimal_action_server/environment/ament_prefix_path.dsv
[11.577s] -- Symlinking: /home/ubuntu/ros2_ws/install/examples_rclcpp_minimal_action_server/share/examples_rclcpp_minimal_action_server/environment/path.sh
[11.604s] -- Symlinking: /home/ubuntu/ros2_ws/install/examples_rclcpp_minimal_action_server/share/examples_rclcpp_minimal_action_server/environment/path.dsv
[11.638s] -- Symlinking: /home/ubuntu/ros2_ws/install/examples_rclcpp_minimal_action_server/share/examples_rclcpp_minimal_action_server/local_setup.bash
[11.673s] -- Symlinking: /home/ubuntu/ros2_ws/install/examples_rclcpp_minimal_action_server/share/examples_rclcpp_minimal_action_server/local_setup.sh
[11.696s] -- Symlinking: /home/ubuntu/ros2_ws/install/examples_rclcpp_minimal_action_server/share/examples_rclcpp_minimal_action_server/local_setup.zsh
[11.708s] -- Symlinking: /home/ubuntu/ros2_ws/install/examples_rclcpp_minimal_action_server/share/examples_rclcpp_minimal_action_server/local_setup.dsv
[11.719s] -- Symlinking: /home/ubuntu/ros2_ws/install/examples_rclcpp_minimal_action_server/share/examples_rclcpp_minimal_action_server/package.dsv
[11.731s] -- Symlinking: /home/ubuntu/ros2_ws/install/examples_rclcpp_minimal_action_server/share/ament_index/resource_index/packages/examples_rclcpp_minimal_action_server
[11.742s] -- Symlinking: /home/ubuntu/ros2_ws/install/examples_rclcpp_minimal_action_server/share/examples_rclcpp_minimal_action_server/cmake/examples_rclcpp_minimal_action_serverConfig.cmake
[11.753s] -- Symlinking: /home/ubuntu/ros2_ws/install/examples_rclcpp_minimal_action_server/share/examples_rclcpp_minimal_action_server/cmake/examples_rclcpp_minimal_action_serverConfig-version.cmake
[11.764s] -- Symlinking: /home/ubuntu/ros2_ws/install/examples_rclcpp_minimal_action_server/share/examples_rclcpp_minimal_action_server/package.xml
[11.777s] Invoked command in '/home/ubuntu/ros2_ws/build/examples_rclcpp_minimal_action_server' returned '0': CMAKE_PREFIX_PATH=${CMAKE_PREFIX_PATH}:/opt/ros/foxy /usr/bin/cmake --install /home/ubuntu/ros2_ws/build/examples_rclcpp_minimal_action_server
