[0.864s] Invoking command in '/home/ubuntu/ros2_ws/build/examples_rclpy_minimal_publisher': PYTHONPATH=/home/ubuntu/ros2_ws/install/examples_rclpy_minimal_publisher/lib/python3.8/site-packages:${PYTHONPATH} /usr/bin/python3 setup.py develop --prefix /home/ubuntu/ros2_ws/install/examples_rclpy_minimal_publisher --editable --build-directory /home/ubuntu/ros2_ws/build/examples_rclpy_minimal_publisher/build --no-deps install_data --install-dir /home/ubuntu/ros2_ws/install/examples_rclpy_minimal_publisher
[1.171s] running develop
[1.365s] running egg_info
[1.365s] creating examples_rclpy_minimal_publisher.egg-info
[1.366s] writing examples_rclpy_minimal_publisher.egg-info/PKG-INFO
[1.366s] writing dependency_links to examples_rclpy_minimal_publisher.egg-info/dependency_links.txt
[1.367s] writing entry points to examples_rclpy_minimal_publisher.egg-info/entry_points.txt
[1.367s] writing requirements to examples_rclpy_minimal_publisher.egg-info/requires.txt
[1.367s] writing top-level names to examples_rclpy_minimal_publisher.egg-info/top_level.txt
[1.369s] writing manifest file 'examples_rclpy_minimal_publisher.egg-info/SOURCES.txt'
[1.409s] reading manifest file 'examples_rclpy_minimal_publisher.egg-info/SOURCES.txt'
[1.410s] writing manifest file 'examples_rclpy_minimal_publisher.egg-info/SOURCES.txt'
[1.456s] running build_ext
[1.457s] Creating /home/ubuntu/ros2_ws/install/examples_rclpy_minimal_publisher/lib/python3.8/site-packages/site.py
[1.459s] Creating /home/ubuntu/ros2_ws/install/examples_rclpy_minimal_publisher/lib/python3.8/site-packages/examples-rclpy-minimal-publisher.egg-link (link to .)
[1.461s] Installing publisher_local_function script to /home/ubuntu/ros2_ws/install/examples_rclpy_minimal_publisher/lib/examples_rclpy_minimal_publisher
[1.461s] Installing publisher_member_function script to /home/ubuntu/ros2_ws/install/examples_rclpy_minimal_publisher/lib/examples_rclpy_minimal_publisher
[1.461s] Installing publisher_old_school script to /home/ubuntu/ros2_ws/install/examples_rclpy_minimal_publisher/lib/examples_rclpy_minimal_publisher
[1.462s] 
[1.462s] Installed /home/ubuntu/ros2_ws/build/examples_rclpy_minimal_publisher
[1.462s] running install_data
[1.463s] creating /home/ubuntu/ros2_ws/install/examples_rclpy_minimal_publisher/share/ament_index
[1.463s] creating /home/ubuntu/ros2_ws/install/examples_rclpy_minimal_publisher/share/ament_index/resource_index
[1.463s] creating /home/ubuntu/ros2_ws/install/examples_rclpy_minimal_publisher/share/ament_index/resource_index/packages
[1.463s] copying resource/examples_rclpy_minimal_publisher -> /home/ubuntu/ros2_ws/install/examples_rclpy_minimal_publisher/share/ament_index/resource_index/packages
[1.464s] copying package.xml -> /home/ubuntu/ros2_ws/install/examples_rclpy_minimal_publisher/share/examples_rclpy_minimal_publisher
[1.491s] Invoked command in '/home/ubuntu/ros2_ws/build/examples_rclpy_minimal_publisher' returned '0': PYTHONPATH=/home/ubuntu/ros2_ws/install/examples_rclpy_minimal_publisher/lib/python3.8/site-packages:${PYTHONPATH} /usr/bin/python3 setup.py develop --prefix /home/ubuntu/ros2_ws/install/examples_rclpy_minimal_publisher --editable --build-directory /home/ubuntu/ros2_ws/build/examples_rclpy_minimal_publisher/build --no-deps install_data --install-dir /home/ubuntu/ros2_ws/install/examples_rclpy_minimal_publisher
