[0.968s] Invoking command in '/home/ubuntu/ros2_ws/build/examples_rclpy_minimal_action_server': PYTHONPATH=/home/ubuntu/ros2_ws/install/examples_rclpy_minimal_action_server/lib/python3.8/site-packages:${PYTHONPATH} /usr/bin/python3 setup.py develop --prefix /home/ubuntu/ros2_ws/install/examples_rclpy_minimal_action_server --editable --build-directory /home/ubuntu/ros2_ws/build/examples_rclpy_minimal_action_server/build --no-deps install_data --install-dir /home/ubuntu/ros2_ws/install/examples_rclpy_minimal_action_server
[1.318s] running develop
[1.528s] running egg_info
[1.528s] writing examples_rclpy_minimal_action_server.egg-info/PKG-INFO
[1.528s] writing dependency_links to examples_rclpy_minimal_action_server.egg-info/dependency_links.txt
[1.528s] writing entry points to examples_rclpy_minimal_action_server.egg-info/entry_points.txt
[1.529s] writing requirements to examples_rclpy_minimal_action_server.egg-info/requires.txt
[1.529s] writing top-level names to examples_rclpy_minimal_action_server.egg-info/top_level.txt
[1.572s] reading manifest file 'examples_rclpy_minimal_action_server.egg-info/SOURCES.txt'
[1.573s] writing manifest file 'examples_rclpy_minimal_action_server.egg-info/SOURCES.txt'
[1.622s] running build_ext
[1.623s] Creating /home/ubuntu/ros2_ws/install/examples_rclpy_minimal_action_server/lib/python3.8/site-packages/examples-rclpy-minimal-action-server.egg-link (link to .)
[1.624s] Installing server script to /home/ubuntu/ros2_ws/install/examples_rclpy_minimal_action_server/lib/examples_rclpy_minimal_action_server
[1.624s] Installing server_defer script to /home/ubuntu/ros2_ws/install/examples_rclpy_minimal_action_server/lib/examples_rclpy_minimal_action_server
[1.625s] Installing server_not_composable script to /home/ubuntu/ros2_ws/install/examples_rclpy_minimal_action_server/lib/examples_rclpy_minimal_action_server
[1.625s] Installing server_queue_goals script to /home/ubuntu/ros2_ws/install/examples_rclpy_minimal_action_server/lib/examples_rclpy_minimal_action_server
[1.625s] Installing server_single_goal script to /home/ubuntu/ros2_ws/install/examples_rclpy_minimal_action_server/lib/examples_rclpy_minimal_action_server
[1.626s] 
[1.626s] Installed /home/ubuntu/ros2_ws/build/examples_rclpy_minimal_action_server
[1.626s] running install_data
[1.663s] Invoked command in '/home/ubuntu/ros2_ws/build/examples_rclpy_minimal_action_server' returned '0': PYTHONPATH=/home/ubuntu/ros2_ws/install/examples_rclpy_minimal_action_server/lib/python3.8/site-packages:${PYTHONPATH} /usr/bin/python3 setup.py develop --prefix /home/ubuntu/ros2_ws/install/examples_rclpy_minimal_action_server --editable --build-directory /home/ubuntu/ros2_ws/build/examples_rclpy_minimal_action_server/build --no-deps install_data --install-dir /home/ubuntu/ros2_ws/install/examples_rclpy_minimal_action_server
