[0.942s] Invoking command in '/home/ubuntu/ros2_ws/src/build/examples_rclpy_executors': PYTHONPATH=/home/ubuntu/ros2_ws/src/install/examples_rclpy_executors/lib/python3.8/site-packages:${PYTHONPATH} /usr/bin/python3 setup.py develop --prefix /home/ubuntu/ros2_ws/src/install/examples_rclpy_executors --editable --build-directory /home/ubuntu/ros2_ws/src/build/examples_rclpy_executors/build --no-deps install_data --install-dir /home/ubuntu/ros2_ws/src/install/examples_rclpy_executors
[1.288s] running develop
[1.504s] running egg_info
[1.504s] creating examples_rclpy_executors.egg-info
[1.505s] writing examples_rclpy_executors.egg-info/PKG-INFO
[1.505s] writing dependency_links to examples_rclpy_executors.egg-info/dependency_links.txt
[1.506s] writing entry points to examples_rclpy_executors.egg-info/entry_points.txt
[1.506s] writing requirements to examples_rclpy_executors.egg-info/requires.txt
[1.506s] writing top-level names to examples_rclpy_executors.egg-info/top_level.txt
[1.508s] writing manifest file 'examples_rclpy_executors.egg-info/SOURCES.txt'
[1.549s] reading manifest file 'examples_rclpy_executors.egg-info/SOURCES.txt'
[1.550s] writing manifest file 'examples_rclpy_executors.egg-info/SOURCES.txt'
[1.599s] running build_ext
[1.599s] Creating /home/ubuntu/ros2_ws/src/install/examples_rclpy_executors/lib/python3.8/site-packages/site.py
[1.602s] Creating /home/ubuntu/ros2_ws/src/install/examples_rclpy_executors/lib/python3.8/site-packages/examples-rclpy-executors.egg-link (link to .)
[1.604s] Installing callback_group script to /home/ubuntu/ros2_ws/src/install/examples_rclpy_executors/lib/examples_rclpy_executors
[1.604s] Installing composed script to /home/ubuntu/ros2_ws/src/install/examples_rclpy_executors/lib/examples_rclpy_executors
[1.604s] Installing custom_callback_group script to /home/ubuntu/ros2_ws/src/install/examples_rclpy_executors/lib/examples_rclpy_executors
[1.605s] Installing custom_executor script to /home/ubuntu/ros2_ws/src/install/examples_rclpy_executors/lib/examples_rclpy_executors
[1.605s] Installing listener script to /home/ubuntu/ros2_ws/src/install/examples_rclpy_executors/lib/examples_rclpy_executors
[1.606s] Installing talker script to /home/ubuntu/ros2_ws/src/install/examples_rclpy_executors/lib/examples_rclpy_executors
[1.606s] 
[1.606s] Installed /home/ubuntu/ros2_ws/src/build/examples_rclpy_executors
[1.607s] running install_data
[1.607s] creating /home/ubuntu/ros2_ws/src/install/examples_rclpy_executors/share/ament_index
[1.607s] creating /home/ubuntu/ros2_ws/src/install/examples_rclpy_executors/share/ament_index/resource_index
[1.608s] creating /home/ubuntu/ros2_ws/src/install/examples_rclpy_executors/share/ament_index/resource_index/packages
[1.608s] copying resource/examples_rclpy_executors -> /home/ubuntu/ros2_ws/src/install/examples_rclpy_executors/share/ament_index/resource_index/packages
[1.608s] copying package.xml -> /home/ubuntu/ros2_ws/src/install/examples_rclpy_executors/share/examples_rclpy_executors
[1.640s] Invoked command in '/home/ubuntu/ros2_ws/src/build/examples_rclpy_executors' returned '0': PYTHONPATH=/home/ubuntu/ros2_ws/src/install/examples_rclpy_executors/lib/python3.8/site-packages:${PYTHONPATH} /usr/bin/python3 setup.py develop --prefix /home/ubuntu/ros2_ws/src/install/examples_rclpy_executors --editable --build-directory /home/ubuntu/ros2_ws/src/build/examples_rclpy_executors/build --no-deps install_data --install-dir /home/ubuntu/ros2_ws/src/install/examples_rclpy_executors
