[0.970s] Invoking command in '/home/ubuntu/ros2_ws/build/examples_rclpy_minimal_publisher': PYTHONPATH=/home/ubuntu/ros2_ws/install/examples_rclpy_minimal_publisher/lib/python3.8/site-packages:${PYTHONPATH} /usr/bin/python3 setup.py develop --prefix /home/ubuntu/ros2_ws/install/examples_rclpy_minimal_publisher --uninstall --editable --build-directory /home/ubuntu/ros2_ws/build/examples_rclpy_minimal_publisher/build
[1.310s] running develop
[1.531s] Removing /home/ubuntu/ros2_ws/install/examples_rclpy_minimal_publisher/lib/python3.8/site-packages/examples-rclpy-minimal-publisher.egg-link (link to .)
[1.779s] Invoked command in '/home/ubuntu/ros2_ws/build/examples_rclpy_minimal_publisher' returned '0': PYTHONPATH=/home/ubuntu/ros2_ws/install/examples_rclpy_minimal_publisher/lib/python3.8/site-packages:${PYTHONPATH} /usr/bin/python3 setup.py develop --prefix /home/ubuntu/ros2_ws/install/examples_rclpy_minimal_publisher --uninstall --editable --build-directory /home/ubuntu/ros2_ws/build/examples_rclpy_minimal_publisher/build
[1.781s] Invoking command in '/home/ubuntu/ros2_ws/src/examples/rclpy/topics/minimal_publisher': PYTHONPATH=/home/ubuntu/ros2_ws/install/examples_rclpy_minimal_publisher/lib/python3.8/site-packages:${PYTHONPATH} /usr/bin/python3 setup.py egg_info --egg-base ../../../../../build/examples_rclpy_minimal_publisher build --build-base /home/ubuntu/ros2_ws/build/examples_rclpy_minimal_publisher/build install --prefix /home/ubuntu/ros2_ws/install/examples_rclpy_minimal_publisher --record /home/ubuntu/ros2_ws/build/examples_rclpy_minimal_publisher/install.log --single-version-externally-managed
[2.094s] running egg_info
[2.095s] writing ../../../../../build/examples_rclpy_minimal_publisher/examples_rclpy_minimal_publisher.egg-info/PKG-INFO
[2.095s] writing dependency_links to ../../../../../build/examples_rclpy_minimal_publisher/examples_rclpy_minimal_publisher.egg-info/dependency_links.txt
[2.096s] writing entry points to ../../../../../build/examples_rclpy_minimal_publisher/examples_rclpy_minimal_publisher.egg-info/entry_points.txt
[2.096s] writing requirements to ../../../../../build/examples_rclpy_minimal_publisher/examples_rclpy_minimal_publisher.egg-info/requires.txt
[2.096s] writing top-level names to ../../../../../build/examples_rclpy_minimal_publisher/examples_rclpy_minimal_publisher.egg-info/top_level.txt
[2.141s] reading manifest file '../../../../../build/examples_rclpy_minimal_publisher/examples_rclpy_minimal_publisher.egg-info/SOURCES.txt'
[2.142s] writing manifest file '../../../../../build/examples_rclpy_minimal_publisher/examples_rclpy_minimal_publisher.egg-info/SOURCES.txt'
[2.143s] running build
[2.143s] running build_py
[2.143s] creating /home/ubuntu/ros2_ws/build/examples_rclpy_minimal_publisher/build
[2.143s] creating /home/ubuntu/ros2_ws/build/examples_rclpy_minimal_publisher/build/lib
[2.144s] creating /home/ubuntu/ros2_ws/build/examples_rclpy_minimal_publisher/build/lib/examples_rclpy_minimal_publisher
[2.144s] copying examples_rclpy_minimal_publisher/publisher_old_school.py -> /home/ubuntu/ros2_ws/build/examples_rclpy_minimal_publisher/build/lib/examples_rclpy_minimal_publisher
[2.144s] copying examples_rclpy_minimal_publisher/publisher_member_function.py -> /home/ubuntu/ros2_ws/build/examples_rclpy_minimal_publisher/build/lib/examples_rclpy_minimal_publisher
[2.144s] copying examples_rclpy_minimal_publisher/publisher_local_function.py -> /home/ubuntu/ros2_ws/build/examples_rclpy_minimal_publisher/build/lib/examples_rclpy_minimal_publisher
[2.144s] copying examples_rclpy_minimal_publisher/__init__.py -> /home/ubuntu/ros2_ws/build/examples_rclpy_minimal_publisher/build/lib/examples_rclpy_minimal_publisher
[2.144s] running install
[2.145s] running install_lib
[2.146s] creating /home/ubuntu/ros2_ws/install/examples_rclpy_minimal_publisher/lib/python3.8/site-packages/examples_rclpy_minimal_publisher
[2.146s] copying /home/ubuntu/ros2_ws/build/examples_rclpy_minimal_publisher/build/lib/examples_rclpy_minimal_publisher/publisher_old_school.py -> /home/ubuntu/ros2_ws/install/examples_rclpy_minimal_publisher/lib/python3.8/site-packages/examples_rclpy_minimal_publisher
[2.147s] copying /home/ubuntu/ros2_ws/build/examples_rclpy_minimal_publisher/build/lib/examples_rclpy_minimal_publisher/publisher_member_function.py -> /home/ubuntu/ros2_ws/install/examples_rclpy_minimal_publisher/lib/python3.8/site-packages/examples_rclpy_minimal_publisher
[2.147s] copying /home/ubuntu/ros2_ws/build/examples_rclpy_minimal_publisher/build/lib/examples_rclpy_minimal_publisher/publisher_local_function.py -> /home/ubuntu/ros2_ws/install/examples_rclpy_minimal_publisher/lib/python3.8/site-packages/examples_rclpy_minimal_publisher
[2.147s] copying /home/ubuntu/ros2_ws/build/examples_rclpy_minimal_publisher/build/lib/examples_rclpy_minimal_publisher/__init__.py -> /home/ubuntu/ros2_ws/install/examples_rclpy_minimal_publisher/lib/python3.8/site-packages/examples_rclpy_minimal_publisher
[2.147s] byte-compiling /home/ubuntu/ros2_ws/install/examples_rclpy_minimal_publisher/lib/python3.8/site-packages/examples_rclpy_minimal_publisher/publisher_old_school.py to publisher_old_school.cpython-38.pyc
[2.149s] byte-compiling /home/ubuntu/ros2_ws/install/examples_rclpy_minimal_publisher/lib/python3.8/site-packages/examples_rclpy_minimal_publisher/publisher_member_function.py to publisher_member_function.cpython-38.pyc
[2.149s] byte-compiling /home/ubuntu/ros2_ws/install/examples_rclpy_minimal_publisher/lib/python3.8/site-packages/examples_rclpy_minimal_publisher/publisher_local_function.py to publisher_local_function.cpython-38.pyc
[2.150s] byte-compiling /home/ubuntu/ros2_ws/install/examples_rclpy_minimal_publisher/lib/python3.8/site-packages/examples_rclpy_minimal_publisher/__init__.py to __init__.cpython-38.pyc
[2.150s] running install_data
[2.151s] running install_egg_info
[2.153s] Copying ../../../../../build/examples_rclpy_minimal_publisher/examples_rclpy_minimal_publisher.egg-info to /home/ubuntu/ros2_ws/install/examples_rclpy_minimal_publisher/lib/python3.8/site-packages/examples_rclpy_minimal_publisher-0.9.4-py3.8.egg-info
[2.154s] running install_scripts
[2.176s] Installing publisher_local_function script to /home/ubuntu/ros2_ws/install/examples_rclpy_minimal_publisher/lib/examples_rclpy_minimal_publisher
[2.177s] Installing publisher_member_function script to /home/ubuntu/ros2_ws/install/examples_rclpy_minimal_publisher/lib/examples_rclpy_minimal_publisher
[2.177s] Installing publisher_old_school script to /home/ubuntu/ros2_ws/install/examples_rclpy_minimal_publisher/lib/examples_rclpy_minimal_publisher
[2.177s] writing list of installed files to '/home/ubuntu/ros2_ws/build/examples_rclpy_minimal_publisher/install.log'
[2.205s] Invoked command in '/home/ubuntu/ros2_ws/src/examples/rclpy/topics/minimal_publisher' returned '0': PYTHONPATH=/home/ubuntu/ros2_ws/install/examples_rclpy_minimal_publisher/lib/python3.8/site-packages:${PYTHONPATH} /usr/bin/python3 setup.py egg_info --egg-base ../../../../../build/examples_rclpy_minimal_publisher build --build-base /home/ubuntu/ros2_ws/build/examples_rclpy_minimal_publisher/build install --prefix /home/ubuntu/ros2_ws/install/examples_rclpy_minimal_publisher --record /home/ubuntu/ros2_ws/build/examples_rclpy_minimal_publisher/install.log --single-version-externally-managed
