[1.282s] Invoking command in '/home/ubuntu/ros2_ws/src/build/examples_rclpy_minimal_service': PYTHONPATH=/home/ubuntu/ros2_ws/src/install/examples_rclpy_minimal_service/lib/python3.8/site-packages:${PYTHONPATH} /usr/bin/python3 setup.py develop --prefix /home/ubuntu/ros2_ws/src/install/examples_rclpy_minimal_service --editable --build-directory /home/ubuntu/ros2_ws/src/build/examples_rclpy_minimal_service/build --no-deps install_data --install-dir /home/ubuntu/ros2_ws/src/install/examples_rclpy_minimal_service
[1.633s] running develop
[1.851s] running egg_info
[1.851s] creating examples_rclpy_minimal_service.egg-info
[1.851s] writing examples_rclpy_minimal_service.egg-info/PKG-INFO
[1.852s] writing dependency_links to examples_rclpy_minimal_service.egg-info/dependency_links.txt
[1.852s] writing entry points to examples_rclpy_minimal_service.egg-info/entry_points.txt
[1.853s] writing requirements to examples_rclpy_minimal_service.egg-info/requires.txt
[1.853s] writing top-level names to examples_rclpy_minimal_service.egg-info/top_level.txt
[1.855s] writing manifest file 'examples_rclpy_minimal_service.egg-info/SOURCES.txt'
[1.897s] reading manifest file 'examples_rclpy_minimal_service.egg-info/SOURCES.txt'
[1.898s] writing manifest file 'examples_rclpy_minimal_service.egg-info/SOURCES.txt'
[1.945s] running build_ext
[1.946s] Creating /home/ubuntu/ros2_ws/src/install/examples_rclpy_minimal_service/lib/python3.8/site-packages/site.py
[1.949s] Creating /home/ubuntu/ros2_ws/src/install/examples_rclpy_minimal_service/lib/python3.8/site-packages/examples-rclpy-minimal-service.egg-link (link to .)
[1.950s] Installing service script to /home/ubuntu/ros2_ws/src/install/examples_rclpy_minimal_service/lib/examples_rclpy_minimal_service
[1.950s] Installing service_member_function script to /home/ubuntu/ros2_ws/src/install/examples_rclpy_minimal_service/lib/examples_rclpy_minimal_service
[1.951s] 
[1.951s] Installed /home/ubuntu/ros2_ws/src/build/examples_rclpy_minimal_service
[1.951s] running install_data
[1.952s] creating /home/ubuntu/ros2_ws/src/install/examples_rclpy_minimal_service/share/ament_index
[1.952s] creating /home/ubuntu/ros2_ws/src/install/examples_rclpy_minimal_service/share/ament_index/resource_index
[1.952s] creating /home/ubuntu/ros2_ws/src/install/examples_rclpy_minimal_service/share/ament_index/resource_index/packages
[1.952s] copying resource/examples_rclpy_minimal_service -> /home/ubuntu/ros2_ws/src/install/examples_rclpy_minimal_service/share/ament_index/resource_index/packages
[1.952s] copying package.xml -> /home/ubuntu/ros2_ws/src/install/examples_rclpy_minimal_service/share/examples_rclpy_minimal_service
[1.987s] Invoked command in '/home/ubuntu/ros2_ws/src/build/examples_rclpy_minimal_service' returned '0': PYTHONPATH=/home/ubuntu/ros2_ws/src/install/examples_rclpy_minimal_service/lib/python3.8/site-packages:${PYTHONPATH} /usr/bin/python3 setup.py develop --prefix /home/ubuntu/ros2_ws/src/install/examples_rclpy_minimal_service --editable --build-directory /home/ubuntu/ros2_ws/src/build/examples_rclpy_minimal_service/build --no-deps install_data --install-dir /home/ubuntu/ros2_ws/src/install/examples_rclpy_minimal_service
