[0.944s] Invoking command in '/home/ubuntu/ros2_ws/build/examples_rclpy_executors': PYTHONPATH=/home/ubuntu/ros2_ws/install/examples_rclpy_executors/lib/python3.8/site-packages:${PYTHONPATH} /usr/bin/python3 setup.py develop --prefix /home/ubuntu/ros2_ws/install/examples_rclpy_executors --editable --build-directory /home/ubuntu/ros2_ws/build/examples_rclpy_executors/build --no-deps install_data --install-dir /home/ubuntu/ros2_ws/install/examples_rclpy_executors
[1.295s] running develop
[1.506s] running egg_info
[1.507s] writing examples_rclpy_executors.egg-info/PKG-INFO
[1.507s] writing dependency_links to examples_rclpy_executors.egg-info/dependency_links.txt
[1.507s] writing entry points to examples_rclpy_executors.egg-info/entry_points.txt
[1.507s] writing requirements to examples_rclpy_executors.egg-info/requires.txt
[1.507s] writing top-level names to examples_rclpy_executors.egg-info/top_level.txt
[1.550s] reading manifest file 'examples_rclpy_executors.egg-info/SOURCES.txt'
[1.551s] writing manifest file 'examples_rclpy_executors.egg-info/SOURCES.txt'
[1.598s] running build_ext
[1.598s] Creating /home/ubuntu/ros2_ws/install/examples_rclpy_executors/lib/python3.8/site-packages/examples-rclpy-executors.egg-link (link to .)
[1.600s] Installing callback_group script to /home/ubuntu/ros2_ws/install/examples_rclpy_executors/lib/examples_rclpy_executors
[1.600s] Installing composed script to /home/ubuntu/ros2_ws/install/examples_rclpy_executors/lib/examples_rclpy_executors
[1.600s] Installing custom_callback_group script to /home/ubuntu/ros2_ws/install/examples_rclpy_executors/lib/examples_rclpy_executors
[1.600s] Installing custom_executor script to /home/ubuntu/ros2_ws/install/examples_rclpy_executors/lib/examples_rclpy_executors
[1.600s] Installing listener script to /home/ubuntu/ros2_ws/install/examples_rclpy_executors/lib/examples_rclpy_executors
[1.601s] Installing talker script to /home/ubuntu/ros2_ws/install/examples_rclpy_executors/lib/examples_rclpy_executors
[1.601s] 
[1.601s] Installed /home/ubuntu/ros2_ws/build/examples_rclpy_executors
[1.601s] running install_data
[1.634s] Invoked command in '/home/ubuntu/ros2_ws/build/examples_rclpy_executors' returned '0': PYTHONPATH=/home/ubuntu/ros2_ws/install/examples_rclpy_executors/lib/python3.8/site-packages:${PYTHONPATH} /usr/bin/python3 setup.py develop --prefix /home/ubuntu/ros2_ws/install/examples_rclpy_executors --editable --build-directory /home/ubuntu/ros2_ws/build/examples_rclpy_executors/build --no-deps install_data --install-dir /home/ubuntu/ros2_ws/install/examples_rclpy_executors
