[0.020s] Invoking command in '/home/ubuntu/ros2_ws/build/ros2_course_cpp': CMAKE_PREFIX_PATH=${CMAKE_PREFIX_PATH}:/home/ubuntu/ros2_ws/install/examples_rclpy_minimal_subscriber:/home/ubuntu/ros2_ws/install/examples_rclpy_minimal_service:/home/ubuntu/ros2_ws/install/examples_rclpy_minimal_publisher:/home/ubuntu/ros2_ws/install/examples_rclpy_minimal_client:/home/ubuntu/ros2_ws/install/examples_rclpy_minimal_action_server:/home/ubuntu/ros2_ws/install/examples_rclpy_minimal_action_client:/home/ubuntu/ros2_ws/install/examples_rclpy_executors:/opt/ros/foxy /usr/bin/cmake --build /home/ubuntu/ros2_ws/build/ros2_course_cpp -- -j2 -l2
[0.077s] Invoked command in '/home/ubuntu/ros2_ws/build/ros2_course_cpp' returned '0': CMAKE_PREFIX_PATH=${CMAKE_PREFIX_PATH}:/home/ubuntu/ros2_ws/install/examples_rclpy_minimal_subscriber:/home/ubuntu/ros2_ws/install/examples_rclpy_minimal_service:/home/ubuntu/ros2_ws/install/examples_rclpy_minimal_publisher:/home/ubuntu/ros2_ws/install/examples_rclpy_minimal_client:/home/ubuntu/ros2_ws/install/examples_rclpy_minimal_action_server:/home/ubuntu/ros2_ws/install/examples_rclpy_minimal_action_client:/home/ubuntu/ros2_ws/install/examples_rclpy_executors:/opt/ros/foxy /usr/bin/cmake --build /home/ubuntu/ros2_ws/build/ros2_course_cpp -- -j2 -l2
[0.113s] Invoking command in '/home/ubuntu/ros2_ws/build/ros2_course_cpp': CMAKE_PREFIX_PATH=${CMAKE_PREFIX_PATH}:/home/ubuntu/ros2_ws/install/examples_rclpy_minimal_subscriber:/home/ubuntu/ros2_ws/install/examples_rclpy_minimal_service:/home/ubuntu/ros2_ws/install/examples_rclpy_minimal_publisher:/home/ubuntu/ros2_ws/install/examples_rclpy_minimal_client:/home/ubuntu/ros2_ws/install/examples_rclpy_minimal_action_server:/home/ubuntu/ros2_ws/install/examples_rclpy_minimal_action_client:/home/ubuntu/ros2_ws/install/examples_rclpy_executors:/opt/ros/foxy /usr/bin/cmake --install /home/ubuntu/ros2_ws/build/ros2_course_cpp
[0.127s] -- Install configuration: ""
[0.128s] -- Execute custom install script
[0.128s] -- Up-to-date symlink: /home/ubuntu/ros2_ws/install/ros2_course_cpp/share/ament_index/resource_index/package_run_dependencies/ros2_course_cpp
[0.129s] -- Up-to-date symlink: /home/ubuntu/ros2_ws/install/ros2_course_cpp/share/ament_index/resource_index/parent_prefix_path/ros2_course_cpp
[0.130s] -- Up-to-date symlink: /home/ubuntu/ros2_ws/install/ros2_course_cpp/share/ros2_course_cpp/environment/ament_prefix_path.sh
[0.130s] -- Up-to-date symlink: /home/ubuntu/ros2_ws/install/ros2_course_cpp/share/ros2_course_cpp/environment/ament_prefix_path.dsv
[0.131s] -- Up-to-date symlink: /home/ubuntu/ros2_ws/install/ros2_course_cpp/share/ros2_course_cpp/environment/path.sh
[0.132s] -- Up-to-date symlink: /home/ubuntu/ros2_ws/install/ros2_course_cpp/share/ros2_course_cpp/environment/path.dsv
[0.132s] -- Up-to-date symlink: /home/ubuntu/ros2_ws/install/ros2_course_cpp/share/ros2_course_cpp/local_setup.bash
[0.133s] -- Up-to-date symlink: /home/ubuntu/ros2_ws/install/ros2_course_cpp/share/ros2_course_cpp/local_setup.sh
[0.134s] -- Up-to-date symlink: /home/ubuntu/ros2_ws/install/ros2_course_cpp/share/ros2_course_cpp/local_setup.zsh
[0.134s] -- Up-to-date symlink: /home/ubuntu/ros2_ws/install/ros2_course_cpp/share/ros2_course_cpp/local_setup.dsv
[0.135s] -- Symlinking: /home/ubuntu/ros2_ws/install/ros2_course_cpp/share/ros2_course_cpp/package.dsv
[0.149s] -- Up-to-date symlink: /home/ubuntu/ros2_ws/install/ros2_course_cpp/share/ament_index/resource_index/packages/ros2_course_cpp
[0.157s] -- Up-to-date symlink: /home/ubuntu/ros2_ws/install/ros2_course_cpp/share/ros2_course_cpp/cmake/ros2_course_cppConfig.cmake
[0.157s] -- Up-to-date symlink: /home/ubuntu/ros2_ws/install/ros2_course_cpp/share/ros2_course_cpp/cmake/ros2_course_cppConfig-version.cmake
[0.158s] -- Up-to-date symlink: /home/ubuntu/ros2_ws/install/ros2_course_cpp/share/ros2_course_cpp/package.xml
[0.158s] Invoked command in '/home/ubuntu/ros2_ws/build/ros2_course_cpp' returned '0': CMAKE_PREFIX_PATH=${CMAKE_PREFIX_PATH}:/home/ubuntu/ros2_ws/install/examples_rclpy_minimal_subscriber:/home/ubuntu/ros2_ws/install/examples_rclpy_minimal_service:/home/ubuntu/ros2_ws/install/examples_rclpy_minimal_publisher:/home/ubuntu/ros2_ws/install/examples_rclpy_minimal_client:/home/ubuntu/ros2_ws/install/examples_rclpy_minimal_action_server:/home/ubuntu/ros2_ws/install/examples_rclpy_minimal_action_client:/home/ubuntu/ros2_ws/install/examples_rclpy_executors:/opt/ros/foxy /usr/bin/cmake --install /home/ubuntu/ros2_ws/build/ros2_course_cpp
