[0.987s] Invoking command in '/home/ubuntu/ros2_ws/build/examples_rclpy_minimal_client': PYTHONPATH=/home/ubuntu/ros2_ws/install/examples_rclpy_minimal_client/lib/python3.8/site-packages:${PYTHONPATH} /usr/bin/python3 setup.py develop --prefix /home/ubuntu/ros2_ws/install/examples_rclpy_minimal_client --editable --build-directory /home/ubuntu/ros2_ws/build/examples_rclpy_minimal_client/build --no-deps install_data --install-dir /home/ubuntu/ros2_ws/install/examples_rclpy_minimal_client
[1.324s] running develop
[1.542s] running egg_info
[1.542s] writing examples_rclpy_minimal_client.egg-info/PKG-INFO
[1.542s] writing dependency_links to examples_rclpy_minimal_client.egg-info/dependency_links.txt
[1.543s] writing entry points to examples_rclpy_minimal_client.egg-info/entry_points.txt
[1.543s] writing requirements to examples_rclpy_minimal_client.egg-info/requires.txt
[1.543s] writing top-level names to examples_rclpy_minimal_client.egg-info/top_level.txt
[1.584s] reading manifest file 'examples_rclpy_minimal_client.egg-info/SOURCES.txt'
[1.585s] writing manifest file 'examples_rclpy_minimal_client.egg-info/SOURCES.txt'
[1.633s] running build_ext
[1.634s] Creating /home/ubuntu/ros2_ws/install/examples_rclpy_minimal_client/lib/python3.8/site-packages/examples-rclpy-minimal-client.egg-link (link to .)
[1.635s] Installing client script to /home/ubuntu/ros2_ws/install/examples_rclpy_minimal_client/lib/examples_rclpy_minimal_client
[1.635s] Installing client_async script to /home/ubuntu/ros2_ws/install/examples_rclpy_minimal_client/lib/examples_rclpy_minimal_client
[1.636s] Installing client_async_callback script to /home/ubuntu/ros2_ws/install/examples_rclpy_minimal_client/lib/examples_rclpy_minimal_client
[1.636s] Installing client_async_member_function script to /home/ubuntu/ros2_ws/install/examples_rclpy_minimal_client/lib/examples_rclpy_minimal_client
[1.636s] 
[1.636s] Installed /home/ubuntu/ros2_ws/build/examples_rclpy_minimal_client
[1.636s] running install_data
[1.669s] Invoked command in '/home/ubuntu/ros2_ws/build/examples_rclpy_minimal_client' returned '0': PYTHONPATH=/home/ubuntu/ros2_ws/install/examples_rclpy_minimal_client/lib/python3.8/site-packages:${PYTHONPATH} /usr/bin/python3 setup.py develop --prefix /home/ubuntu/ros2_ws/install/examples_rclpy_minimal_client --editable --build-directory /home/ubuntu/ros2_ws/build/examples_rclpy_minimal_client/build --no-deps install_data --install-dir /home/ubuntu/ros2_ws/install/examples_rclpy_minimal_client
