[0.352s] Invoking command in '/home/ubuntu/ros2_ws/src/build/ros2_course_cpp': CMAKE_PREFIX_PATH=${CMAKE_PREFIX_PATH}:/home/ubuntu/ros2_ws/install/examples_rclpy_minimal_subscriber:/home/ubuntu/ros2_ws/install/examples_rclpy_minimal_service:/home/ubuntu/ros2_ws/install/examples_rclpy_minimal_publisher:/home/ubuntu/ros2_ws/install/examples_rclpy_minimal_client:/home/ubuntu/ros2_ws/install/examples_rclpy_minimal_action_server:/home/ubuntu/ros2_ws/install/examples_rclpy_minimal_action_client:/home/ubuntu/ros2_ws/install/examples_rclpy_executors:/opt/ros/foxy /usr/bin/cmake /home/ubuntu/ros2_ws/src/ros2_course_cpp -DAMENT_CMAKE_SYMLINK_INSTALL=1 -DCMAKE_INSTALL_PREFIX=/home/ubuntu/ros2_ws/src/install/ros2_course_cpp
[0.427s] -- The C compiler identification is GNU 9.4.0
[0.500s] -- The CXX compiler identification is GNU 9.4.0
[0.507s] -- Check for working C compiler: /usr/bin/cc
[0.604s] -- Check for working C compiler: /usr/bin/cc -- works
[0.605s] -- Detecting C compiler ABI info
[0.695s] -- Detecting C compiler ABI info - done
[0.709s] -- Detecting C compile features
[0.710s] -- Detecting C compile features - done
[0.714s] -- Check for working CXX compiler: /usr/bin/c++
[0.819s] -- Check for working CXX compiler: /usr/bin/c++ -- works
[0.821s] -- Detecting CXX compiler ABI info
[0.932s] -- Detecting CXX compiler ABI info - done
[0.946s] -- Detecting CXX compile features
[0.947s] -- Detecting CXX compile features - done
[0.952s] -- Found ament_cmake: 0.9.9 (/opt/ros/foxy/share/ament_cmake/cmake)
[1.003s] -- Found PythonInterp: /usr/bin/python3 (found suitable version "3.8.10", minimum required is "3") 
[1.005s] -- Using PYTHON_EXECUTABLE: /usr/bin/python3
[1.280s] -- Override CMake install command with custom implementation using symlinks instead of copying resources
[1.328s] -- Found std_msgs: 2.0.5 (/opt/ros/foxy/share/std_msgs/cmake)
[1.378s] -- Using all available rosidl_typesupport_c: rosidl_typesupport_fastrtps_c;rosidl_typesupport_introspection_c
[1.391s] -- Found rosidl_adapter: 1.2.1 (/opt/ros/foxy/share/rosidl_adapter/cmake)
[1.498s] -- Found OpenSSL: /usr/lib/x86_64-linux-gnu/libcrypto.so (found version "1.1.1f")  
[1.538s] -- Found FastRTPS: /opt/ros/foxy/include  
[1.654s] -- Using all available rosidl_typesupport_cpp: rosidl_typesupport_fastrtps_cpp;rosidl_typesupport_introspection_cpp
[1.724s] -- Found rclcpp: 2.4.1 (/opt/ros/foxy/share/rclcpp/cmake)
[1.794s] -- Found rmw_implementation_cmake: 1.0.3 (/opt/ros/foxy/share/rmw_implementation_cmake/cmake)
[1.797s] -- Using RMW implementation 'rmw_fastrtps_cpp' as default
[1.799s] -- Looking for pthread.h
[1.895s] -- Looking for pthread.h - found
[1.896s] -- Performing Test CMAKE_HAVE_LIBC_PTHREAD
[1.997s] -- Performing Test CMAKE_HAVE_LIBC_PTHREAD - Failed
[1.998s] -- Looking for pthread_create in pthreads
[2.080s] -- Looking for pthread_create in pthreads - not found
[2.080s] -- Looking for pthread_create in pthread
[2.181s] -- Looking for pthread_create in pthread - found
[2.182s] -- Found Threads: TRUE  
[2.383s] -- Found geometry_msgs: 2.0.5 (/opt/ros/foxy/share/geometry_msgs/cmake)
[2.432s] -- Found ament_lint_auto: 0.9.6 (/opt/ros/foxy/share/ament_lint_auto/cmake)
[2.559s] -- Added test 'copyright' to check source files copyright and LICENSE
[2.562s] -- Added test 'lint_cmake' to check CMake code style
[2.564s] -- Added test 'xmllint' to check XML markup files
[2.570s] -- Configuring done
[2.575s] -- Generating done
[2.578s] -- Build files have been written to: /home/ubuntu/ros2_ws/src/build/ros2_course_cpp
[2.588s] Invoked command in '/home/ubuntu/ros2_ws/src/build/ros2_course_cpp' returned '0': CMAKE_PREFIX_PATH=${CMAKE_PREFIX_PATH}:/home/ubuntu/ros2_ws/install/examples_rclpy_minimal_subscriber:/home/ubuntu/ros2_ws/install/examples_rclpy_minimal_service:/home/ubuntu/ros2_ws/install/examples_rclpy_minimal_publisher:/home/ubuntu/ros2_ws/install/examples_rclpy_minimal_client:/home/ubuntu/ros2_ws/install/examples_rclpy_minimal_action_server:/home/ubuntu/ros2_ws/install/examples_rclpy_minimal_action_client:/home/ubuntu/ros2_ws/install/examples_rclpy_executors:/opt/ros/foxy /usr/bin/cmake /home/ubuntu/ros2_ws/src/ros2_course_cpp -DAMENT_CMAKE_SYMLINK_INSTALL=1 -DCMAKE_INSTALL_PREFIX=/home/ubuntu/ros2_ws/src/install/ros2_course_cpp
[2.591s] Invoking command in '/home/ubuntu/ros2_ws/src/build/ros2_course_cpp': CMAKE_PREFIX_PATH=${CMAKE_PREFIX_PATH}:/home/ubuntu/ros2_ws/install/examples_rclpy_minimal_subscriber:/home/ubuntu/ros2_ws/install/examples_rclpy_minimal_service:/home/ubuntu/ros2_ws/install/examples_rclpy_minimal_publisher:/home/ubuntu/ros2_ws/install/examples_rclpy_minimal_client:/home/ubuntu/ros2_ws/install/examples_rclpy_minimal_action_server:/home/ubuntu/ros2_ws/install/examples_rclpy_minimal_action_client:/home/ubuntu/ros2_ws/install/examples_rclpy_executors:/opt/ros/foxy /usr/bin/cmake --build /home/ubuntu/ros2_ws/src/build/ros2_course_cpp -- -j2 -l2
[2.647s] Invoked command in '/home/ubuntu/ros2_ws/src/build/ros2_course_cpp' returned '0': CMAKE_PREFIX_PATH=${CMAKE_PREFIX_PATH}:/home/ubuntu/ros2_ws/install/examples_rclpy_minimal_subscriber:/home/ubuntu/ros2_ws/install/examples_rclpy_minimal_service:/home/ubuntu/ros2_ws/install/examples_rclpy_minimal_publisher:/home/ubuntu/ros2_ws/install/examples_rclpy_minimal_client:/home/ubuntu/ros2_ws/install/examples_rclpy_minimal_action_server:/home/ubuntu/ros2_ws/install/examples_rclpy_minimal_action_client:/home/ubuntu/ros2_ws/install/examples_rclpy_executors:/opt/ros/foxy /usr/bin/cmake --build /home/ubuntu/ros2_ws/src/build/ros2_course_cpp -- -j2 -l2
[2.676s] Invoking command in '/home/ubuntu/ros2_ws/src/build/ros2_course_cpp': CMAKE_PREFIX_PATH=${CMAKE_PREFIX_PATH}:/home/ubuntu/ros2_ws/install/examples_rclpy_minimal_subscriber:/home/ubuntu/ros2_ws/install/examples_rclpy_minimal_service:/home/ubuntu/ros2_ws/install/examples_rclpy_minimal_publisher:/home/ubuntu/ros2_ws/install/examples_rclpy_minimal_client:/home/ubuntu/ros2_ws/install/examples_rclpy_minimal_action_server:/home/ubuntu/ros2_ws/install/examples_rclpy_minimal_action_client:/home/ubuntu/ros2_ws/install/examples_rclpy_executors:/opt/ros/foxy /usr/bin/cmake --install /home/ubuntu/ros2_ws/src/build/ros2_course_cpp
[2.689s] -- Install configuration: ""
[2.690s] -- Execute custom install script
[2.691s] -- Symlinking: /home/ubuntu/ros2_ws/src/install/ros2_course_cpp/share/ament_index/resource_index/package_run_dependencies/ros2_course_cpp
[2.703s] -- Symlinking: /home/ubuntu/ros2_ws/src/install/ros2_course_cpp/share/ament_index/resource_index/parent_prefix_path/ros2_course_cpp
[2.714s] -- Symlinking: /home/ubuntu/ros2_ws/src/install/ros2_course_cpp/share/ros2_course_cpp/environment/ament_prefix_path.sh
[2.726s] -- Symlinking: /home/ubuntu/ros2_ws/src/install/ros2_course_cpp/share/ros2_course_cpp/environment/ament_prefix_path.dsv
[2.737s] -- Symlinking: /home/ubuntu/ros2_ws/src/install/ros2_course_cpp/share/ros2_course_cpp/environment/path.sh
[2.748s] -- Symlinking: /home/ubuntu/ros2_ws/src/install/ros2_course_cpp/share/ros2_course_cpp/environment/path.dsv
[2.759s] -- Symlinking: /home/ubuntu/ros2_ws/src/install/ros2_course_cpp/share/ros2_course_cpp/local_setup.bash
[2.770s] -- Symlinking: /home/ubuntu/ros2_ws/src/install/ros2_course_cpp/share/ros2_course_cpp/local_setup.sh
[2.782s] -- Symlinking: /home/ubuntu/ros2_ws/src/install/ros2_course_cpp/share/ros2_course_cpp/local_setup.zsh
[2.793s] -- Symlinking: /home/ubuntu/ros2_ws/src/install/ros2_course_cpp/share/ros2_course_cpp/local_setup.dsv
[2.804s] -- Symlinking: /home/ubuntu/ros2_ws/src/install/ros2_course_cpp/share/ros2_course_cpp/package.dsv
[2.815s] -- Symlinking: /home/ubuntu/ros2_ws/src/install/ros2_course_cpp/share/ament_index/resource_index/packages/ros2_course_cpp
[2.826s] -- Symlinking: /home/ubuntu/ros2_ws/src/install/ros2_course_cpp/share/ros2_course_cpp/cmake/ros2_course_cppConfig.cmake
[2.836s] -- Symlinking: /home/ubuntu/ros2_ws/src/install/ros2_course_cpp/share/ros2_course_cpp/cmake/ros2_course_cppConfig-version.cmake
[2.847s] -- Symlinking: /home/ubuntu/ros2_ws/src/install/ros2_course_cpp/share/ros2_course_cpp/package.xml
[2.864s] Invoked command in '/home/ubuntu/ros2_ws/src/build/ros2_course_cpp' returned '0': CMAKE_PREFIX_PATH=${CMAKE_PREFIX_PATH}:/home/ubuntu/ros2_ws/install/examples_rclpy_minimal_subscriber:/home/ubuntu/ros2_ws/install/examples_rclpy_minimal_service:/home/ubuntu/ros2_ws/install/examples_rclpy_minimal_publisher:/home/ubuntu/ros2_ws/install/examples_rclpy_minimal_client:/home/ubuntu/ros2_ws/install/examples_rclpy_minimal_action_server:/home/ubuntu/ros2_ws/install/examples_rclpy_minimal_action_client:/home/ubuntu/ros2_ws/install/examples_rclpy_executors:/opt/ros/foxy /usr/bin/cmake --install /home/ubuntu/ros2_ws/src/build/ros2_course_cpp
