[1.080s] Invoking command in '/home/ubuntu/ros2_ws/build/examples_rclpy_executors': PYTHONPATH=/home/ubuntu/ros2_ws/install/examples_rclpy_executors/lib/python3.8/site-packages:${PYTHONPATH} /usr/bin/python3 setup.py develop --prefix /home/ubuntu/ros2_ws/install/examples_rclpy_executors --editable --build-directory /home/ubuntu/ros2_ws/build/examples_rclpy_executors/build --no-deps install_data --install-dir /home/ubuntu/ros2_ws/install/examples_rclpy_executors
[1.389s] running develop
[1.586s] running egg_info
[1.587s] creating examples_rclpy_executors.egg-info
[1.587s] writing examples_rclpy_executors.egg-info/PKG-INFO
[1.588s] writing dependency_links to examples_rclpy_executors.egg-info/dependency_links.txt
[1.588s] writing entry points to examples_rclpy_executors.egg-info/entry_points.txt
[1.589s] writing requirements to examples_rclpy_executors.egg-info/requires.txt
[1.589s] writing top-level names to examples_rclpy_executors.egg-info/top_level.txt
[1.594s] writing manifest file 'examples_rclpy_executors.egg-info/SOURCES.txt'
[1.636s] reading manifest file 'examples_rclpy_executors.egg-info/SOURCES.txt'
[1.637s] writing manifest file 'examples_rclpy_executors.egg-info/SOURCES.txt'
[1.685s] running build_ext
[1.686s] Creating /home/ubuntu/ros2_ws/install/examples_rclpy_executors/lib/python3.8/site-packages/site.py
[1.689s] Creating /home/ubuntu/ros2_ws/install/examples_rclpy_executors/lib/python3.8/site-packages/examples-rclpy-executors.egg-link (link to .)
[1.690s] Installing callback_group script to /home/ubuntu/ros2_ws/install/examples_rclpy_executors/lib/examples_rclpy_executors
[1.691s] Installing composed script to /home/ubuntu/ros2_ws/install/examples_rclpy_executors/lib/examples_rclpy_executors
[1.691s] Installing custom_callback_group script to /home/ubuntu/ros2_ws/install/examples_rclpy_executors/lib/examples_rclpy_executors
[1.692s] Installing custom_executor script to /home/ubuntu/ros2_ws/install/examples_rclpy_executors/lib/examples_rclpy_executors
[1.692s] Installing listener script to /home/ubuntu/ros2_ws/install/examples_rclpy_executors/lib/examples_rclpy_executors
[1.692s] Installing talker script to /home/ubuntu/ros2_ws/install/examples_rclpy_executors/lib/examples_rclpy_executors
[1.693s] 
[1.693s] Installed /home/ubuntu/ros2_ws/build/examples_rclpy_executors
[1.693s] running install_data
[1.694s] creating /home/ubuntu/ros2_ws/install/examples_rclpy_executors/share/ament_index
[1.694s] creating /home/ubuntu/ros2_ws/install/examples_rclpy_executors/share/ament_index/resource_index
[1.694s] creating /home/ubuntu/ros2_ws/install/examples_rclpy_executors/share/ament_index/resource_index/packages
[1.695s] copying resource/examples_rclpy_executors -> /home/ubuntu/ros2_ws/install/examples_rclpy_executors/share/ament_index/resource_index/packages
[1.695s] copying package.xml -> /home/ubuntu/ros2_ws/install/examples_rclpy_executors/share/examples_rclpy_executors
[1.727s] Invoked command in '/home/ubuntu/ros2_ws/build/examples_rclpy_executors' returned '0': PYTHONPATH=/home/ubuntu/ros2_ws/install/examples_rclpy_executors/lib/python3.8/site-packages:${PYTHONPATH} /usr/bin/python3 setup.py develop --prefix /home/ubuntu/ros2_ws/install/examples_rclpy_executors --editable --build-directory /home/ubuntu/ros2_ws/build/examples_rclpy_executors/build --no-deps install_data --install-dir /home/ubuntu/ros2_ws/install/examples_rclpy_executors
