[0.018s] Invoking command in '/home/ubuntu/ros2_ws/src/build/examples_rclcpp_minimal_service': CMAKE_PREFIX_PATH=${CMAKE_PREFIX_PATH}:/home/ubuntu/ros2_ws/install/examples_rclpy_minimal_subscriber:/home/ubuntu/ros2_ws/install/examples_rclpy_minimal_service:/home/ubuntu/ros2_ws/install/examples_rclpy_minimal_publisher:/home/ubuntu/ros2_ws/install/examples_rclpy_minimal_client:/home/ubuntu/ros2_ws/install/examples_rclpy_minimal_action_server:/home/ubuntu/ros2_ws/install/examples_rclpy_minimal_action_client:/home/ubuntu/ros2_ws/install/examples_rclpy_executors:/opt/ros/foxy /usr/bin/cmake --build /home/ubuntu/ros2_ws/src/build/examples_rclcpp_minimal_service -- -j2 -l2
[0.103s] [100%] Built target service_main
[0.140s] Invoked command in '/home/ubuntu/ros2_ws/src/build/examples_rclcpp_minimal_service' returned '0': CMAKE_PREFIX_PATH=${CMAKE_PREFIX_PATH}:/home/ubuntu/ros2_ws/install/examples_rclpy_minimal_subscriber:/home/ubuntu/ros2_ws/install/examples_rclpy_minimal_service:/home/ubuntu/ros2_ws/install/examples_rclpy_minimal_publisher:/home/ubuntu/ros2_ws/install/examples_rclpy_minimal_client:/home/ubuntu/ros2_ws/install/examples_rclpy_minimal_action_server:/home/ubuntu/ros2_ws/install/examples_rclpy_minimal_action_client:/home/ubuntu/ros2_ws/install/examples_rclpy_executors:/opt/ros/foxy /usr/bin/cmake --build /home/ubuntu/ros2_ws/src/build/examples_rclcpp_minimal_service -- -j2 -l2
[0.171s] Invoking command in '/home/ubuntu/ros2_ws/src/build/examples_rclcpp_minimal_service': CMAKE_PREFIX_PATH=${CMAKE_PREFIX_PATH}:/home/ubuntu/ros2_ws/install/examples_rclpy_minimal_subscriber:/home/ubuntu/ros2_ws/install/examples_rclpy_minimal_service:/home/ubuntu/ros2_ws/install/examples_rclpy_minimal_publisher:/home/ubuntu/ros2_ws/install/examples_rclpy_minimal_client:/home/ubuntu/ros2_ws/install/examples_rclpy_minimal_action_server:/home/ubuntu/ros2_ws/install/examples_rclpy_minimal_action_client:/home/ubuntu/ros2_ws/install/examples_rclpy_executors:/opt/ros/foxy /usr/bin/cmake --install /home/ubuntu/ros2_ws/src/build/examples_rclcpp_minimal_service
[0.183s] -- Install configuration: ""
[0.184s] -- Execute custom install script
[0.185s] -- Up-to-date symlink: /home/ubuntu/ros2_ws/src/install/examples_rclcpp_minimal_service/lib/examples_rclcpp_minimal_service/service_main
[0.186s] -- Up-to-date symlink: /home/ubuntu/ros2_ws/src/install/examples_rclcpp_minimal_service/share/ament_index/resource_index/package_run_dependencies/examples_rclcpp_minimal_service
[0.187s] -- Up-to-date symlink: /home/ubuntu/ros2_ws/src/install/examples_rclcpp_minimal_service/share/ament_index/resource_index/parent_prefix_path/examples_rclcpp_minimal_service
[0.187s] -- Up-to-date symlink: /home/ubuntu/ros2_ws/src/install/examples_rclcpp_minimal_service/share/examples_rclcpp_minimal_service/environment/ament_prefix_path.sh
[0.188s] -- Up-to-date symlink: /home/ubuntu/ros2_ws/src/install/examples_rclcpp_minimal_service/share/examples_rclcpp_minimal_service/environment/ament_prefix_path.dsv
[0.189s] -- Up-to-date symlink: /home/ubuntu/ros2_ws/src/install/examples_rclcpp_minimal_service/share/examples_rclcpp_minimal_service/environment/path.sh
[0.189s] -- Up-to-date symlink: /home/ubuntu/ros2_ws/src/install/examples_rclcpp_minimal_service/share/examples_rclcpp_minimal_service/environment/path.dsv
[0.190s] -- Up-to-date symlink: /home/ubuntu/ros2_ws/src/install/examples_rclcpp_minimal_service/share/examples_rclcpp_minimal_service/local_setup.bash
[0.191s] -- Up-to-date symlink: /home/ubuntu/ros2_ws/src/install/examples_rclcpp_minimal_service/share/examples_rclcpp_minimal_service/local_setup.sh
[0.192s] -- Up-to-date symlink: /home/ubuntu/ros2_ws/src/install/examples_rclcpp_minimal_service/share/examples_rclcpp_minimal_service/local_setup.zsh
[0.193s] -- Up-to-date symlink: /home/ubuntu/ros2_ws/src/install/examples_rclcpp_minimal_service/share/examples_rclcpp_minimal_service/local_setup.dsv
[0.193s] -- Symlinking: /home/ubuntu/ros2_ws/src/install/examples_rclcpp_minimal_service/share/examples_rclcpp_minimal_service/package.dsv
[0.206s] -- Up-to-date symlink: /home/ubuntu/ros2_ws/src/install/examples_rclcpp_minimal_service/share/ament_index/resource_index/packages/examples_rclcpp_minimal_service
[0.207s] -- Up-to-date symlink: /home/ubuntu/ros2_ws/src/install/examples_rclcpp_minimal_service/share/examples_rclcpp_minimal_service/cmake/examples_rclcpp_minimal_serviceConfig.cmake
[0.208s] -- Up-to-date symlink: /home/ubuntu/ros2_ws/src/install/examples_rclcpp_minimal_service/share/examples_rclcpp_minimal_service/cmake/examples_rclcpp_minimal_serviceConfig-version.cmake
[0.208s] -- Up-to-date symlink: /home/ubuntu/ros2_ws/src/install/examples_rclcpp_minimal_service/share/examples_rclcpp_minimal_service/package.xml
[0.216s] Invoked command in '/home/ubuntu/ros2_ws/src/build/examples_rclcpp_minimal_service' returned '0': CMAKE_PREFIX_PATH=${CMAKE_PREFIX_PATH}:/home/ubuntu/ros2_ws/install/examples_rclpy_minimal_subscriber:/home/ubuntu/ros2_ws/install/examples_rclpy_minimal_service:/home/ubuntu/ros2_ws/install/examples_rclpy_minimal_publisher:/home/ubuntu/ros2_ws/install/examples_rclpy_minimal_client:/home/ubuntu/ros2_ws/install/examples_rclpy_minimal_action_server:/home/ubuntu/ros2_ws/install/examples_rclpy_minimal_action_client:/home/ubuntu/ros2_ws/install/examples_rclpy_executors:/opt/ros/foxy /usr/bin/cmake --install /home/ubuntu/ros2_ws/src/build/examples_rclcpp_minimal_service
