[0.862s] Invoking command in '/home/ubuntu/ros2_ws/build/examples_rclpy_minimal_client': PYTHONPATH=/home/ubuntu/ros2_ws/install/examples_rclpy_minimal_client/lib/python3.8/site-packages:${PYTHONPATH} /usr/bin/python3 setup.py develop --prefix /home/ubuntu/ros2_ws/install/examples_rclpy_minimal_client --editable --build-directory /home/ubuntu/ros2_ws/build/examples_rclpy_minimal_client/build --no-deps install_data --install-dir /home/ubuntu/ros2_ws/install/examples_rclpy_minimal_client
[1.190s] running develop
[1.393s] running egg_info
[1.393s] creating examples_rclpy_minimal_client.egg-info
[1.393s] writing examples_rclpy_minimal_client.egg-info/PKG-INFO
[1.394s] writing dependency_links to examples_rclpy_minimal_client.egg-info/dependency_links.txt
[1.394s] writing entry points to examples_rclpy_minimal_client.egg-info/entry_points.txt
[1.395s] writing requirements to examples_rclpy_minimal_client.egg-info/requires.txt
[1.395s] writing top-level names to examples_rclpy_minimal_client.egg-info/top_level.txt
[1.397s] writing manifest file 'examples_rclpy_minimal_client.egg-info/SOURCES.txt'
[1.437s] reading manifest file 'examples_rclpy_minimal_client.egg-info/SOURCES.txt'
[1.438s] writing manifest file 'examples_rclpy_minimal_client.egg-info/SOURCES.txt'
[1.485s] running build_ext
[1.486s] Creating /home/ubuntu/ros2_ws/install/examples_rclpy_minimal_client/lib/python3.8/site-packages/site.py
[1.488s] Creating /home/ubuntu/ros2_ws/install/examples_rclpy_minimal_client/lib/python3.8/site-packages/examples-rclpy-minimal-client.egg-link (link to .)
[1.489s] Installing client script to /home/ubuntu/ros2_ws/install/examples_rclpy_minimal_client/lib/examples_rclpy_minimal_client
[1.490s] Installing client_async script to /home/ubuntu/ros2_ws/install/examples_rclpy_minimal_client/lib/examples_rclpy_minimal_client
[1.490s] Installing client_async_callback script to /home/ubuntu/ros2_ws/install/examples_rclpy_minimal_client/lib/examples_rclpy_minimal_client
[1.491s] Installing client_async_member_function script to /home/ubuntu/ros2_ws/install/examples_rclpy_minimal_client/lib/examples_rclpy_minimal_client
[1.491s] 
[1.491s] Installed /home/ubuntu/ros2_ws/build/examples_rclpy_minimal_client
[1.491s] running install_data
[1.492s] creating /home/ubuntu/ros2_ws/install/examples_rclpy_minimal_client/share/ament_index
[1.492s] creating /home/ubuntu/ros2_ws/install/examples_rclpy_minimal_client/share/ament_index/resource_index
[1.492s] creating /home/ubuntu/ros2_ws/install/examples_rclpy_minimal_client/share/ament_index/resource_index/packages
[1.493s] copying resource/examples_rclpy_minimal_client -> /home/ubuntu/ros2_ws/install/examples_rclpy_minimal_client/share/ament_index/resource_index/packages
[1.493s] copying package.xml -> /home/ubuntu/ros2_ws/install/examples_rclpy_minimal_client/share/examples_rclpy_minimal_client
[1.521s] Invoked command in '/home/ubuntu/ros2_ws/build/examples_rclpy_minimal_client' returned '0': PYTHONPATH=/home/ubuntu/ros2_ws/install/examples_rclpy_minimal_client/lib/python3.8/site-packages:${PYTHONPATH} /usr/bin/python3 setup.py develop --prefix /home/ubuntu/ros2_ws/install/examples_rclpy_minimal_client --editable --build-directory /home/ubuntu/ros2_ws/build/examples_rclpy_minimal_client/build --no-deps install_data --install-dir /home/ubuntu/ros2_ws/install/examples_rclpy_minimal_client
