[0.021s] Invoking command in '/home/ubuntu/ros2_ws/src/build/examples_rclcpp_minimal_service': CMAKE_PREFIX_PATH=${CMAKE_PREFIX_PATH}:/home/ubuntu/ros2_ws/install/examples_rclpy_minimal_subscriber:/home/ubuntu/ros2_ws/install/examples_rclpy_minimal_service:/home/ubuntu/ros2_ws/install/examples_rclpy_minimal_publisher:/home/ubuntu/ros2_ws/install/examples_rclpy_minimal_client:/home/ubuntu/ros2_ws/install/examples_rclpy_minimal_action_server:/home/ubuntu/ros2_ws/install/examples_rclpy_minimal_action_client:/home/ubuntu/ros2_ws/install/examples_rclpy_executors:/opt/ros/foxy /usr/bin/cmake /home/ubuntu/ros2_ws/src/examples/rclcpp/services/minimal_service -DAMENT_CMAKE_SYMLINK_INSTALL=1 -DCMAKE_INSTALL_PREFIX=/home/ubuntu/ros2_ws/src/install/examples_rclcpp_minimal_service
[0.094s] -- The C compiler identification is GNU 9.4.0
[0.168s] -- The CXX compiler identification is GNU 9.4.0
[0.176s] -- Check for working C compiler: /usr/bin/cc
[0.283s] -- Check for working C compiler: /usr/bin/cc -- works
[0.284s] -- Detecting C compiler ABI info
[0.375s] -- Detecting C compiler ABI info - done
[0.388s] -- Detecting C compile features
[0.389s] -- Detecting C compile features - done
[0.392s] -- Check for working CXX compiler: /usr/bin/c++
[0.503s] -- Check for working CXX compiler: /usr/bin/c++ -- works
[0.504s] -- Detecting CXX compiler ABI info
[0.619s] -- Detecting CXX compiler ABI info - done
[0.632s] -- Detecting CXX compile features
[0.633s] -- Detecting CXX compile features - done
[0.638s] -- Found ament_cmake: 0.9.9 (/opt/ros/foxy/share/ament_cmake/cmake)
[0.689s] -- Found PythonInterp: /usr/bin/python3 (found suitable version "3.8.10", minimum required is "3") 
[0.690s] -- Using PYTHON_EXECUTABLE: /usr/bin/python3
[0.960s] -- Override CMake install command with custom implementation using symlinks instead of copying resources
[1.010s] -- Found example_interfaces: 0.9.1 (/opt/ros/foxy/share/example_interfaces/cmake)
[1.064s] -- Using all available rosidl_typesupport_c: rosidl_typesupport_fastrtps_c;rosidl_typesupport_introspection_c
[1.078s] -- Found rosidl_adapter: 1.2.1 (/opt/ros/foxy/share/rosidl_adapter/cmake)
[1.184s] -- Found OpenSSL: /usr/lib/x86_64-linux-gnu/libcrypto.so (found version "1.1.1f")  
[1.223s] -- Found FastRTPS: /opt/ros/foxy/include  
[1.336s] -- Using all available rosidl_typesupport_cpp: rosidl_typesupport_fastrtps_cpp;rosidl_typesupport_introspection_cpp
[1.528s] -- Found rclcpp: 2.4.1 (/opt/ros/foxy/share/rclcpp/cmake)
[1.600s] -- Found rmw_implementation_cmake: 1.0.3 (/opt/ros/foxy/share/rmw_implementation_cmake/cmake)
[1.603s] -- Using RMW implementation 'rmw_fastrtps_cpp' as default
[1.605s] -- Looking for pthread.h
[1.699s] -- Looking for pthread.h - found
[1.700s] -- Performing Test CMAKE_HAVE_LIBC_PTHREAD
[1.811s] -- Performing Test CMAKE_HAVE_LIBC_PTHREAD - Failed
[1.811s] -- Looking for pthread_create in pthreads
[1.892s] -- Looking for pthread_create in pthreads - not found
[1.893s] -- Looking for pthread_create in pthread
[1.987s] -- Looking for pthread_create in pthread - found
[1.988s] -- Found Threads: TRUE  
[2.221s] -- Found ament_lint_auto: 0.9.6 (/opt/ros/foxy/share/ament_lint_auto/cmake)
[2.353s] -- Added test 'copyright' to check source files copyright and LICENSE
[2.354s] -- Added test 'cppcheck' to perform static code analysis on C / C++ code
[2.355s] -- Configured cppcheck include dirs: 
[2.355s] -- Configured cppcheck exclude dirs and/or files: 
[2.357s] -- Added test 'cpplint' to check C / C++ code against the Google style
[2.357s] -- Configured cpplint exclude dirs and/or files: 
[2.358s] -- Added test 'lint_cmake' to check CMake code style
[2.360s] -- Added test 'uncrustify' to check C / C++ code style
[2.360s] -- Configured uncrustify additional arguments: 
[2.361s] -- Added test 'xmllint' to check XML markup files
[2.367s] -- Configuring done
[2.379s] -- Generating done
[2.382s] -- Build files have been written to: /home/ubuntu/ros2_ws/src/build/examples_rclcpp_minimal_service
[2.394s] Invoked command in '/home/ubuntu/ros2_ws/src/build/examples_rclcpp_minimal_service' returned '0': CMAKE_PREFIX_PATH=${CMAKE_PREFIX_PATH}:/home/ubuntu/ros2_ws/install/examples_rclpy_minimal_subscriber:/home/ubuntu/ros2_ws/install/examples_rclpy_minimal_service:/home/ubuntu/ros2_ws/install/examples_rclpy_minimal_publisher:/home/ubuntu/ros2_ws/install/examples_rclpy_minimal_client:/home/ubuntu/ros2_ws/install/examples_rclpy_minimal_action_server:/home/ubuntu/ros2_ws/install/examples_rclpy_minimal_action_client:/home/ubuntu/ros2_ws/install/examples_rclpy_executors:/opt/ros/foxy /usr/bin/cmake /home/ubuntu/ros2_ws/src/examples/rclcpp/services/minimal_service -DAMENT_CMAKE_SYMLINK_INSTALL=1 -DCMAKE_INSTALL_PREFIX=/home/ubuntu/ros2_ws/src/install/examples_rclcpp_minimal_service
[2.397s] Invoking command in '/home/ubuntu/ros2_ws/src/build/examples_rclcpp_minimal_service': CMAKE_PREFIX_PATH=${CMAKE_PREFIX_PATH}:/home/ubuntu/ros2_ws/install/examples_rclpy_minimal_subscriber:/home/ubuntu/ros2_ws/install/examples_rclpy_minimal_service:/home/ubuntu/ros2_ws/install/examples_rclpy_minimal_publisher:/home/ubuntu/ros2_ws/install/examples_rclpy_minimal_client:/home/ubuntu/ros2_ws/install/examples_rclpy_minimal_action_server:/home/ubuntu/ros2_ws/install/examples_rclpy_minimal_action_client:/home/ubuntu/ros2_ws/install/examples_rclpy_executors:/opt/ros/foxy /usr/bin/cmake --build /home/ubuntu/ros2_ws/src/build/examples_rclcpp_minimal_service -- -j2 -l2
[2.450s] [35m[1mScanning dependencies of target service_main[0m
[2.526s] [ 50%] [32mBuilding CXX object CMakeFiles/service_main.dir/main.cpp.o[0m
[5.547s] [100%] [32m[1mLinking CXX executable service_main[0m
[5.729s] [100%] Built target service_main
[5.763s] Invoked command in '/home/ubuntu/ros2_ws/src/build/examples_rclcpp_minimal_service' returned '0': CMAKE_PREFIX_PATH=${CMAKE_PREFIX_PATH}:/home/ubuntu/ros2_ws/install/examples_rclpy_minimal_subscriber:/home/ubuntu/ros2_ws/install/examples_rclpy_minimal_service:/home/ubuntu/ros2_ws/install/examples_rclpy_minimal_publisher:/home/ubuntu/ros2_ws/install/examples_rclpy_minimal_client:/home/ubuntu/ros2_ws/install/examples_rclpy_minimal_action_server:/home/ubuntu/ros2_ws/install/examples_rclpy_minimal_action_client:/home/ubuntu/ros2_ws/install/examples_rclpy_executors:/opt/ros/foxy /usr/bin/cmake --build /home/ubuntu/ros2_ws/src/build/examples_rclcpp_minimal_service -- -j2 -l2
[5.945s] Invoking command in '/home/ubuntu/ros2_ws/src/build/examples_rclcpp_minimal_service': CMAKE_PREFIX_PATH=${CMAKE_PREFIX_PATH}:/home/ubuntu/ros2_ws/install/examples_rclpy_minimal_subscriber:/home/ubuntu/ros2_ws/install/examples_rclpy_minimal_service:/home/ubuntu/ros2_ws/install/examples_rclpy_minimal_publisher:/home/ubuntu/ros2_ws/install/examples_rclpy_minimal_client:/home/ubuntu/ros2_ws/install/examples_rclpy_minimal_action_server:/home/ubuntu/ros2_ws/install/examples_rclpy_minimal_action_client:/home/ubuntu/ros2_ws/install/examples_rclpy_executors:/opt/ros/foxy /usr/bin/cmake --install /home/ubuntu/ros2_ws/src/build/examples_rclcpp_minimal_service
[5.974s] -- Install configuration: ""
[5.975s] -- Execute custom install script
[5.976s] -- Symlinking: /home/ubuntu/ros2_ws/src/install/examples_rclcpp_minimal_service/lib/examples_rclcpp_minimal_service/service_main
[6.003s] -- Symlinking: /home/ubuntu/ros2_ws/src/install/examples_rclcpp_minimal_service/share/ament_index/resource_index/package_run_dependencies/examples_rclcpp_minimal_service
[6.033s] -- Symlinking: /home/ubuntu/ros2_ws/src/install/examples_rclcpp_minimal_service/share/ament_index/resource_index/parent_prefix_path/examples_rclcpp_minimal_service
[6.063s] -- Symlinking: /home/ubuntu/ros2_ws/src/install/examples_rclcpp_minimal_service/share/examples_rclcpp_minimal_service/environment/ament_prefix_path.sh
[6.082s] -- Symlinking: /home/ubuntu/ros2_ws/src/install/examples_rclcpp_minimal_service/share/examples_rclcpp_minimal_service/environment/ament_prefix_path.dsv
[6.094s] -- Symlinking: /home/ubuntu/ros2_ws/src/install/examples_rclcpp_minimal_service/share/examples_rclcpp_minimal_service/environment/path.sh
[6.106s] -- Symlinking: /home/ubuntu/ros2_ws/src/install/examples_rclcpp_minimal_service/share/examples_rclcpp_minimal_service/environment/path.dsv
[6.118s] -- Symlinking: /home/ubuntu/ros2_ws/src/install/examples_rclcpp_minimal_service/share/examples_rclcpp_minimal_service/local_setup.bash
[6.129s] -- Symlinking: /home/ubuntu/ros2_ws/src/install/examples_rclcpp_minimal_service/share/examples_rclcpp_minimal_service/local_setup.sh
[6.140s] -- Symlinking: /home/ubuntu/ros2_ws/src/install/examples_rclcpp_minimal_service/share/examples_rclcpp_minimal_service/local_setup.zsh
[6.151s] -- Symlinking: /home/ubuntu/ros2_ws/src/install/examples_rclcpp_minimal_service/share/examples_rclcpp_minimal_service/local_setup.dsv
[6.162s] -- Symlinking: /home/ubuntu/ros2_ws/src/install/examples_rclcpp_minimal_service/share/examples_rclcpp_minimal_service/package.dsv
[6.173s] -- Symlinking: /home/ubuntu/ros2_ws/src/install/examples_rclcpp_minimal_service/share/ament_index/resource_index/packages/examples_rclcpp_minimal_service
[6.183s] -- Symlinking: /home/ubuntu/ros2_ws/src/install/examples_rclcpp_minimal_service/share/examples_rclcpp_minimal_service/cmake/examples_rclcpp_minimal_serviceConfig.cmake
[6.194s] -- Symlinking: /home/ubuntu/ros2_ws/src/install/examples_rclcpp_minimal_service/share/examples_rclcpp_minimal_service/cmake/examples_rclcpp_minimal_serviceConfig-version.cmake
[6.205s] -- Symlinking: /home/ubuntu/ros2_ws/src/install/examples_rclcpp_minimal_service/share/examples_rclcpp_minimal_service/package.xml
[6.223s] Invoked command in '/home/ubuntu/ros2_ws/src/build/examples_rclcpp_minimal_service' returned '0': CMAKE_PREFIX_PATH=${CMAKE_PREFIX_PATH}:/home/ubuntu/ros2_ws/install/examples_rclpy_minimal_subscriber:/home/ubuntu/ros2_ws/install/examples_rclpy_minimal_service:/home/ubuntu/ros2_ws/install/examples_rclpy_minimal_publisher:/home/ubuntu/ros2_ws/install/examples_rclpy_minimal_client:/home/ubuntu/ros2_ws/install/examples_rclpy_minimal_action_server:/home/ubuntu/ros2_ws/install/examples_rclpy_minimal_action_client:/home/ubuntu/ros2_ws/install/examples_rclpy_executors:/opt/ros/foxy /usr/bin/cmake --install /home/ubuntu/ros2_ws/src/build/examples_rclcpp_minimal_service
