[1.005s] Invoking command in '/home/ubuntu/ros2_ws/build/examples_rclpy_executors': PYTHONPATH=/home/ubuntu/ros2_ws/install/examples_rclpy_executors/lib/python3.8/site-packages:${PYTHONPATH} /usr/bin/python3 setup.py develop --prefix /home/ubuntu/ros2_ws/install/examples_rclpy_executors --editable --build-directory /home/ubuntu/ros2_ws/build/examples_rclpy_executors/build --no-deps install_data --install-dir /home/ubuntu/ros2_ws/install/examples_rclpy_executors
[1.361s] running develop
[1.583s] running egg_info
[1.584s] writing examples_rclpy_executors.egg-info/PKG-INFO
[1.584s] writing dependency_links to examples_rclpy_executors.egg-info/dependency_links.txt
[1.584s] writing entry points to examples_rclpy_executors.egg-info/entry_points.txt
[1.585s] writing requirements to examples_rclpy_executors.egg-info/requires.txt
[1.585s] writing top-level names to examples_rclpy_executors.egg-info/top_level.txt
[1.629s] reading manifest file 'examples_rclpy_executors.egg-info/SOURCES.txt'
[1.630s] writing manifest file 'examples_rclpy_executors.egg-info/SOURCES.txt'
[1.677s] running build_ext
[1.678s] Creating /home/ubuntu/ros2_ws/install/examples_rclpy_executors/lib/python3.8/site-packages/examples-rclpy-executors.egg-link (link to .)
[1.679s] Installing callback_group script to /home/ubuntu/ros2_ws/install/examples_rclpy_executors/lib/examples_rclpy_executors
[1.679s] Installing composed script to /home/ubuntu/ros2_ws/install/examples_rclpy_executors/lib/examples_rclpy_executors
[1.680s] Installing custom_callback_group script to /home/ubuntu/ros2_ws/install/examples_rclpy_executors/lib/examples_rclpy_executors
[1.680s] Installing custom_executor script to /home/ubuntu/ros2_ws/install/examples_rclpy_executors/lib/examples_rclpy_executors
[1.680s] Installing listener script to /home/ubuntu/ros2_ws/install/examples_rclpy_executors/lib/examples_rclpy_executors
[1.680s] Installing talker script to /home/ubuntu/ros2_ws/install/examples_rclpy_executors/lib/examples_rclpy_executors
[1.681s] 
[1.681s] Installed /home/ubuntu/ros2_ws/build/examples_rclpy_executors
[1.681s] running install_data
[1.714s] Invoked command in '/home/ubuntu/ros2_ws/build/examples_rclpy_executors' returned '0': PYTHONPATH=/home/ubuntu/ros2_ws/install/examples_rclpy_executors/lib/python3.8/site-packages:${PYTHONPATH} /usr/bin/python3 setup.py develop --prefix /home/ubuntu/ros2_ws/install/examples_rclpy_executors --editable --build-directory /home/ubuntu/ros2_ws/build/examples_rclpy_executors/build --no-deps install_data --install-dir /home/ubuntu/ros2_ws/install/examples_rclpy_executors
