[0.967s] Invoking command in '/home/ubuntu/ros2_ws/build/examples_rclpy_minimal_action_server': PYTHONPATH=/home/ubuntu/ros2_ws/install/examples_rclpy_minimal_action_server/lib/python3.8/site-packages:${PYTHONPATH} /usr/bin/python3 setup.py develop --prefix /home/ubuntu/ros2_ws/install/examples_rclpy_minimal_action_server --editable --build-directory /home/ubuntu/ros2_ws/build/examples_rclpy_minimal_action_server/build --no-deps install_data --install-dir /home/ubuntu/ros2_ws/install/examples_rclpy_minimal_action_server
[1.314s] running develop
[1.534s] running egg_info
[1.534s] writing examples_rclpy_minimal_action_server.egg-info/PKG-INFO
[1.535s] writing dependency_links to examples_rclpy_minimal_action_server.egg-info/dependency_links.txt
[1.535s] writing entry points to examples_rclpy_minimal_action_server.egg-info/entry_points.txt
[1.536s] writing requirements to examples_rclpy_minimal_action_server.egg-info/requires.txt
[1.536s] writing top-level names to examples_rclpy_minimal_action_server.egg-info/top_level.txt
[1.579s] reading manifest file 'examples_rclpy_minimal_action_server.egg-info/SOURCES.txt'
[1.580s] writing manifest file 'examples_rclpy_minimal_action_server.egg-info/SOURCES.txt'
[1.629s] running build_ext
[1.629s] Creating /home/ubuntu/ros2_ws/install/examples_rclpy_minimal_action_server/lib/python3.8/site-packages/examples-rclpy-minimal-action-server.egg-link (link to .)
[1.631s] Installing server script to /home/ubuntu/ros2_ws/install/examples_rclpy_minimal_action_server/lib/examples_rclpy_minimal_action_server
[1.631s] Installing server_defer script to /home/ubuntu/ros2_ws/install/examples_rclpy_minimal_action_server/lib/examples_rclpy_minimal_action_server
[1.631s] Installing server_not_composable script to /home/ubuntu/ros2_ws/install/examples_rclpy_minimal_action_server/lib/examples_rclpy_minimal_action_server
[1.632s] Installing server_queue_goals script to /home/ubuntu/ros2_ws/install/examples_rclpy_minimal_action_server/lib/examples_rclpy_minimal_action_server
[1.632s] Installing server_single_goal script to /home/ubuntu/ros2_ws/install/examples_rclpy_minimal_action_server/lib/examples_rclpy_minimal_action_server
[1.632s] 
[1.632s] Installed /home/ubuntu/ros2_ws/build/examples_rclpy_minimal_action_server
[1.633s] running install_data
[1.666s] Invoked command in '/home/ubuntu/ros2_ws/build/examples_rclpy_minimal_action_server' returned '0': PYTHONPATH=/home/ubuntu/ros2_ws/install/examples_rclpy_minimal_action_server/lib/python3.8/site-packages:${PYTHONPATH} /usr/bin/python3 setup.py develop --prefix /home/ubuntu/ros2_ws/install/examples_rclpy_minimal_action_server --editable --build-directory /home/ubuntu/ros2_ws/build/examples_rclpy_minimal_action_server/build --no-deps install_data --install-dir /home/ubuntu/ros2_ws/install/examples_rclpy_minimal_action_server
