[1.259s] Invoking command in '/home/ubuntu/ros2_ws/src/build/examples_rclpy_minimal_client': PYTHONPATH=/home/ubuntu/ros2_ws/src/install/examples_rclpy_minimal_client/lib/python3.8/site-packages:${PYTHONPATH} /usr/bin/python3 setup.py develop --prefix /home/ubuntu/ros2_ws/src/install/examples_rclpy_minimal_client --editable --build-directory /home/ubuntu/ros2_ws/src/build/examples_rclpy_minimal_client/build --no-deps install_data --install-dir /home/ubuntu/ros2_ws/src/install/examples_rclpy_minimal_client
[1.592s] running develop
[1.800s] running egg_info
[1.801s] creating examples_rclpy_minimal_client.egg-info
[1.801s] writing examples_rclpy_minimal_client.egg-info/PKG-INFO
[1.802s] writing dependency_links to examples_rclpy_minimal_client.egg-info/dependency_links.txt
[1.802s] writing entry points to examples_rclpy_minimal_client.egg-info/entry_points.txt
[1.802s] writing requirements to examples_rclpy_minimal_client.egg-info/requires.txt
[1.803s] writing top-level names to examples_rclpy_minimal_client.egg-info/top_level.txt
[1.805s] writing manifest file 'examples_rclpy_minimal_client.egg-info/SOURCES.txt'
[1.847s] reading manifest file 'examples_rclpy_minimal_client.egg-info/SOURCES.txt'
[1.848s] writing manifest file 'examples_rclpy_minimal_client.egg-info/SOURCES.txt'
[1.899s] running build_ext
[1.899s] Creating /home/ubuntu/ros2_ws/src/install/examples_rclpy_minimal_client/lib/python3.8/site-packages/site.py
[1.902s] Creating /home/ubuntu/ros2_ws/src/install/examples_rclpy_minimal_client/lib/python3.8/site-packages/examples-rclpy-minimal-client.egg-link (link to .)
[1.904s] Installing client script to /home/ubuntu/ros2_ws/src/install/examples_rclpy_minimal_client/lib/examples_rclpy_minimal_client
[1.904s] Installing client_async script to /home/ubuntu/ros2_ws/src/install/examples_rclpy_minimal_client/lib/examples_rclpy_minimal_client
[1.904s] Installing client_async_callback script to /home/ubuntu/ros2_ws/src/install/examples_rclpy_minimal_client/lib/examples_rclpy_minimal_client
[1.905s] Installing client_async_member_function script to /home/ubuntu/ros2_ws/src/install/examples_rclpy_minimal_client/lib/examples_rclpy_minimal_client
[1.905s] 
[1.905s] Installed /home/ubuntu/ros2_ws/src/build/examples_rclpy_minimal_client
[1.906s] running install_data
[1.906s] creating /home/ubuntu/ros2_ws/src/install/examples_rclpy_minimal_client/share/ament_index
[1.906s] creating /home/ubuntu/ros2_ws/src/install/examples_rclpy_minimal_client/share/ament_index/resource_index
[1.907s] creating /home/ubuntu/ros2_ws/src/install/examples_rclpy_minimal_client/share/ament_index/resource_index/packages
[1.907s] copying resource/examples_rclpy_minimal_client -> /home/ubuntu/ros2_ws/src/install/examples_rclpy_minimal_client/share/ament_index/resource_index/packages
[1.907s] copying package.xml -> /home/ubuntu/ros2_ws/src/install/examples_rclpy_minimal_client/share/examples_rclpy_minimal_client
[1.979s] Invoked command in '/home/ubuntu/ros2_ws/src/build/examples_rclpy_minimal_client' returned '0': PYTHONPATH=/home/ubuntu/ros2_ws/src/install/examples_rclpy_minimal_client/lib/python3.8/site-packages:${PYTHONPATH} /usr/bin/python3 setup.py develop --prefix /home/ubuntu/ros2_ws/src/install/examples_rclpy_minimal_client --editable --build-directory /home/ubuntu/ros2_ws/src/build/examples_rclpy_minimal_client/build --no-deps install_data --install-dir /home/ubuntu/ros2_ws/src/install/examples_rclpy_minimal_client
