[0.868s] Invoking command in '/home/ubuntu/ros2_ws/build/examples_rclpy_minimal_action_client': PYTHONPATH=/home/ubuntu/ros2_ws/install/examples_rclpy_minimal_action_client/lib/python3.8/site-packages:${PYTHONPATH} /usr/bin/python3 setup.py develop --prefix /home/ubuntu/ros2_ws/install/examples_rclpy_minimal_action_client --editable --build-directory /home/ubuntu/ros2_ws/build/examples_rclpy_minimal_action_client/build --no-deps install_data --install-dir /home/ubuntu/ros2_ws/install/examples_rclpy_minimal_action_client
[1.184s] running develop
[1.390s] running egg_info
[1.390s] creating examples_rclpy_minimal_action_client.egg-info
[1.391s] writing examples_rclpy_minimal_action_client.egg-info/PKG-INFO
[1.391s] writing dependency_links to examples_rclpy_minimal_action_client.egg-info/dependency_links.txt
[1.392s] writing entry points to examples_rclpy_minimal_action_client.egg-info/entry_points.txt
[1.392s] writing requirements to examples_rclpy_minimal_action_client.egg-info/requires.txt
[1.392s] writing top-level names to examples_rclpy_minimal_action_client.egg-info/top_level.txt
[1.394s] writing manifest file 'examples_rclpy_minimal_action_client.egg-info/SOURCES.txt'
[1.436s] reading manifest file 'examples_rclpy_minimal_action_client.egg-info/SOURCES.txt'
[1.437s] writing manifest file 'examples_rclpy_minimal_action_client.egg-info/SOURCES.txt'
[1.486s] running build_ext
[1.487s] Creating /home/ubuntu/ros2_ws/install/examples_rclpy_minimal_action_client/lib/python3.8/site-packages/site.py
[1.490s] Creating /home/ubuntu/ros2_ws/install/examples_rclpy_minimal_action_client/lib/python3.8/site-packages/examples-rclpy-minimal-action-client.egg-link (link to .)
[1.491s] Installing client script to /home/ubuntu/ros2_ws/install/examples_rclpy_minimal_action_client/lib/examples_rclpy_minimal_action_client
[1.492s] Installing client_cancel script to /home/ubuntu/ros2_ws/install/examples_rclpy_minimal_action_client/lib/examples_rclpy_minimal_action_client
[1.492s] Installing client_not_composable script to /home/ubuntu/ros2_ws/install/examples_rclpy_minimal_action_client/lib/examples_rclpy_minimal_action_client
[1.493s] 
[1.493s] Installed /home/ubuntu/ros2_ws/build/examples_rclpy_minimal_action_client
[1.493s] running install_data
[1.493s] creating /home/ubuntu/ros2_ws/install/examples_rclpy_minimal_action_client/share/ament_index
[1.494s] creating /home/ubuntu/ros2_ws/install/examples_rclpy_minimal_action_client/share/ament_index/resource_index
[1.494s] creating /home/ubuntu/ros2_ws/install/examples_rclpy_minimal_action_client/share/ament_index/resource_index/packages
[1.494s] copying resource/examples_rclpy_minimal_action_client -> /home/ubuntu/ros2_ws/install/examples_rclpy_minimal_action_client/share/ament_index/resource_index/packages
[1.495s] copying package.xml -> /home/ubuntu/ros2_ws/install/examples_rclpy_minimal_action_client/share/examples_rclpy_minimal_action_client
[1.528s] Invoked command in '/home/ubuntu/ros2_ws/build/examples_rclpy_minimal_action_client' returned '0': PYTHONPATH=/home/ubuntu/ros2_ws/install/examples_rclpy_minimal_action_client/lib/python3.8/site-packages:${PYTHONPATH} /usr/bin/python3 setup.py develop --prefix /home/ubuntu/ros2_ws/install/examples_rclpy_minimal_action_client --editable --build-directory /home/ubuntu/ros2_ws/build/examples_rclpy_minimal_action_client/build --no-deps install_data --install-dir /home/ubuntu/ros2_ws/install/examples_rclpy_minimal_action_client
