[0.065s] Invoking command in '/home/ubuntu/ros2_ws/build/examples_rclcpp_multithreaded_executor': CMAKE_PREFIX_PATH=${CMAKE_PREFIX_PATH}:/home/ubuntu/ros2_ws/install/examples_rclpy_minimal_subscriber:/home/ubuntu/ros2_ws/install/examples_rclpy_minimal_service:/home/ubuntu/ros2_ws/install/examples_rclpy_minimal_publisher:/home/ubuntu/ros2_ws/install/examples_rclpy_minimal_client:/home/ubuntu/ros2_ws/install/examples_rclpy_minimal_action_server:/home/ubuntu/ros2_ws/install/examples_rclpy_minimal_action_client:/home/ubuntu/ros2_ws/install/examples_rclpy_executors:/opt/ros/foxy /usr/bin/cmake --build /home/ubuntu/ros2_ws/build/examples_rclcpp_multithreaded_executor -- -j2 -l2
[0.144s] [100%] Built target multithreaded_executor
[0.415s] Invoked command in '/home/ubuntu/ros2_ws/build/examples_rclcpp_multithreaded_executor' returned '0': CMAKE_PREFIX_PATH=${CMAKE_PREFIX_PATH}:/home/ubuntu/ros2_ws/install/examples_rclpy_minimal_subscriber:/home/ubuntu/ros2_ws/install/examples_rclpy_minimal_service:/home/ubuntu/ros2_ws/install/examples_rclpy_minimal_publisher:/home/ubuntu/ros2_ws/install/examples_rclpy_minimal_client:/home/ubuntu/ros2_ws/install/examples_rclpy_minimal_action_server:/home/ubuntu/ros2_ws/install/examples_rclpy_minimal_action_client:/home/ubuntu/ros2_ws/install/examples_rclpy_executors:/opt/ros/foxy /usr/bin/cmake --build /home/ubuntu/ros2_ws/build/examples_rclcpp_multithreaded_executor -- -j2 -l2
[0.447s] Invoking command in '/home/ubuntu/ros2_ws/build/examples_rclcpp_multithreaded_executor': CMAKE_PREFIX_PATH=${CMAKE_PREFIX_PATH}:/home/ubuntu/ros2_ws/install/examples_rclpy_minimal_subscriber:/home/ubuntu/ros2_ws/install/examples_rclpy_minimal_service:/home/ubuntu/ros2_ws/install/examples_rclpy_minimal_publisher:/home/ubuntu/ros2_ws/install/examples_rclpy_minimal_client:/home/ubuntu/ros2_ws/install/examples_rclpy_minimal_action_server:/home/ubuntu/ros2_ws/install/examples_rclpy_minimal_action_client:/home/ubuntu/ros2_ws/install/examples_rclpy_executors:/opt/ros/foxy /usr/bin/cmake --install /home/ubuntu/ros2_ws/build/examples_rclcpp_multithreaded_executor
[0.460s] -- Install configuration: ""
[0.461s] -- Execute custom install script
[0.462s] -- Up-to-date symlink: /home/ubuntu/ros2_ws/install/examples_rclcpp_multithreaded_executor/lib/examples_rclcpp_multithreaded_executor/multithreaded_executor
[0.463s] -- Up-to-date symlink: /home/ubuntu/ros2_ws/install/examples_rclcpp_multithreaded_executor/share/ament_index/resource_index/package_run_dependencies/examples_rclcpp_multithreaded_executor
[0.464s] -- Up-to-date symlink: /home/ubuntu/ros2_ws/install/examples_rclcpp_multithreaded_executor/share/ament_index/resource_index/parent_prefix_path/examples_rclcpp_multithreaded_executor
[0.464s] -- Up-to-date symlink: /home/ubuntu/ros2_ws/install/examples_rclcpp_multithreaded_executor/share/examples_rclcpp_multithreaded_executor/environment/ament_prefix_path.sh
[0.465s] -- Up-to-date symlink: /home/ubuntu/ros2_ws/install/examples_rclcpp_multithreaded_executor/share/examples_rclcpp_multithreaded_executor/environment/ament_prefix_path.dsv
[0.466s] -- Up-to-date symlink: /home/ubuntu/ros2_ws/install/examples_rclcpp_multithreaded_executor/share/examples_rclcpp_multithreaded_executor/environment/path.sh
[0.466s] -- Up-to-date symlink: /home/ubuntu/ros2_ws/install/examples_rclcpp_multithreaded_executor/share/examples_rclcpp_multithreaded_executor/environment/path.dsv
[0.467s] -- Up-to-date symlink: /home/ubuntu/ros2_ws/install/examples_rclcpp_multithreaded_executor/share/examples_rclcpp_multithreaded_executor/local_setup.bash
[0.468s] -- Up-to-date symlink: /home/ubuntu/ros2_ws/install/examples_rclcpp_multithreaded_executor/share/examples_rclcpp_multithreaded_executor/local_setup.sh
[0.468s] -- Up-to-date symlink: /home/ubuntu/ros2_ws/install/examples_rclcpp_multithreaded_executor/share/examples_rclcpp_multithreaded_executor/local_setup.zsh
[0.469s] -- Up-to-date symlink: /home/ubuntu/ros2_ws/install/examples_rclcpp_multithreaded_executor/share/examples_rclcpp_multithreaded_executor/local_setup.dsv
[0.470s] -- Symlinking: /home/ubuntu/ros2_ws/install/examples_rclcpp_multithreaded_executor/share/examples_rclcpp_multithreaded_executor/package.dsv
[0.483s] -- Up-to-date symlink: /home/ubuntu/ros2_ws/install/examples_rclcpp_multithreaded_executor/share/ament_index/resource_index/packages/examples_rclcpp_multithreaded_executor
[0.484s] -- Up-to-date symlink: /home/ubuntu/ros2_ws/install/examples_rclcpp_multithreaded_executor/share/examples_rclcpp_multithreaded_executor/cmake/examples_rclcpp_multithreaded_executorConfig.cmake
[0.484s] -- Up-to-date symlink: /home/ubuntu/ros2_ws/install/examples_rclcpp_multithreaded_executor/share/examples_rclcpp_multithreaded_executor/cmake/examples_rclcpp_multithreaded_executorConfig-version.cmake
[0.485s] -- Up-to-date symlink: /home/ubuntu/ros2_ws/install/examples_rclcpp_multithreaded_executor/share/examples_rclcpp_multithreaded_executor/package.xml
[0.493s] Invoked command in '/home/ubuntu/ros2_ws/build/examples_rclcpp_multithreaded_executor' returned '0': CMAKE_PREFIX_PATH=${CMAKE_PREFIX_PATH}:/home/ubuntu/ros2_ws/install/examples_rclpy_minimal_subscriber:/home/ubuntu/ros2_ws/install/examples_rclpy_minimal_service:/home/ubuntu/ros2_ws/install/examples_rclpy_minimal_publisher:/home/ubuntu/ros2_ws/install/examples_rclpy_minimal_client:/home/ubuntu/ros2_ws/install/examples_rclpy_minimal_action_server:/home/ubuntu/ros2_ws/install/examples_rclpy_minimal_action_client:/home/ubuntu/ros2_ws/install/examples_rclpy_executors:/opt/ros/foxy /usr/bin/cmake --install /home/ubuntu/ros2_ws/build/examples_rclcpp_multithreaded_executor
