[0.024s] Invoking command in '/home/ubuntu/ros2_ws/build/ros2_course_cpp': CMAKE_PREFIX_PATH=/opt/ros/foxy /usr/bin/cmake /home/ubuntu/ros2_ws/src/ros2_course_cpp -DCMAKE_INSTALL_PREFIX=/home/ubuntu/ros2_ws/install/ros2_course_cpp
[0.090s] -- The C compiler identification is GNU 9.4.0
[0.156s] -- The CXX compiler identification is GNU 9.4.0
[0.161s] -- Check for working C compiler: /usr/bin/cc
[0.244s] -- Check for working C compiler: /usr/bin/cc -- works
[0.245s] -- Detecting C compiler ABI info
[0.329s] -- Detecting C compiler ABI info - done
[0.344s] -- Detecting C compile features
[0.344s] -- Detecting C compile features - done
[0.347s] -- Check for working CXX compiler: /usr/bin/c++
[0.445s] -- Check for working CXX compiler: /usr/bin/c++ -- works
[0.447s] -- Detecting CXX compiler ABI info
[0.544s] -- Detecting CXX compiler ABI info - done
[0.559s] -- Detecting CXX compile features
[0.560s] -- Detecting CXX compile features - done
[0.562s] -- Found ament_cmake: 0.9.9 (/opt/ros/foxy/share/ament_cmake/cmake)
[0.592s] -- Found PythonInterp: /usr/bin/python3 (found suitable version "3.8.10", minimum required is "3") 
[0.592s] -- Using PYTHON_EXECUTABLE: /usr/bin/python3
[0.861s] -- Found std_msgs: 2.0.5 (/opt/ros/foxy/share/std_msgs/cmake)
[0.894s] -- Using all available rosidl_typesupport_c: rosidl_typesupport_fastrtps_c;rosidl_typesupport_introspection_c
[0.902s] -- Found rosidl_adapter: 1.2.1 (/opt/ros/foxy/share/rosidl_adapter/cmake)
[0.993s] -- Found OpenSSL: /usr/lib/x86_64-linux-gnu/libcrypto.so (found version "1.1.1f")  
[1.028s] -- Found FastRTPS: /opt/ros/foxy/include  
[1.122s] -- Using all available rosidl_typesupport_cpp: rosidl_typesupport_fastrtps_cpp;rosidl_typesupport_introspection_cpp
[1.182s] -- Found rclcpp: 2.4.1 (/opt/ros/foxy/share/rclcpp/cmake)
[1.236s] -- Found rmw_implementation_cmake: 1.0.3 (/opt/ros/foxy/share/rmw_implementation_cmake/cmake)
[1.238s] -- Using RMW implementation 'rmw_fastrtps_cpp' as default
[1.239s] -- Looking for pthread.h
[1.327s] -- Looking for pthread.h - found
[1.328s] -- Performing Test CMAKE_HAVE_LIBC_PTHREAD
[1.419s] -- Performing Test CMAKE_HAVE_LIBC_PTHREAD - Failed
[1.419s] -- Looking for pthread_create in pthreads
[1.492s] -- Looking for pthread_create in pthreads - not found
[1.492s] -- Looking for pthread_create in pthread
[1.576s] -- Looking for pthread_create in pthread - found
[1.578s] -- Found Threads: TRUE  
[1.757s] -- Found geometry_msgs: 2.0.5 (/opt/ros/foxy/share/geometry_msgs/cmake)
[1.801s] -- Found ament_lint_auto: 0.9.6 (/opt/ros/foxy/share/ament_lint_auto/cmake)
[1.892s] -- Added test 'copyright' to check source files copyright and LICENSE
[1.894s] -- Added test 'lint_cmake' to check CMake code style
[1.895s] -- Added test 'xmllint' to check XML markup files
[1.899s] -- Configuring done
[1.902s] -- Generating done
[1.904s] -- Build files have been written to: /home/ubuntu/ros2_ws/build/ros2_course_cpp
[1.914s] Invoked command in '/home/ubuntu/ros2_ws/build/ros2_course_cpp' returned '0': CMAKE_PREFIX_PATH=/opt/ros/foxy /usr/bin/cmake /home/ubuntu/ros2_ws/src/ros2_course_cpp -DCMAKE_INSTALL_PREFIX=/home/ubuntu/ros2_ws/install/ros2_course_cpp
[1.918s] Invoking command in '/home/ubuntu/ros2_ws/build/ros2_course_cpp': CMAKE_PREFIX_PATH=/opt/ros/foxy /usr/bin/cmake --build /home/ubuntu/ros2_ws/build/ros2_course_cpp -- -j2 -l2
[1.969s] Invoked command in '/home/ubuntu/ros2_ws/build/ros2_course_cpp' returned '0': CMAKE_PREFIX_PATH=/opt/ros/foxy /usr/bin/cmake --build /home/ubuntu/ros2_ws/build/ros2_course_cpp -- -j2 -l2
[2.007s] Invoking command in '/home/ubuntu/ros2_ws/build/ros2_course_cpp': CMAKE_PREFIX_PATH=/opt/ros/foxy /usr/bin/cmake --install /home/ubuntu/ros2_ws/build/ros2_course_cpp
[2.019s] -- Install configuration: ""
[2.019s] -- Installing: /home/ubuntu/ros2_ws/install/ros2_course_cpp/share/ament_index/resource_index/package_run_dependencies/ros2_course_cpp
[2.020s] -- Installing: /home/ubuntu/ros2_ws/install/ros2_course_cpp/share/ament_index/resource_index/parent_prefix_path/ros2_course_cpp
[2.020s] -- Installing: /home/ubuntu/ros2_ws/install/ros2_course_cpp/share/ros2_course_cpp/environment/ament_prefix_path.sh
[2.020s] -- Installing: /home/ubuntu/ros2_ws/install/ros2_course_cpp/share/ros2_course_cpp/environment/ament_prefix_path.dsv
[2.020s] -- Installing: /home/ubuntu/ros2_ws/install/ros2_course_cpp/share/ros2_course_cpp/environment/path.sh
[2.021s] -- Installing: /home/ubuntu/ros2_ws/install/ros2_course_cpp/share/ros2_course_cpp/environment/path.dsv
[2.021s] -- Installing: /home/ubuntu/ros2_ws/install/ros2_course_cpp/share/ros2_course_cpp/local_setup.bash
[2.021s] -- Installing: /home/ubuntu/ros2_ws/install/ros2_course_cpp/share/ros2_course_cpp/local_setup.sh
[2.021s] -- Installing: /home/ubuntu/ros2_ws/install/ros2_course_cpp/share/ros2_course_cpp/local_setup.zsh
[2.021s] -- Installing: /home/ubuntu/ros2_ws/install/ros2_course_cpp/share/ros2_course_cpp/local_setup.dsv
[2.021s] -- Installing: /home/ubuntu/ros2_ws/install/ros2_course_cpp/share/ros2_course_cpp/package.dsv
[2.022s] -- Installing: /home/ubuntu/ros2_ws/install/ros2_course_cpp/share/ament_index/resource_index/packages/ros2_course_cpp
[2.022s] -- Installing: /home/ubuntu/ros2_ws/install/ros2_course_cpp/share/ros2_course_cpp/cmake/ros2_course_cppConfig.cmake
[2.022s] -- Installing: /home/ubuntu/ros2_ws/install/ros2_course_cpp/share/ros2_course_cpp/cmake/ros2_course_cppConfig-version.cmake
[2.022s] -- Installing: /home/ubuntu/ros2_ws/install/ros2_course_cpp/share/ros2_course_cpp/package.xml
[2.024s] Invoked command in '/home/ubuntu/ros2_ws/build/ros2_course_cpp' returned '0': CMAKE_PREFIX_PATH=/opt/ros/foxy /usr/bin/cmake --install /home/ubuntu/ros2_ws/build/ros2_course_cpp
