[0.930s] Invoking command in '/home/ubuntu/ros2_ws/build/examples_rclpy_minimal_client': PYTHONPATH=/home/ubuntu/ros2_ws/install/examples_rclpy_minimal_client/lib/python3.8/site-packages:${PYTHONPATH} /usr/bin/python3 setup.py develop --prefix /home/ubuntu/ros2_ws/install/examples_rclpy_minimal_client --editable --build-directory /home/ubuntu/ros2_ws/build/examples_rclpy_minimal_client/build --no-deps install_data --install-dir /home/ubuntu/ros2_ws/install/examples_rclpy_minimal_client
[1.273s] running develop
[1.482s] running egg_info
[1.482s] writing examples_rclpy_minimal_client.egg-info/PKG-INFO
[1.483s] writing dependency_links to examples_rclpy_minimal_client.egg-info/dependency_links.txt
[1.483s] writing entry points to examples_rclpy_minimal_client.egg-info/entry_points.txt
[1.483s] writing requirements to examples_rclpy_minimal_client.egg-info/requires.txt
[1.483s] writing top-level names to examples_rclpy_minimal_client.egg-info/top_level.txt
[1.526s] reading manifest file 'examples_rclpy_minimal_client.egg-info/SOURCES.txt'
[1.527s] writing manifest file 'examples_rclpy_minimal_client.egg-info/SOURCES.txt'
[1.576s] running build_ext
[1.576s] Creating /home/ubuntu/ros2_ws/install/examples_rclpy_minimal_client/lib/python3.8/site-packages/examples-rclpy-minimal-client.egg-link (link to .)
[1.577s] Installing client script to /home/ubuntu/ros2_ws/install/examples_rclpy_minimal_client/lib/examples_rclpy_minimal_client
[1.577s] Installing client_async script to /home/ubuntu/ros2_ws/install/examples_rclpy_minimal_client/lib/examples_rclpy_minimal_client
[1.577s] Installing client_async_callback script to /home/ubuntu/ros2_ws/install/examples_rclpy_minimal_client/lib/examples_rclpy_minimal_client
[1.577s] Installing client_async_member_function script to /home/ubuntu/ros2_ws/install/examples_rclpy_minimal_client/lib/examples_rclpy_minimal_client
[1.577s] 
[1.577s] Installed /home/ubuntu/ros2_ws/build/examples_rclpy_minimal_client
[1.578s] running install_data
[1.609s] Invoked command in '/home/ubuntu/ros2_ws/build/examples_rclpy_minimal_client' returned '0': PYTHONPATH=/home/ubuntu/ros2_ws/install/examples_rclpy_minimal_client/lib/python3.8/site-packages:${PYTHONPATH} /usr/bin/python3 setup.py develop --prefix /home/ubuntu/ros2_ws/install/examples_rclpy_minimal_client --editable --build-directory /home/ubuntu/ros2_ws/build/examples_rclpy_minimal_client/build --no-deps install_data --install-dir /home/ubuntu/ros2_ws/install/examples_rclpy_minimal_client
