[0.947s] Invoking command in '/home/ubuntu/ros2_ws/build/examples_rclpy_executors': PYTHONPATH=/home/ubuntu/ros2_ws/install/examples_rclpy_executors/lib/python3.8/site-packages:${PYTHONPATH} /usr/bin/python3 setup.py develop --prefix /home/ubuntu/ros2_ws/install/examples_rclpy_executors --editable --build-directory /home/ubuntu/ros2_ws/build/examples_rclpy_executors/build --no-deps install_data --install-dir /home/ubuntu/ros2_ws/install/examples_rclpy_executors
[1.303s] running develop
[1.522s] running egg_info
[1.522s] writing examples_rclpy_executors.egg-info/PKG-INFO
[1.522s] writing dependency_links to examples_rclpy_executors.egg-info/dependency_links.txt
[1.523s] writing entry points to examples_rclpy_executors.egg-info/entry_points.txt
[1.523s] writing requirements to examples_rclpy_executors.egg-info/requires.txt
[1.523s] writing top-level names to examples_rclpy_executors.egg-info/top_level.txt
[1.566s] reading manifest file 'examples_rclpy_executors.egg-info/SOURCES.txt'
[1.568s] writing manifest file 'examples_rclpy_executors.egg-info/SOURCES.txt'
[1.616s] running build_ext
[1.616s] Creating /home/ubuntu/ros2_ws/install/examples_rclpy_executors/lib/python3.8/site-packages/examples-rclpy-executors.egg-link (link to .)
[1.618s] Installing callback_group script to /home/ubuntu/ros2_ws/install/examples_rclpy_executors/lib/examples_rclpy_executors
[1.618s] Installing composed script to /home/ubuntu/ros2_ws/install/examples_rclpy_executors/lib/examples_rclpy_executors
[1.618s] Installing custom_callback_group script to /home/ubuntu/ros2_ws/install/examples_rclpy_executors/lib/examples_rclpy_executors
[1.619s] Installing custom_executor script to /home/ubuntu/ros2_ws/install/examples_rclpy_executors/lib/examples_rclpy_executors
[1.619s] Installing listener script to /home/ubuntu/ros2_ws/install/examples_rclpy_executors/lib/examples_rclpy_executors
[1.620s] Installing talker script to /home/ubuntu/ros2_ws/install/examples_rclpy_executors/lib/examples_rclpy_executors
[1.620s] 
[1.620s] Installed /home/ubuntu/ros2_ws/build/examples_rclpy_executors
[1.620s] running install_data
[1.653s] Invoked command in '/home/ubuntu/ros2_ws/build/examples_rclpy_executors' returned '0': PYTHONPATH=/home/ubuntu/ros2_ws/install/examples_rclpy_executors/lib/python3.8/site-packages:${PYTHONPATH} /usr/bin/python3 setup.py develop --prefix /home/ubuntu/ros2_ws/install/examples_rclpy_executors --editable --build-directory /home/ubuntu/ros2_ws/build/examples_rclpy_executors/build --no-deps install_data --install-dir /home/ubuntu/ros2_ws/install/examples_rclpy_executors
