-- Found ament_cmake: 0.9.9 (/opt/ros/foxy/share/ament_cmake/cmake)
-- Using PYTHON_EXECUTABLE: /usr/bin/python3
-- Override CMake install command with custom implementation using symlinks instead of copying resources
-- Found std_msgs: 2.0.5 (/opt/ros/foxy/share/std_msgs/cmake)
-- Using all available rosidl_typesupport_c: rosidl_typesupport_fastrtps_c;rosidl_typesupport_introspection_c
-- Found rosidl_adapter: 1.2.1 (/opt/ros/foxy/share/rosidl_adapter/cmake)
-- Using all available rosidl_typesupport_cpp: rosidl_typesupport_fastrtps_cpp;rosidl_typesupport_introspection_cpp
-- Found rclcpp: 2.4.1 (/opt/ros/foxy/share/rclcpp/cmake)
-- Found rmw_implementation_cmake: 1.0.3 (/opt/ros/foxy/share/rmw_implementation_cmake/cmake)
-- Using RMW implementation 'rmw_fastrtps_cpp' as default
-- Found geometry_msgs: 2.0.5 (/opt/ros/foxy/share/geometry_msgs/cmake)
-- Found ament_lint_auto: 0.9.6 (/opt/ros/foxy/share/ament_lint_auto/cmake)
-- Added test 'copyright' to check source files copyright and LICENSE
-- Added test 'lint_cmake' to check CMake code style
-- Added test 'xmllint' to check XML markup files
-- Configuring done
-- Generating done
-- Build files have been written to: /home/ubuntu/ros2_ws/build/ros2_course_cpp
-- Install configuration: ""
-- Execute custom install script
-- Symlinking: /home/ubuntu/ros2_ws/install/ros2_course_cpp/share/ament_index/resource_index/package_run_dependencies/ros2_course_cpp
-- Symlinking: /home/ubuntu/ros2_ws/install/ros2_course_cpp/share/ament_index/resource_index/parent_prefix_path/ros2_course_cpp
-- Symlinking: /home/ubuntu/ros2_ws/install/ros2_course_cpp/share/ros2_course_cpp/environment/ament_prefix_path.sh
-- Symlinking: /home/ubuntu/ros2_ws/install/ros2_course_cpp/share/ros2_course_cpp/environment/ament_prefix_path.dsv
-- Symlinking: /home/ubuntu/ros2_ws/install/ros2_course_cpp/share/ros2_course_cpp/environment/path.sh
-- Symlinking: /home/ubuntu/ros2_ws/install/ros2_course_cpp/share/ros2_course_cpp/environment/path.dsv
-- Symlinking: /home/ubuntu/ros2_ws/install/ros2_course_cpp/share/ros2_course_cpp/local_setup.bash
-- Symlinking: /home/ubuntu/ros2_ws/install/ros2_course_cpp/share/ros2_course_cpp/local_setup.sh
-- Symlinking: /home/ubuntu/ros2_ws/install/ros2_course_cpp/share/ros2_course_cpp/local_setup.zsh
-- Symlinking: /home/ubuntu/ros2_ws/install/ros2_course_cpp/share/ros2_course_cpp/local_setup.dsv
-- Symlinking: /home/ubuntu/ros2_ws/install/ros2_course_cpp/share/ros2_course_cpp/package.dsv
-- Symlinking: /home/ubuntu/ros2_ws/install/ros2_course_cpp/share/ament_index/resource_index/packages/ros2_course_cpp
-- Symlinking: /home/ubuntu/ros2_ws/install/ros2_course_cpp/share/ros2_course_cpp/cmake/ros2_course_cppConfig.cmake
-- Symlinking: /home/ubuntu/ros2_ws/install/ros2_course_cpp/share/ros2_course_cpp/cmake/ros2_course_cppConfig-version.cmake
-- Symlinking: /home/ubuntu/ros2_ws/install/ros2_course_cpp/share/ros2_course_cpp/package.xml
